Loading python/3.10.16/gokvai4
  Loading requirement: gcc-runtime/13.2.0/yimvxxm bzip2/1.0.8/itttwfv
    gcc-runtime/13.2.0/s3f7i6x libmd/1.0.4/ngvfltj libbsd/0.12.1/6of6olc
    expat/2.6.2/zoq445h ncurses/6.4/zqsx2w2 readline/8.2/hmsgdsx
    gdbm/1.23/gtrssid libiconv/1.17/pmxhi4x xz/5.4.6/uxouxrg
    zlib-ng/2.1.5/uctcqfl libxml2/2.10.3/vdqe2g3 pigz/2.8/pmmdaqf
    zstd/1.5.5/juuobg2 tar/1.34/5prin2y gettext/0.22.4/iy5z4el
    libffi/3.4.4/vqf2avv libxcrypt/4.4.35/vng2vef openssl/3.4.0/pholr53
    sqlite/3.43.2/o22u32h util-linux-uuid/2.38.1/2x7vfxr
[I 2025-11-18 17:35:28,352] A new study created in RDB with name: tcn_shark_real_data

  0%|          | 0/200 [00:00<?, ?it/s]
                                       

  0%|          | 0/200 [01:32<?, ?it/s]
Best trial: 0. Best value: 0.398866:   0%|          | 0/200 [01:32<?, ?it/s]
Best trial: 0. Best value: 0.398866:   0%|          | 1/200 [01:32<5:05:47, 92.20s/it]
                                                                                      

Best trial: 0. Best value: 0.398866:   0%|          | 1/200 [01:40<5:05:47, 92.20s/it]
Best trial: 0. Best value: 0.398866:   0%|          | 1/200 [01:40<5:05:47, 92.20s/it]
Best trial: 0. Best value: 0.398866:   1%|          | 2/200 [01:40<2:21:07, 42.77s/it]
                                                                                      

Best trial: 0. Best value: 0.398866:   1%|          | 2/200 [02:47<2:21:07, 42.77s/it]
Best trial: 2. Best value: 0.466672:   1%|          | 2/200 [02:47<2:21:07, 42.77s/it]
Best trial: 2. Best value: 0.466672:   2%|▏         | 3/200 [02:47<2:56:16, 53.69s/it]
                                                                                      

Best trial: 2. Best value: 0.466672:   2%|▏         | 3/200 [03:07<2:56:16, 53.69s/it]
Best trial: 2. Best value: 0.466672:   2%|▏         | 3/200 [03:07<2:56:16, 53.69s/it]
Best trial: 2. Best value: 0.466672:   2%|▏         | 4/200 [03:07<2:12:42, 40.63s/it]
                                                                                      

Best trial: 2. Best value: 0.466672:   2%|▏         | 4/200 [03:37<2:12:42, 40.63s/it]
Best trial: 2. Best value: 0.466672:   2%|▏         | 4/200 [03:37<2:12:42, 40.63s/it]
Best trial: 2. Best value: 0.466672:   2%|▎         | 5/200 [03:37<1:59:04, 36.64s/it]
                                                                                      

Best trial: 2. Best value: 0.466672:   2%|▎         | 5/200 [04:30<1:59:04, 36.64s/it]
Best trial: 5. Best value: 0.555013:   2%|▎         | 5/200 [04:30<1:59:04, 36.64s/it]
Best trial: 5. Best value: 0.555013:   3%|▎         | 6/200 [04:30<2:16:50, 42.32s/it]
                                                                                      

Best trial: 5. Best value: 0.555013:   3%|▎         | 6/200 [04:43<2:16:50, 42.32s/it]
Best trial: 6. Best value: 0.643976:   3%|▎         | 6/200 [04:43<2:16:50, 42.32s/it]
Best trial: 6. Best value: 0.643976:   4%|▎         | 7/200 [04:43<1:45:26, 32.78s/it]
                                                                                      

Best trial: 6. Best value: 0.643976:   4%|▎         | 7/200 [06:11<1:45:26, 32.78s/it]
Best trial: 7. Best value: 0.83765:   4%|▎         | 7/200 [06:11<1:45:26, 32.78s/it] 
Best trial: 7. Best value: 0.83765:   4%|▍         | 8/200 [06:11<2:40:39, 50.20s/it]
                                                                                     

Best trial: 7. Best value: 0.83765:   4%|▍         | 8/200 [13:26<2:40:39, 50.20s/it]
Best trial: 8. Best value: 0.923977:   4%|▍         | 8/200 [13:26<2:40:39, 50.20s/it]
Best trial: 8. Best value: 0.923977:   4%|▍         | 9/200 [13:26<9:03:31, 170.74s/it]
                                                                                       

Best trial: 8. Best value: 0.923977:   4%|▍         | 9/200 [14:04<9:03:31, 170.74s/it]
Best trial: 8. Best value: 0.923977:   4%|▍         | 9/200 [14:04<9:03:31, 170.74s/it]
Best trial: 8. Best value: 0.923977:   5%|▌         | 10/200 [14:04<6:50:30, 129.63s/it]
                                                                                        

Best trial: 8. Best value: 0.923977:   5%|▌         | 10/200 [14:19<6:50:30, 129.63s/it]
Best trial: 8. Best value: 0.923977:   5%|▌         | 10/200 [14:19<6:50:30, 129.63s/it]
Best trial: 8. Best value: 0.923977:   6%|▌         | 11/200 [14:19<4:58:04, 94.63s/it] 
                                                                                       

Best trial: 8. Best value: 0.923977:   6%|▌         | 11/200 [16:15<4:58:04, 94.63s/it]
Best trial: 8. Best value: 0.923977:   6%|▌         | 11/200 [16:15<4:58:04, 94.63s/it]
Best trial: 8. Best value: 0.923977:   6%|▌         | 12/200 [16:15<5:16:23, 100.98s/it]
                                                                                        

Best trial: 8. Best value: 0.923977:   6%|▌         | 12/200 [16:38<5:16:23, 100.98s/it]
Best trial: 8. Best value: 0.923977:   6%|▌         | 12/200 [16:38<5:16:23, 100.98s/it]
Best trial: 8. Best value: 0.923977:   6%|▋         | 13/200 [16:38<4:01:01, 77.33s/it] 
                                                                                       

Best trial: 8. Best value: 0.923977:   6%|▋         | 13/200 [18:12<4:01:01, 77.33s/it]
Best trial: 8. Best value: 0.923977:   6%|▋         | 13/200 [18:12<4:01:01, 77.33s/it]
Best trial: 8. Best value: 0.923977:   7%|▋         | 14/200 [18:12<4:15:49, 82.52s/it]
                                                                                       

Best trial: 8. Best value: 0.923977:   7%|▋         | 14/200 [18:17<4:15:49, 82.52s/it]
Best trial: 8. Best value: 0.923977:   7%|▋         | 14/200 [18:17<4:15:49, 82.52s/it]
Best trial: 8. Best value: 0.923977:   8%|▊         | 15/200 [18:17<3:02:28, 59.18s/it]
                                                                                       

Best trial: 8. Best value: 0.923977:   8%|▊         | 15/200 [22:33<3:02:28, 59.18s/it]
Best trial: 8. Best value: 0.923977:   8%|▊         | 15/200 [22:33<3:02:28, 59.18s/it]
Best trial: 8. Best value: 0.923977:   8%|▊         | 16/200 [22:33<6:02:58, 118.36s/it]
                                                                                        

Best trial: 8. Best value: 0.923977:   8%|▊         | 16/200 [25:28<6:02:58, 118.36s/it]
Best trial: 8. Best value: 0.923977:   8%|▊         | 16/200 [25:28<6:02:58, 118.36s/it]
Best trial: 8. Best value: 0.923977:   8%|▊         | 17/200 [25:28<6:52:45, 135.33s/it]
                                                                                        

Best trial: 8. Best value: 0.923977:   8%|▊         | 17/200 [28:31<6:52:45, 135.33s/it]
Best trial: 8. Best value: 0.923977:   8%|▊         | 17/200 [28:31<6:52:45, 135.33s/it]
Best trial: 8. Best value: 0.923977:   9%|▉         | 18/200 [28:31<7:33:54, 149.64s/it]
                                                                                        

Best trial: 8. Best value: 0.923977:   9%|▉         | 18/200 [28:49<7:33:54, 149.64s/it]
Best trial: 8. Best value: 0.923977:   9%|▉         | 18/200 [28:49<7:33:54, 149.64s/it]
Best trial: 8. Best value: 0.923977:  10%|▉         | 19/200 [28:49<5:32:13, 110.13s/it]
                                                                                        

Best trial: 8. Best value: 0.923977:  10%|▉         | 19/200 [32:49<5:32:13, 110.13s/it]
Best trial: 8. Best value: 0.923977:  10%|▉         | 19/200 [32:49<5:32:13, 110.13s/it]
Best trial: 8. Best value: 0.923977:  10%|█         | 20/200 [32:49<7:27:35, 149.20s/it]
                                                                                        

Best trial: 8. Best value: 0.923977:  10%|█         | 20/200 [33:17<7:27:35, 149.20s/it]
Best trial: 8. Best value: 0.923977:  10%|█         | 20/200 [33:17<7:27:35, 149.20s/it]
Best trial: 8. Best value: 0.923977:  10%|█         | 21/200 [33:17<5:36:09, 112.68s/it]
                                                                                        

Best trial: 8. Best value: 0.923977:  10%|█         | 21/200 [36:12<5:36:09, 112.68s/it]
Best trial: 8. Best value: 0.923977:  10%|█         | 21/200 [36:12<5:36:09, 112.68s/it]
Best trial: 8. Best value: 0.923977:  11%|█         | 22/200 [36:12<6:29:34, 131.32s/it]
                                                                                        

Best trial: 8. Best value: 0.923977:  11%|█         | 22/200 [38:38<6:29:34, 131.32s/it]
Best trial: 8. Best value: 0.923977:  11%|█         | 22/200 [38:38<6:29:34, 131.32s/it]
Best trial: 8. Best value: 0.923977:  12%|█▏        | 23/200 [38:38<6:40:24, 135.73s/it]
                                                                                        

Best trial: 8. Best value: 0.923977:  12%|█▏        | 23/200 [42:07<6:40:24, 135.73s/it]
Best trial: 8. Best value: 0.923977:  12%|█▏        | 23/200 [42:07<6:40:24, 135.73s/it]
Best trial: 8. Best value: 0.923977:  12%|█▏        | 24/200 [42:07<7:43:25, 157.99s/it]
                                                                                        

Best trial: 8. Best value: 0.923977:  12%|█▏        | 24/200 [45:10<7:43:25, 157.99s/it]
Best trial: 8. Best value: 0.923977:  12%|█▏        | 24/200 [45:10<7:43:25, 157.99s/it]
Best trial: 8. Best value: 0.923977:  12%|█▎        | 25/200 [45:10<8:02:11, 165.32s/it]
                                                                                        

Best trial: 8. Best value: 0.923977:  12%|█▎        | 25/200 [45:55<8:02:11, 165.32s/it]
Best trial: 8. Best value: 0.923977:  12%|█▎        | 25/200 [45:55<8:02:11, 165.32s/it]
Best trial: 8. Best value: 0.923977:  13%|█▎        | 26/200 [45:55<6:14:46, 129.23s/it]
                                                                                        

Best trial: 8. Best value: 0.923977:  13%|█▎        | 26/200 [46:54<6:14:46, 129.23s/it]
Best trial: 8. Best value: 0.923977:  13%|█▎        | 26/200 [46:54<6:14:46, 129.23s/it]
Best trial: 8. Best value: 0.923977:  14%|█▎        | 27/200 [46:54<5:12:15, 108.30s/it]
                                                                                        

Best trial: 8. Best value: 0.923977:  14%|█▎        | 27/200 [49:51<5:12:15, 108.30s/it]
Best trial: 8. Best value: 0.923977:  14%|█▎        | 27/200 [49:51<5:12:15, 108.30s/it]
Best trial: 8. Best value: 0.923977:  14%|█▍        | 28/200 [49:51<6:08:52, 128.68s/it]
                                                                                        

Best trial: 8. Best value: 0.923977:  14%|█▍        | 28/200 [50:38<6:08:52, 128.68s/it]
Best trial: 8. Best value: 0.923977:  14%|█▍        | 28/200 [50:38<6:08:52, 128.68s/it]
Best trial: 8. Best value: 0.923977:  14%|█▍        | 29/200 [50:38<4:57:08, 104.26s/it]
                                                                                        

Best trial: 8. Best value: 0.923977:  14%|█▍        | 29/200 [51:46<4:57:08, 104.26s/it]
Best trial: 8. Best value: 0.923977:  14%|█▍        | 29/200 [51:46<4:57:08, 104.26s/it]
Best trial: 8. Best value: 0.923977:  15%|█▌        | 30/200 [51:46<4:24:44, 93.44s/it] 
                                                                                       

Best trial: 8. Best value: 0.923977:  15%|█▌        | 30/200 [54:02<4:24:44, 93.44s/it]
Best trial: 8. Best value: 0.923977:  15%|█▌        | 30/200 [54:02<4:24:44, 93.44s/it]
Best trial: 8. Best value: 0.923977:  16%|█▌        | 31/200 [54:02<4:58:46, 106.07s/it]
                                                                                        

Best trial: 8. Best value: 0.923977:  16%|█▌        | 31/200 [56:27<4:58:46, 106.07s/it]
Best trial: 8. Best value: 0.923977:  16%|█▌        | 31/200 [56:27<4:58:46, 106.07s/it]
Best trial: 8. Best value: 0.923977:  16%|█▌        | 32/200 [56:27<5:30:01, 117.87s/it]
                                                                                        

Best trial: 8. Best value: 0.923977:  16%|█▌        | 32/200 [1:00:35<5:30:01, 117.87s/it]
Best trial: 8. Best value: 0.923977:  16%|█▌        | 32/200 [1:00:35<5:30:01, 117.87s/it]
Best trial: 8. Best value: 0.923977:  16%|█▋        | 33/200 [1:00:35<7:16:36, 156.86s/it]
                                                                                          

Best trial: 8. Best value: 0.923977:  16%|█▋        | 33/200 [1:00:53<7:16:36, 156.86s/it]
Best trial: 8. Best value: 0.923977:  16%|█▋        | 33/200 [1:00:53<7:16:36, 156.86s/it]
Best trial: 8. Best value: 0.923977:  17%|█▋        | 34/200 [1:00:53<5:18:34, 115.14s/it]
                                                                                          

Best trial: 8. Best value: 0.923977:  17%|█▋        | 34/200 [1:03:23<5:18:34, 115.14s/it]
Best trial: 34. Best value: 0.944834:  17%|█▋        | 34/200 [1:03:23<5:18:34, 115.14s/it]
Best trial: 34. Best value: 0.944834:  18%|█▊        | 35/200 [1:03:23<5:45:31, 125.64s/it]
                                                                                           

Best trial: 34. Best value: 0.944834:  18%|█▊        | 35/200 [1:03:56<5:45:31, 125.64s/it]
Best trial: 34. Best value: 0.944834:  18%|█▊        | 35/200 [1:03:56<5:45:31, 125.64s/it]
Best trial: 34. Best value: 0.944834:  18%|█▊        | 36/200 [1:03:56<4:27:33, 97.89s/it] 
                                                                                          

Best trial: 34. Best value: 0.944834:  18%|█▊        | 36/200 [1:04:26<4:27:33, 97.89s/it]
Best trial: 34. Best value: 0.944834:  18%|█▊        | 36/200 [1:04:26<4:27:33, 97.89s/it]
Best trial: 34. Best value: 0.944834:  18%|█▊        | 37/200 [1:04:26<3:30:49, 77.60s/it]
                                                                                          

Best trial: 34. Best value: 0.944834:  18%|█▊        | 37/200 [1:04:46<3:30:49, 77.60s/it]
Best trial: 34. Best value: 0.944834:  18%|█▊        | 37/200 [1:04:46<3:30:49, 77.60s/it]
Best trial: 34. Best value: 0.944834:  19%|█▉        | 38/200 [1:04:46<2:42:27, 60.17s/it]
                                                                                          

Best trial: 34. Best value: 0.944834:  19%|█▉        | 38/200 [1:06:38<2:42:27, 60.17s/it]
Best trial: 34. Best value: 0.944834:  19%|█▉        | 38/200 [1:06:38<2:42:27, 60.17s/it]
Best trial: 34. Best value: 0.944834:  20%|█▉        | 39/200 [1:06:38<3:23:20, 75.78s/it]
                                                                                          

Best trial: 34. Best value: 0.944834:  20%|█▉        | 39/200 [1:06:45<3:23:20, 75.78s/it]
Best trial: 34. Best value: 0.944834:  20%|█▉        | 39/200 [1:06:45<3:23:20, 75.78s/it]
Best trial: 34. Best value: 0.944834:  20%|██        | 40/200 [1:06:45<2:27:19, 55.25s/it]
                                                                                          

Best trial: 34. Best value: 0.944834:  20%|██        | 40/200 [1:07:21<2:27:19, 55.25s/it]
Best trial: 34. Best value: 0.944834:  20%|██        | 40/200 [1:07:21<2:27:19, 55.25s/it]
Best trial: 34. Best value: 0.944834:  20%|██        | 41/200 [1:07:21<2:10:47, 49.36s/it]
                                                                                          

Best trial: 34. Best value: 0.944834:  20%|██        | 41/200 [1:10:06<2:10:47, 49.36s/it]
Best trial: 34. Best value: 0.944834:  20%|██        | 41/200 [1:10:06<2:10:47, 49.36s/it]
Best trial: 34. Best value: 0.944834:  21%|██        | 42/200 [1:10:06<3:41:07, 83.97s/it]
                                                                                          

Best trial: 34. Best value: 0.944834:  21%|██        | 42/200 [1:12:54<3:41:07, 83.97s/it]
Best trial: 34. Best value: 0.944834:  21%|██        | 42/200 [1:12:54<3:41:07, 83.97s/it]
Best trial: 34. Best value: 0.944834:  22%|██▏       | 43/200 [1:12:54<4:46:10, 109.36s/it]
                                                                                           

Best trial: 34. Best value: 0.944834:  22%|██▏       | 43/200 [1:15:02<4:46:10, 109.36s/it]
Best trial: 34. Best value: 0.944834:  22%|██▏       | 43/200 [1:15:02<4:46:10, 109.36s/it]
Best trial: 34. Best value: 0.944834:  22%|██▏       | 44/200 [1:15:02<4:58:42, 114.89s/it]
                                                                                           

Best trial: 34. Best value: 0.944834:  22%|██▏       | 44/200 [1:15:54<4:58:42, 114.89s/it]
Best trial: 34. Best value: 0.944834:  22%|██▏       | 44/200 [1:15:54<4:58:42, 114.89s/it]
Best trial: 34. Best value: 0.944834:  22%|██▎       | 45/200 [1:15:54<4:07:47, 95.92s/it] 
                                                                                          

Best trial: 34. Best value: 0.944834:  22%|██▎       | 45/200 [1:17:50<4:07:47, 95.92s/it]
Best trial: 34. Best value: 0.944834:  22%|██▎       | 45/200 [1:17:50<4:07:47, 95.92s/it]
Best trial: 34. Best value: 0.944834:  23%|██▎       | 46/200 [1:17:50<4:22:01, 102.09s/it]
                                                                                           

Best trial: 34. Best value: 0.944834:  23%|██▎       | 46/200 [1:17:59<4:22:01, 102.09s/it]
Best trial: 34. Best value: 0.944834:  23%|██▎       | 46/200 [1:17:59<4:22:01, 102.09s/it]
Best trial: 34. Best value: 0.944834:  24%|██▎       | 47/200 [1:17:59<3:08:47, 74.04s/it] 
                                                                                          

Best trial: 34. Best value: 0.944834:  24%|██▎       | 47/200 [1:18:17<3:08:47, 74.04s/it]
Best trial: 34. Best value: 0.944834:  24%|██▎       | 47/200 [1:18:17<3:08:47, 74.04s/it]
Best trial: 34. Best value: 0.944834:  24%|██▍       | 48/200 [1:18:17<2:25:02, 57.25s/it]
                                                                                          

Best trial: 34. Best value: 0.944834:  24%|██▍       | 48/200 [1:18:23<2:25:02, 57.25s/it]
Best trial: 34. Best value: 0.944834:  24%|██▍       | 48/200 [1:18:23<2:25:02, 57.25s/it]
Best trial: 34. Best value: 0.944834:  24%|██▍       | 49/200 [1:18:23<1:45:12, 41.80s/it]
                                                                                          

Best trial: 34. Best value: 0.944834:  24%|██▍       | 49/200 [1:18:43<1:45:12, 41.80s/it]
Best trial: 34. Best value: 0.944834:  24%|██▍       | 49/200 [1:18:43<1:45:12, 41.80s/it]
Best trial: 34. Best value: 0.944834:  25%|██▌       | 50/200 [1:18:43<1:28:08, 35.26s/it]
                                                                                          

Best trial: 34. Best value: 0.944834:  25%|██▌       | 50/200 [1:21:17<1:28:08, 35.26s/it]
Best trial: 34. Best value: 0.944834:  25%|██▌       | 50/200 [1:21:17<1:28:08, 35.26s/it]
Best trial: 34. Best value: 0.944834:  26%|██▌       | 51/200 [1:21:17<2:56:11, 70.95s/it]
                                                                                          

Best trial: 34. Best value: 0.944834:  26%|██▌       | 51/200 [1:26:00<2:56:11, 70.95s/it]
Best trial: 34. Best value: 0.944834:  26%|██▌       | 51/200 [1:26:00<2:56:11, 70.95s/it]
Best trial: 34. Best value: 0.944834:  26%|██▌       | 52/200 [1:26:00<5:32:20, 134.73s/it]
                                                                                           

Best trial: 34. Best value: 0.944834:  26%|██▌       | 52/200 [1:30:45<5:32:20, 134.73s/it]
Best trial: 34. Best value: 0.944834:  26%|██▌       | 52/200 [1:30:45<5:32:20, 134.73s/it]
Best trial: 34. Best value: 0.944834:  26%|██▋       | 53/200 [1:30:45<7:20:03, 179.61s/it]
                                                                                           

Best trial: 34. Best value: 0.944834:  26%|██▋       | 53/200 [1:35:28<7:20:03, 179.61s/it]
Best trial: 34. Best value: 0.944834:  26%|██▋       | 53/200 [1:35:28<7:20:03, 179.61s/it]
Best trial: 34. Best value: 0.944834:  27%|██▋       | 54/200 [1:35:28<8:33:02, 210.84s/it]
                                                                                           

Best trial: 34. Best value: 0.944834:  27%|██▋       | 54/200 [1:38:02<8:33:02, 210.84s/it]
Best trial: 34. Best value: 0.944834:  27%|██▋       | 54/200 [1:38:02<8:33:02, 210.84s/it]
Best trial: 34. Best value: 0.944834:  28%|██▊       | 55/200 [1:38:02<7:47:46, 193.56s/it]
                                                                                           

Best trial: 34. Best value: 0.944834:  28%|██▊       | 55/200 [1:41:34<7:47:46, 193.56s/it]
Best trial: 34. Best value: 0.944834:  28%|██▊       | 55/200 [1:41:34<7:47:46, 193.56s/it]
Best trial: 34. Best value: 0.944834:  28%|██▊       | 56/200 [1:41:34<7:57:45, 199.06s/it]
                                                                                           

Best trial: 34. Best value: 0.944834:  28%|██▊       | 56/200 [1:42:16<7:57:45, 199.06s/it]
Best trial: 34. Best value: 0.944834:  28%|██▊       | 56/200 [1:42:16<7:57:45, 199.06s/it]
Best trial: 34. Best value: 0.944834:  28%|██▊       | 57/200 [1:42:16<6:02:05, 151.93s/it]
                                                                                           

Best trial: 34. Best value: 0.944834:  28%|██▊       | 57/200 [1:43:46<6:02:05, 151.93s/it]
Best trial: 34. Best value: 0.944834:  28%|██▊       | 57/200 [1:43:46<6:02:05, 151.93s/it]
Best trial: 34. Best value: 0.944834:  29%|██▉       | 58/200 [1:43:46<5:16:02, 133.54s/it]
                                                                                           

Best trial: 34. Best value: 0.944834:  29%|██▉       | 58/200 [1:44:38<5:16:02, 133.54s/it]
Best trial: 34. Best value: 0.944834:  29%|██▉       | 58/200 [1:44:38<5:16:02, 133.54s/it]
Best trial: 34. Best value: 0.944834:  30%|██▉       | 59/200 [1:44:38<4:16:20, 109.08s/it]
                                                                                           

Best trial: 34. Best value: 0.944834:  30%|██▉       | 59/200 [1:46:51<4:16:20, 109.08s/it]
Best trial: 34. Best value: 0.944834:  30%|██▉       | 59/200 [1:46:51<4:16:20, 109.08s/it]
Best trial: 34. Best value: 0.944834:  30%|███       | 60/200 [1:46:51<4:31:17, 116.27s/it]
                                                                                           

Best trial: 34. Best value: 0.944834:  30%|███       | 60/200 [1:48:07<4:31:17, 116.27s/it]
Best trial: 60. Best value: 0.962733:  30%|███       | 60/200 [1:48:07<4:31:17, 116.27s/it]
Best trial: 60. Best value: 0.962733:  30%|███       | 61/200 [1:48:07<4:01:23, 104.20s/it]
                                                                                           

Best trial: 60. Best value: 0.962733:  30%|███       | 61/200 [1:48:25<4:01:23, 104.20s/it]
Best trial: 60. Best value: 0.962733:  30%|███       | 61/200 [1:48:25<4:01:23, 104.20s/it]
Best trial: 60. Best value: 0.962733:  31%|███       | 62/200 [1:48:25<2:59:48, 78.18s/it] 
                                                                                          

Best trial: 60. Best value: 0.962733:  31%|███       | 62/200 [1:48:42<2:59:48, 78.18s/it]
Best trial: 60. Best value: 0.962733:  31%|███       | 62/200 [1:48:42<2:59:48, 78.18s/it]
Best trial: 60. Best value: 0.962733:  32%|███▏      | 63/200 [1:48:42<2:17:06, 60.05s/it]
                                                                                          

Best trial: 60. Best value: 0.962733:  32%|███▏      | 63/200 [1:48:58<2:17:06, 60.05s/it]
Best trial: 60. Best value: 0.962733:  32%|███▏      | 63/200 [1:48:58<2:17:06, 60.05s/it]
Best trial: 60. Best value: 0.962733:  32%|███▏      | 64/200 [1:48:58<1:46:08, 46.83s/it]
                                                                                          

Best trial: 60. Best value: 0.962733:  32%|███▏      | 64/200 [1:50:13<1:46:08, 46.83s/it]
Best trial: 60. Best value: 0.962733:  32%|███▏      | 64/200 [1:50:13<1:46:08, 46.83s/it]
Best trial: 60. Best value: 0.962733:  32%|███▎      | 65/200 [1:50:13<2:04:03, 55.14s/it]
                                                                                          

Best trial: 60. Best value: 0.962733:  32%|███▎      | 65/200 [1:51:18<2:04:03, 55.14s/it]
Best trial: 60. Best value: 0.962733:  32%|███▎      | 65/200 [1:51:18<2:04:03, 55.14s/it]
Best trial: 60. Best value: 0.962733:  33%|███▎      | 66/200 [1:51:18<2:10:02, 58.23s/it]
                                                                                          

Best trial: 60. Best value: 0.962733:  33%|███▎      | 66/200 [1:51:36<2:10:02, 58.23s/it]
Best trial: 60. Best value: 0.962733:  33%|███▎      | 66/200 [1:51:36<2:10:02, 58.23s/it]
Best trial: 60. Best value: 0.962733:  34%|███▎      | 67/200 [1:51:36<1:42:10, 46.10s/it]
                                                                                          

Best trial: 60. Best value: 0.962733:  34%|███▎      | 67/200 [1:51:48<1:42:10, 46.10s/it]
Best trial: 60. Best value: 0.962733:  34%|███▎      | 67/200 [1:51:48<1:42:10, 46.10s/it]
Best trial: 60. Best value: 0.962733:  34%|███▍      | 68/200 [1:51:48<1:18:32, 35.70s/it]
                                                                                          

Best trial: 60. Best value: 0.962733:  34%|███▍      | 68/200 [1:52:03<1:18:32, 35.70s/it]
Best trial: 60. Best value: 0.962733:  34%|███▍      | 68/200 [1:52:03<1:18:32, 35.70s/it]
Best trial: 60. Best value: 0.962733:  34%|███▍      | 69/200 [1:52:03<1:04:44, 29.65s/it]
                                                                                          

Best trial: 60. Best value: 0.962733:  34%|███▍      | 69/200 [1:52:21<1:04:44, 29.65s/it]
Best trial: 60. Best value: 0.962733:  34%|███▍      | 69/200 [1:52:21<1:04:44, 29.65s/it]
Best trial: 60. Best value: 0.962733:  35%|███▌      | 70/200 [1:52:21<56:32, 26.09s/it]  
                                                                                        

Best trial: 60. Best value: 0.962733:  35%|███▌      | 70/200 [1:52:40<56:32, 26.09s/it]
Best trial: 60. Best value: 0.962733:  35%|███▌      | 70/200 [1:52:40<56:32, 26.09s/it]
Best trial: 60. Best value: 0.962733:  36%|███▌      | 71/200 [1:52:40<51:43, 24.06s/it]
                                                                                        

Best trial: 60. Best value: 0.962733:  36%|███▌      | 71/200 [1:52:58<51:43, 24.06s/it]
Best trial: 60. Best value: 0.962733:  36%|███▌      | 71/200 [1:52:58<51:43, 24.06s/it]
Best trial: 60. Best value: 0.962733:  36%|███▌      | 72/200 [1:52:58<47:17, 22.17s/it]
                                                                                        

Best trial: 60. Best value: 0.962733:  36%|███▌      | 72/200 [1:53:59<47:17, 22.17s/it]
Best trial: 60. Best value: 0.962733:  36%|███▌      | 72/200 [1:53:59<47:17, 22.17s/it]
Best trial: 60. Best value: 0.962733:  36%|███▋      | 73/200 [1:53:59<1:11:20, 33.71s/it]
                                                                                          

Best trial: 60. Best value: 0.962733:  36%|███▋      | 73/200 [1:54:16<1:11:20, 33.71s/it]
Best trial: 60. Best value: 0.962733:  36%|███▋      | 73/200 [1:54:16<1:11:20, 33.71s/it]
Best trial: 60. Best value: 0.962733:  37%|███▋      | 74/200 [1:54:16<1:00:38, 28.88s/it]
                                                                                          

Best trial: 60. Best value: 0.962733:  37%|███▋      | 74/200 [1:54:34<1:00:38, 28.88s/it]
Best trial: 60. Best value: 0.962733:  37%|███▋      | 74/200 [1:54:34<1:00:38, 28.88s/it]
Best trial: 60. Best value: 0.962733:  38%|███▊      | 75/200 [1:54:34<53:11, 25.53s/it]  
                                                                                        

Best trial: 60. Best value: 0.962733:  38%|███▊      | 75/200 [1:54:48<53:11, 25.53s/it]
Best trial: 60. Best value: 0.962733:  38%|███▊      | 75/200 [1:54:48<53:11, 25.53s/it]
Best trial: 60. Best value: 0.962733:  38%|███▊      | 76/200 [1:54:48<45:28, 22.00s/it]
                                                                                        

Best trial: 60. Best value: 0.962733:  38%|███▊      | 76/200 [1:55:05<45:28, 22.00s/it]
Best trial: 60. Best value: 0.962733:  38%|███▊      | 76/200 [1:55:05<45:28, 22.00s/it]
Best trial: 60. Best value: 0.962733:  38%|███▊      | 77/200 [1:55:05<42:24, 20.69s/it]
                                                                                        

Best trial: 60. Best value: 0.962733:  38%|███▊      | 77/200 [1:55:16<42:24, 20.69s/it]
Best trial: 60. Best value: 0.962733:  38%|███▊      | 77/200 [1:55:16<42:24, 20.69s/it]
Best trial: 60. Best value: 0.962733:  39%|███▉      | 78/200 [1:55:16<35:50, 17.63s/it]
                                                                                        

Best trial: 60. Best value: 0.962733:  39%|███▉      | 78/200 [1:55:34<35:50, 17.63s/it]
Best trial: 60. Best value: 0.962733:  39%|███▉      | 78/200 [1:55:34<35:50, 17.63s/it]
Best trial: 60. Best value: 0.962733:  40%|███▉      | 79/200 [1:55:34<35:34, 17.64s/it]
                                                                                        

Best trial: 60. Best value: 0.962733:  40%|███▉      | 79/200 [1:55:42<35:34, 17.64s/it]
Best trial: 60. Best value: 0.962733:  40%|███▉      | 79/200 [1:55:42<35:34, 17.64s/it]
Best trial: 60. Best value: 0.962733:  40%|████      | 80/200 [1:55:42<29:30, 14.75s/it]
                                                                                        

Best trial: 60. Best value: 0.962733:  40%|████      | 80/200 [1:55:58<29:30, 14.75s/it]
Best trial: 60. Best value: 0.962733:  40%|████      | 80/200 [1:55:58<29:30, 14.75s/it]
Best trial: 60. Best value: 0.962733:  40%|████      | 81/200 [1:55:58<30:22, 15.31s/it]
                                                                                        

Best trial: 60. Best value: 0.962733:  40%|████      | 81/200 [1:56:54<30:22, 15.31s/it]
Best trial: 60. Best value: 0.962733:  40%|████      | 81/200 [1:56:54<30:22, 15.31s/it]
Best trial: 60. Best value: 0.962733:  41%|████      | 82/200 [1:56:54<53:55, 27.42s/it]
                                                                                        

Best trial: 60. Best value: 0.962733:  41%|████      | 82/200 [1:57:11<53:55, 27.42s/it]
Best trial: 60. Best value: 0.962733:  41%|████      | 82/200 [1:57:11<53:55, 27.42s/it]
Best trial: 60. Best value: 0.962733:  42%|████▏     | 83/200 [1:57:11<47:44, 24.48s/it]
                                                                                        

Best trial: 60. Best value: 0.962733:  42%|████▏     | 83/200 [1:57:29<47:44, 24.48s/it]
Best trial: 60. Best value: 0.962733:  42%|████▏     | 83/200 [1:57:29<47:44, 24.48s/it]
Best trial: 60. Best value: 0.962733:  42%|████▏     | 84/200 [1:57:29<43:23, 22.44s/it]
                                                                                        

Best trial: 60. Best value: 0.962733:  42%|████▏     | 84/200 [1:57:47<43:23, 22.44s/it]
Best trial: 60. Best value: 0.962733:  42%|████▏     | 84/200 [1:57:47<43:23, 22.44s/it]
Best trial: 60. Best value: 0.962733:  42%|████▎     | 85/200 [1:57:47<40:18, 21.03s/it]
                                                                                        

Best trial: 60. Best value: 0.962733:  42%|████▎     | 85/200 [1:58:14<40:18, 21.03s/it]
Best trial: 60. Best value: 0.962733:  42%|████▎     | 85/200 [1:58:14<40:18, 21.03s/it]
Best trial: 60. Best value: 0.962733:  43%|████▎     | 86/200 [1:58:14<43:10, 22.72s/it]
                                                                                        

Best trial: 60. Best value: 0.962733:  43%|████▎     | 86/200 [1:58:31<43:10, 22.72s/it]
Best trial: 60. Best value: 0.962733:  43%|████▎     | 86/200 [1:58:31<43:10, 22.72s/it]
Best trial: 60. Best value: 0.962733:  44%|████▎     | 87/200 [1:58:31<39:58, 21.22s/it]
                                                                                        

Best trial: 60. Best value: 0.962733:  44%|████▎     | 87/200 [1:58:45<39:58, 21.22s/it]
Best trial: 60. Best value: 0.962733:  44%|████▎     | 87/200 [1:58:45<39:58, 21.22s/it]
Best trial: 60. Best value: 0.962733:  44%|████▍     | 88/200 [1:58:45<35:16, 18.90s/it]
                                                                                        

Best trial: 60. Best value: 0.962733:  44%|████▍     | 88/200 [1:58:49<35:16, 18.90s/it]
Best trial: 60. Best value: 0.962733:  44%|████▍     | 88/200 [1:58:49<35:16, 18.90s/it]
Best trial: 60. Best value: 0.962733:  44%|████▍     | 89/200 [1:58:49<27:05, 14.65s/it]
                                                                                        

Best trial: 60. Best value: 0.962733:  44%|████▍     | 89/200 [1:59:10<27:05, 14.65s/it]
Best trial: 60. Best value: 0.962733:  44%|████▍     | 89/200 [1:59:10<27:05, 14.65s/it]
Best trial: 60. Best value: 0.962733:  45%|████▌     | 90/200 [1:59:10<30:13, 16.48s/it]
                                                                                        

Best trial: 60. Best value: 0.962733:  45%|████▌     | 90/200 [2:00:16<30:13, 16.48s/it]
Best trial: 60. Best value: 0.962733:  45%|████▌     | 90/200 [2:00:16<30:13, 16.48s/it]
Best trial: 60. Best value: 0.962733:  46%|████▌     | 91/200 [2:00:16<56:45, 31.24s/it]
                                                                                        

Best trial: 60. Best value: 0.962733:  46%|████▌     | 91/200 [2:01:40<56:45, 31.24s/it]
Best trial: 91. Best value: 0.962796:  46%|████▌     | 91/200 [2:01:40<56:45, 31.24s/it]
Best trial: 91. Best value: 0.962796:  46%|████▌     | 92/200 [2:01:40<1:24:57, 47.20s/it]
                                                                                          

Best trial: 91. Best value: 0.962796:  46%|████▌     | 92/200 [2:02:41<1:24:57, 47.20s/it]
Best trial: 91. Best value: 0.962796:  46%|████▌     | 92/200 [2:02:41<1:24:57, 47.20s/it]
Best trial: 91. Best value: 0.962796:  46%|████▋     | 93/200 [2:02:41<1:31:23, 51.24s/it]
                                                                                          

Best trial: 91. Best value: 0.962796:  46%|████▋     | 93/200 [2:03:42<1:31:23, 51.24s/it]
Best trial: 91. Best value: 0.962796:  46%|████▋     | 93/200 [2:03:42<1:31:23, 51.24s/it]
Best trial: 91. Best value: 0.962796:  47%|████▋     | 94/200 [2:03:42<1:35:52, 54.27s/it]
                                                                                          

Best trial: 91. Best value: 0.962796:  47%|████▋     | 94/200 [2:04:42<1:35:52, 54.27s/it]
Best trial: 91. Best value: 0.962796:  47%|████▋     | 94/200 [2:04:42<1:35:52, 54.27s/it]
Best trial: 91. Best value: 0.962796:  48%|████▊     | 95/200 [2:04:42<1:37:45, 55.87s/it]
                                                                                          

Best trial: 91. Best value: 0.962796:  48%|████▊     | 95/200 [2:05:46<1:37:45, 55.87s/it]
Best trial: 91. Best value: 0.962796:  48%|████▊     | 95/200 [2:05:46<1:37:45, 55.87s/it]
Best trial: 91. Best value: 0.962796:  48%|████▊     | 96/200 [2:05:46<1:40:55, 58.22s/it]
                                                                                          

Best trial: 91. Best value: 0.962796:  48%|████▊     | 96/200 [2:06:03<1:40:55, 58.22s/it]
Best trial: 91. Best value: 0.962796:  48%|████▊     | 96/200 [2:06:03<1:40:55, 58.22s/it]
Best trial: 91. Best value: 0.962796:  48%|████▊     | 97/200 [2:06:03<1:19:06, 46.08s/it]
                                                                                          

Best trial: 91. Best value: 0.962796:  48%|████▊     | 97/200 [2:06:23<1:19:06, 46.08s/it]
Best trial: 91. Best value: 0.962796:  48%|████▊     | 97/200 [2:06:23<1:19:06, 46.08s/it]
Best trial: 91. Best value: 0.962796:  49%|████▉     | 98/200 [2:06:23<1:04:46, 38.10s/it]
                                                                                          

Best trial: 91. Best value: 0.962796:  49%|████▉     | 98/200 [2:06:36<1:04:46, 38.10s/it]
Best trial: 91. Best value: 0.962796:  49%|████▉     | 98/200 [2:06:36<1:04:46, 38.10s/it]
Best trial: 91. Best value: 0.962796:  50%|████▉     | 99/200 [2:06:36<51:39, 30.69s/it]  
                                                                                        

Best trial: 91. Best value: 0.962796:  50%|████▉     | 99/200 [2:06:55<51:39, 30.69s/it]
Best trial: 91. Best value: 0.962796:  50%|████▉     | 99/200 [2:06:55<51:39, 30.69s/it]
Best trial: 91. Best value: 0.962796:  50%|█████     | 100/200 [2:06:55<45:18, 27.18s/it]
                                                                                         

Best trial: 91. Best value: 0.962796:  50%|█████     | 100/200 [2:07:09<45:18, 27.18s/it]
Best trial: 91. Best value: 0.962796:  50%|█████     | 100/200 [2:07:09<45:18, 27.18s/it]
Best trial: 91. Best value: 0.962796:  50%|█████     | 101/200 [2:07:09<38:23, 23.26s/it]
                                                                                         

Best trial: 91. Best value: 0.962796:  50%|█████     | 101/200 [2:08:34<38:23, 23.26s/it]
Best trial: 101. Best value: 0.963707:  50%|█████     | 101/200 [2:08:34<38:23, 23.26s/it]
Best trial: 101. Best value: 0.963707:  51%|█████     | 102/200 [2:08:34<1:08:15, 41.79s/it]
                                                                                            

Best trial: 101. Best value: 0.963707:  51%|█████     | 102/200 [2:09:41<1:08:15, 41.79s/it]
Best trial: 102. Best value: 0.965621:  51%|█████     | 102/200 [2:09:41<1:08:15, 41.79s/it]
Best trial: 102. Best value: 0.965621:  52%|█████▏    | 103/200 [2:09:41<1:19:31, 49.19s/it]
                                                                                            

Best trial: 102. Best value: 0.965621:  52%|█████▏    | 103/200 [2:10:47<1:19:31, 49.19s/it]
Best trial: 102. Best value: 0.965621:  52%|█████▏    | 103/200 [2:10:47<1:19:31, 49.19s/it]
Best trial: 102. Best value: 0.965621:  52%|█████▏    | 104/200 [2:10:47<1:26:49, 54.27s/it]
                                                                                            

Best trial: 102. Best value: 0.965621:  52%|█████▏    | 104/200 [2:12:07<1:26:49, 54.27s/it]
Best trial: 102. Best value: 0.965621:  52%|█████▏    | 104/200 [2:12:07<1:26:49, 54.27s/it]
Best trial: 102. Best value: 0.965621:  52%|█████▎    | 105/200 [2:12:07<1:38:03, 61.93s/it]
                                                                                            

Best trial: 102. Best value: 0.965621:  52%|█████▎    | 105/200 [2:12:40<1:38:03, 61.93s/it]
Best trial: 102. Best value: 0.965621:  52%|█████▎    | 105/200 [2:12:40<1:38:03, 61.93s/it]
Best trial: 102. Best value: 0.965621:  53%|█████▎    | 106/200 [2:12:40<1:23:22, 53.22s/it]
                                                                                            

Best trial: 102. Best value: 0.965621:  53%|█████▎    | 106/200 [2:12:57<1:23:22, 53.22s/it]
Best trial: 102. Best value: 0.965621:  53%|█████▎    | 106/200 [2:12:57<1:23:22, 53.22s/it]
Best trial: 102. Best value: 0.965621:  54%|█████▎    | 107/200 [2:12:57<1:05:58, 42.56s/it]
                                                                                            

Best trial: 102. Best value: 0.965621:  54%|█████▎    | 107/200 [2:13:44<1:05:58, 42.56s/it]
Best trial: 102. Best value: 0.965621:  54%|█████▎    | 107/200 [2:13:44<1:05:58, 42.56s/it]
Best trial: 102. Best value: 0.965621:  54%|█████▍    | 108/200 [2:13:44<1:07:02, 43.72s/it]
                                                                                            

Best trial: 102. Best value: 0.965621:  54%|█████▍    | 108/200 [2:14:02<1:07:02, 43.72s/it]
Best trial: 102. Best value: 0.965621:  54%|█████▍    | 108/200 [2:14:02<1:07:02, 43.72s/it]
Best trial: 102. Best value: 0.965621:  55%|█████▍    | 109/200 [2:14:02<54:28, 35.91s/it]  
                                                                                          

Best trial: 102. Best value: 0.965621:  55%|█████▍    | 109/200 [2:14:14<54:28, 35.91s/it]
Best trial: 102. Best value: 0.965621:  55%|█████▍    | 109/200 [2:14:14<54:28, 35.91s/it]
Best trial: 102. Best value: 0.965621:  55%|█████▌    | 110/200 [2:14:14<43:15, 28.84s/it]
                                                                                          

Best trial: 102. Best value: 0.965621:  55%|█████▌    | 110/200 [2:14:32<43:15, 28.84s/it]
Best trial: 102. Best value: 0.965621:  55%|█████▌    | 110/200 [2:14:32<43:15, 28.84s/it]
Best trial: 102. Best value: 0.965621:  56%|█████▌    | 111/200 [2:14:32<37:54, 25.56s/it]
                                                                                          

Best trial: 102. Best value: 0.965621:  56%|█████▌    | 111/200 [2:14:59<37:54, 25.56s/it]
Best trial: 102. Best value: 0.965621:  56%|█████▌    | 111/200 [2:14:59<37:54, 25.56s/it]
Best trial: 102. Best value: 0.965621:  56%|█████▌    | 112/200 [2:14:59<38:10, 26.03s/it]
                                                                                          

Best trial: 102. Best value: 0.965621:  56%|█████▌    | 112/200 [2:15:53<38:10, 26.03s/it]
Best trial: 102. Best value: 0.965621:  56%|█████▌    | 112/200 [2:15:53<38:10, 26.03s/it]
Best trial: 102. Best value: 0.965621:  56%|█████▋    | 113/200 [2:15:53<49:54, 34.42s/it]
                                                                                          

Best trial: 102. Best value: 0.965621:  56%|█████▋    | 113/200 [2:16:10<49:54, 34.42s/it]
Best trial: 102. Best value: 0.965621:  56%|█████▋    | 113/200 [2:16:10<49:54, 34.42s/it]
Best trial: 102. Best value: 0.965621:  57%|█████▋    | 114/200 [2:16:10<42:03, 29.34s/it]
                                                                                          

Best trial: 102. Best value: 0.965621:  57%|█████▋    | 114/200 [2:16:30<42:03, 29.34s/it]
Best trial: 102. Best value: 0.965621:  57%|█████▋    | 114/200 [2:16:30<42:03, 29.34s/it]
Best trial: 102. Best value: 0.965621:  57%|█████▊    | 115/200 [2:16:30<37:19, 26.35s/it]
                                                                                          

Best trial: 102. Best value: 0.965621:  57%|█████▊    | 115/200 [2:16:47<37:19, 26.35s/it]
Best trial: 102. Best value: 0.965621:  57%|█████▊    | 115/200 [2:16:47<37:19, 26.35s/it]
Best trial: 102. Best value: 0.965621:  58%|█████▊    | 116/200 [2:16:47<33:15, 23.75s/it]
                                                                                          

Best trial: 102. Best value: 0.965621:  58%|█████▊    | 116/200 [2:17:01<33:15, 23.75s/it]
Best trial: 102. Best value: 0.965621:  58%|█████▊    | 116/200 [2:17:01<33:15, 23.75s/it]
Best trial: 102. Best value: 0.965621:  58%|█████▊    | 117/200 [2:17:01<28:41, 20.74s/it]
                                                                                          

Best trial: 102. Best value: 0.965621:  58%|█████▊    | 117/200 [2:17:19<28:41, 20.74s/it]
Best trial: 102. Best value: 0.965621:  58%|█████▊    | 117/200 [2:17:19<28:41, 20.74s/it]
Best trial: 102. Best value: 0.965621:  59%|█████▉    | 118/200 [2:17:19<26:58, 19.74s/it]
                                                                                          

Best trial: 102. Best value: 0.965621:  59%|█████▉    | 118/200 [2:17:26<26:58, 19.74s/it]
Best trial: 102. Best value: 0.965621:  59%|█████▉    | 118/200 [2:17:26<26:58, 19.74s/it]
Best trial: 102. Best value: 0.965621:  60%|█████▉    | 119/200 [2:17:26<21:42, 16.08s/it]
                                                                                          

Best trial: 102. Best value: 0.965621:  60%|█████▉    | 119/200 [2:18:56<21:42, 16.08s/it]
Best trial: 102. Best value: 0.965621:  60%|█████▉    | 119/200 [2:18:56<21:42, 16.08s/it]
Best trial: 102. Best value: 0.965621:  60%|██████    | 120/200 [2:18:56<50:49, 38.12s/it]
                                                                                          

Best trial: 102. Best value: 0.965621:  60%|██████    | 120/200 [2:19:08<50:49, 38.12s/it]
Best trial: 102. Best value: 0.965621:  60%|██████    | 120/200 [2:19:08<50:49, 38.12s/it]
Best trial: 102. Best value: 0.965621:  60%|██████    | 121/200 [2:19:08<40:12, 30.53s/it]
                                                                                          

Best trial: 102. Best value: 0.965621:  60%|██████    | 121/200 [2:19:30<40:12, 30.53s/it]
Best trial: 102. Best value: 0.965621:  60%|██████    | 121/200 [2:19:30<40:12, 30.53s/it]
Best trial: 102. Best value: 0.965621:  61%|██████    | 122/200 [2:19:30<36:02, 27.73s/it]
                                                                                          

Best trial: 102. Best value: 0.965621:  61%|██████    | 122/200 [2:20:27<36:02, 27.73s/it]
Best trial: 102. Best value: 0.965621:  61%|██████    | 122/200 [2:20:27<36:02, 27.73s/it]
Best trial: 102. Best value: 0.965621:  62%|██████▏   | 123/200 [2:20:27<47:09, 36.75s/it]
                                                                                          

Best trial: 102. Best value: 0.965621:  62%|██████▏   | 123/200 [2:20:47<47:09, 36.75s/it]
Best trial: 102. Best value: 0.965621:  62%|██████▏   | 123/200 [2:20:47<47:09, 36.75s/it]
Best trial: 102. Best value: 0.965621:  62%|██████▏   | 124/200 [2:20:47<39:55, 31.52s/it]
                                                                                          

Best trial: 102. Best value: 0.965621:  62%|██████▏   | 124/200 [2:21:06<39:55, 31.52s/it]
Best trial: 102. Best value: 0.965621:  62%|██████▏   | 124/200 [2:21:06<39:55, 31.52s/it]
Best trial: 102. Best value: 0.965621:  62%|██████▎   | 125/200 [2:21:06<34:50, 27.87s/it]
                                                                                          

Best trial: 102. Best value: 0.965621:  62%|██████▎   | 125/200 [2:21:17<34:50, 27.87s/it]
Best trial: 102. Best value: 0.965621:  62%|██████▎   | 125/200 [2:21:17<34:50, 27.87s/it]
Best trial: 102. Best value: 0.965621:  63%|██████▎   | 126/200 [2:21:17<28:11, 22.86s/it]
                                                                                          

Best trial: 102. Best value: 0.965621:  63%|██████▎   | 126/200 [2:21:35<28:11, 22.86s/it]
Best trial: 102. Best value: 0.965621:  63%|██████▎   | 126/200 [2:21:35<28:11, 22.86s/it]
Best trial: 102. Best value: 0.965621:  64%|██████▎   | 127/200 [2:21:35<25:57, 21.34s/it]
                                                                                          

Best trial: 102. Best value: 0.965621:  64%|██████▎   | 127/200 [2:21:54<25:57, 21.34s/it]
Best trial: 102. Best value: 0.965621:  64%|██████▎   | 127/200 [2:21:54<25:57, 21.34s/it]
Best trial: 102. Best value: 0.965621:  64%|██████▍   | 128/200 [2:21:54<24:54, 20.76s/it]
                                                                                          

Best trial: 102. Best value: 0.965621:  64%|██████▍   | 128/200 [2:24:09<24:54, 20.76s/it]
Best trial: 102. Best value: 0.965621:  64%|██████▍   | 128/200 [2:24:09<24:54, 20.76s/it]
Best trial: 102. Best value: 0.965621:  64%|██████▍   | 129/200 [2:24:09<1:04:48, 54.77s/it]
                                                                                            

Best trial: 102. Best value: 0.965621:  64%|██████▍   | 129/200 [2:24:26<1:04:48, 54.77s/it]
Best trial: 102. Best value: 0.965621:  64%|██████▍   | 129/200 [2:24:26<1:04:48, 54.77s/it]
Best trial: 102. Best value: 0.965621:  65%|██████▌   | 130/200 [2:24:26<50:55, 43.65s/it]  
                                                                                          

Best trial: 102. Best value: 0.965621:  65%|██████▌   | 130/200 [2:24:44<50:55, 43.65s/it]
Best trial: 102. Best value: 0.965621:  65%|██████▌   | 130/200 [2:24:44<50:55, 43.65s/it]
Best trial: 102. Best value: 0.965621:  66%|██████▌   | 131/200 [2:24:44<41:13, 35.86s/it]
                                                                                          

Best trial: 102. Best value: 0.965621:  66%|██████▌   | 131/200 [2:25:44<41:13, 35.86s/it]
Best trial: 102. Best value: 0.965621:  66%|██████▌   | 131/200 [2:25:45<41:13, 35.86s/it]
Best trial: 102. Best value: 0.965621:  66%|██████▌   | 132/200 [2:25:45<49:01, 43.26s/it]
                                                                                          

Best trial: 102. Best value: 0.965621:  66%|██████▌   | 132/200 [2:26:51<49:01, 43.26s/it]
Best trial: 102. Best value: 0.965621:  66%|██████▌   | 132/200 [2:26:51<49:01, 43.26s/it]
Best trial: 102. Best value: 0.965621:  66%|██████▋   | 133/200 [2:26:51<56:15, 50.38s/it]
                                                                                          

Best trial: 102. Best value: 0.965621:  66%|██████▋   | 133/200 [2:27:21<56:15, 50.38s/it]
Best trial: 102. Best value: 0.965621:  66%|██████▋   | 133/200 [2:27:21<56:15, 50.38s/it]
Best trial: 102. Best value: 0.965621:  67%|██████▋   | 134/200 [2:27:21<48:30, 44.10s/it]
                                                                                          

Best trial: 102. Best value: 0.965621:  67%|██████▋   | 134/200 [2:27:40<48:30, 44.10s/it]
Best trial: 102. Best value: 0.965621:  67%|██████▋   | 134/200 [2:27:40<48:30, 44.10s/it]
Best trial: 102. Best value: 0.965621:  68%|██████▊   | 135/200 [2:27:40<39:44, 36.68s/it]
                                                                                          

Best trial: 102. Best value: 0.965621:  68%|██████▊   | 135/200 [2:29:04<39:44, 36.68s/it]
Best trial: 102. Best value: 0.965621:  68%|██████▊   | 135/200 [2:29:04<39:44, 36.68s/it]
Best trial: 102. Best value: 0.965621:  68%|██████▊   | 136/200 [2:29:04<54:09, 50.78s/it]
                                                                                          

Best trial: 102. Best value: 0.965621:  68%|██████▊   | 136/200 [2:29:23<54:09, 50.78s/it]
Best trial: 102. Best value: 0.965621:  68%|██████▊   | 136/200 [2:29:23<54:09, 50.78s/it]
Best trial: 102. Best value: 0.965621:  68%|██████▊   | 137/200 [2:29:23<43:25, 41.36s/it]
                                                                                          

Best trial: 102. Best value: 0.965621:  68%|██████▊   | 137/200 [2:29:36<43:25, 41.36s/it]
Best trial: 102. Best value: 0.965621:  68%|██████▊   | 137/200 [2:29:36<43:25, 41.36s/it]
Best trial: 102. Best value: 0.965621:  69%|██████▉   | 138/200 [2:29:36<33:43, 32.64s/it]
                                                                                          

Best trial: 102. Best value: 0.965621:  69%|██████▉   | 138/200 [2:31:00<33:43, 32.64s/it]
Best trial: 102. Best value: 0.965621:  69%|██████▉   | 138/200 [2:31:00<33:43, 32.64s/it]
Best trial: 102. Best value: 0.965621:  70%|██████▉   | 139/200 [2:31:00<48:48, 48.00s/it]
                                                                                          

Best trial: 102. Best value: 0.965621:  70%|██████▉   | 139/200 [2:31:23<48:48, 48.00s/it]
Best trial: 102. Best value: 0.965621:  70%|██████▉   | 139/200 [2:31:23<48:48, 48.00s/it]
Best trial: 102. Best value: 0.965621:  70%|███████   | 140/200 [2:31:23<40:44, 40.74s/it]
                                                                                          

Best trial: 102. Best value: 0.965621:  70%|███████   | 140/200 [2:31:37<40:44, 40.74s/it]
Best trial: 102. Best value: 0.965621:  70%|███████   | 140/200 [2:31:37<40:44, 40.74s/it]
Best trial: 102. Best value: 0.965621:  70%|███████   | 141/200 [2:31:37<32:04, 32.62s/it]
                                                                                          

Best trial: 102. Best value: 0.965621:  70%|███████   | 141/200 [2:32:26<32:04, 32.62s/it]
Best trial: 102. Best value: 0.965621:  70%|███████   | 141/200 [2:32:26<32:04, 32.62s/it]
Best trial: 102. Best value: 0.965621:  71%|███████   | 142/200 [2:32:26<36:24, 37.66s/it]
                                                                                          

Best trial: 102. Best value: 0.965621:  71%|███████   | 142/200 [2:32:46<36:24, 37.66s/it]
Best trial: 102. Best value: 0.965621:  71%|███████   | 142/200 [2:32:46<36:24, 37.66s/it]
Best trial: 102. Best value: 0.965621:  72%|███████▏  | 143/200 [2:32:46<30:33, 32.16s/it]
                                                                                          

Best trial: 102. Best value: 0.965621:  72%|███████▏  | 143/200 [2:33:48<30:33, 32.16s/it]
Best trial: 102. Best value: 0.965621:  72%|███████▏  | 143/200 [2:33:48<30:33, 32.16s/it]
Best trial: 102. Best value: 0.965621:  72%|███████▏  | 144/200 [2:33:48<38:22, 41.11s/it]
                                                                                          

Best trial: 102. Best value: 0.965621:  72%|███████▏  | 144/200 [2:33:56<38:22, 41.11s/it]
Best trial: 102. Best value: 0.965621:  72%|███████▏  | 144/200 [2:33:56<38:22, 41.11s/it]
Best trial: 102. Best value: 0.965621:  72%|███████▎  | 145/200 [2:33:56<28:33, 31.16s/it]
                                                                                          

Best trial: 102. Best value: 0.965621:  72%|███████▎  | 145/200 [2:34:13<28:33, 31.16s/it]
Best trial: 102. Best value: 0.965621:  72%|███████▎  | 145/200 [2:34:13<28:33, 31.16s/it]
Best trial: 102. Best value: 0.965621:  73%|███████▎  | 146/200 [2:34:13<24:23, 27.11s/it]
                                                                                          

Best trial: 102. Best value: 0.965621:  73%|███████▎  | 146/200 [2:34:21<24:23, 27.11s/it]
Best trial: 102. Best value: 0.965621:  73%|███████▎  | 146/200 [2:34:21<24:23, 27.11s/it]
Best trial: 102. Best value: 0.965621:  74%|███████▎  | 147/200 [2:34:21<18:51, 21.35s/it]
                                                                                          

Best trial: 102. Best value: 0.965621:  74%|███████▎  | 147/200 [2:34:37<18:51, 21.35s/it]
Best trial: 102. Best value: 0.965621:  74%|███████▎  | 147/200 [2:34:37<18:51, 21.35s/it]
Best trial: 102. Best value: 0.965621:  74%|███████▍  | 148/200 [2:34:37<17:05, 19.71s/it]
                                                                                          

Best trial: 102. Best value: 0.965621:  74%|███████▍  | 148/200 [2:34:55<17:05, 19.71s/it]
Best trial: 102. Best value: 0.965621:  74%|███████▍  | 148/200 [2:34:55<17:05, 19.71s/it]
Best trial: 102. Best value: 0.965621:  74%|███████▍  | 149/200 [2:34:55<16:14, 19.11s/it]
                                                                                          

Best trial: 102. Best value: 0.965621:  74%|███████▍  | 149/200 [2:35:08<16:14, 19.11s/it]
Best trial: 102. Best value: 0.965621:  74%|███████▍  | 149/200 [2:35:08<16:14, 19.11s/it]
Best trial: 102. Best value: 0.965621:  75%|███████▌  | 150/200 [2:35:08<14:19, 17.19s/it]
                                                                                          

Best trial: 102. Best value: 0.965621:  75%|███████▌  | 150/200 [2:35:27<14:19, 17.19s/it]
Best trial: 102. Best value: 0.965621:  75%|███████▌  | 150/200 [2:35:27<14:19, 17.19s/it]
Best trial: 102. Best value: 0.965621:  76%|███████▌  | 151/200 [2:35:27<14:33, 17.83s/it]
                                                                                          

Best trial: 102. Best value: 0.965621:  76%|███████▌  | 151/200 [2:35:46<14:33, 17.83s/it]
Best trial: 102. Best value: 0.965621:  76%|███████▌  | 151/200 [2:35:46<14:33, 17.83s/it]
Best trial: 102. Best value: 0.965621:  76%|███████▌  | 152/200 [2:35:46<14:37, 18.27s/it]
                                                                                          

Best trial: 102. Best value: 0.965621:  76%|███████▌  | 152/200 [2:37:35<14:37, 18.27s/it]
Best trial: 102. Best value: 0.965621:  76%|███████▌  | 152/200 [2:37:35<14:37, 18.27s/it]
Best trial: 102. Best value: 0.965621:  76%|███████▋  | 153/200 [2:37:35<35:38, 45.51s/it]
                                                                                          

Best trial: 102. Best value: 0.965621:  76%|███████▋  | 153/200 [2:37:55<35:38, 45.51s/it]
Best trial: 102. Best value: 0.965621:  76%|███████▋  | 153/200 [2:37:55<35:38, 45.51s/it]
Best trial: 102. Best value: 0.965621:  77%|███████▋  | 154/200 [2:37:55<28:52, 37.67s/it]
                                                                                          

Best trial: 102. Best value: 0.965621:  77%|███████▋  | 154/200 [2:38:09<28:52, 37.67s/it]
Best trial: 102. Best value: 0.965621:  77%|███████▋  | 154/200 [2:38:09<28:52, 37.67s/it]
Best trial: 102. Best value: 0.965621:  78%|███████▊  | 155/200 [2:38:09<23:00, 30.67s/it]
                                                                                          

Best trial: 102. Best value: 0.965621:  78%|███████▊  | 155/200 [2:38:27<23:00, 30.67s/it]
Best trial: 102. Best value: 0.965621:  78%|███████▊  | 155/200 [2:38:27<23:00, 30.67s/it]
Best trial: 102. Best value: 0.965621:  78%|███████▊  | 156/200 [2:38:27<19:37, 26.76s/it]
                                                                                          

Best trial: 102. Best value: 0.965621:  78%|███████▊  | 156/200 [2:39:50<19:37, 26.76s/it]
Best trial: 102. Best value: 0.965621:  78%|███████▊  | 156/200 [2:39:50<19:37, 26.76s/it]
Best trial: 102. Best value: 0.965621:  78%|███████▊  | 157/200 [2:39:50<31:21, 43.76s/it]
                                                                                          

Best trial: 102. Best value: 0.965621:  78%|███████▊  | 157/200 [2:40:11<31:21, 43.76s/it]
Best trial: 102. Best value: 0.965621:  78%|███████▊  | 157/200 [2:40:11<31:21, 43.76s/it]
Best trial: 102. Best value: 0.965621:  79%|███████▉  | 158/200 [2:40:11<25:50, 36.92s/it]
                                                                                          

Best trial: 102. Best value: 0.965621:  79%|███████▉  | 158/200 [2:40:28<25:50, 36.92s/it]
Best trial: 102. Best value: 0.965621:  79%|███████▉  | 158/200 [2:40:28<25:50, 36.92s/it]
Best trial: 102. Best value: 0.965621:  80%|███████▉  | 159/200 [2:40:28<21:15, 31.10s/it]
                                                                                          

Best trial: 102. Best value: 0.965621:  80%|███████▉  | 159/200 [2:40:46<21:15, 31.10s/it]
Best trial: 102. Best value: 0.965621:  80%|███████▉  | 159/200 [2:40:46<21:15, 31.10s/it]
Best trial: 102. Best value: 0.965621:  80%|████████  | 160/200 [2:40:46<17:59, 26.98s/it]
                                                                                          

Best trial: 102. Best value: 0.965621:  80%|████████  | 160/200 [2:42:10<17:59, 26.98s/it]
Best trial: 160. Best value: 0.965887:  80%|████████  | 160/200 [2:42:10<17:59, 26.98s/it]
Best trial: 160. Best value: 0.965887:  80%|████████  | 161/200 [2:42:10<28:35, 44.00s/it]
                                                                                          

Best trial: 160. Best value: 0.965887:  80%|████████  | 161/200 [2:43:10<28:35, 44.00s/it]
Best trial: 160. Best value: 0.965887:  80%|████████  | 161/200 [2:43:10<28:35, 44.00s/it]
Best trial: 160. Best value: 0.965887:  81%|████████  | 162/200 [2:43:10<30:56, 48.86s/it]
                                                                                          

Best trial: 160. Best value: 0.965887:  81%|████████  | 162/200 [2:43:27<30:56, 48.86s/it]
Best trial: 160. Best value: 0.965887:  81%|████████  | 162/200 [2:43:27<30:56, 48.86s/it]
Best trial: 160. Best value: 0.965887:  82%|████████▏ | 163/200 [2:43:27<24:21, 39.51s/it]
                                                                                          

Best trial: 160. Best value: 0.965887:  82%|████████▏ | 163/200 [2:44:32<24:21, 39.51s/it]
Best trial: 160. Best value: 0.965887:  82%|████████▏ | 163/200 [2:44:32<24:21, 39.51s/it]
Best trial: 160. Best value: 0.965887:  82%|████████▏ | 164/200 [2:44:32<28:11, 46.97s/it]
                                                                                          

Best trial: 160. Best value: 0.965887:  82%|████████▏ | 164/200 [2:44:51<28:11, 46.97s/it]
Best trial: 160. Best value: 0.965887:  82%|████████▏ | 164/200 [2:44:51<28:11, 46.97s/it]
Best trial: 160. Best value: 0.965887:  82%|████████▎ | 165/200 [2:44:51<22:34, 38.69s/it]
                                                                                          

Best trial: 160. Best value: 0.965887:  82%|████████▎ | 165/200 [2:45:09<22:34, 38.69s/it]
Best trial: 160. Best value: 0.965887:  82%|████████▎ | 165/200 [2:45:09<22:34, 38.69s/it]
Best trial: 160. Best value: 0.965887:  83%|████████▎ | 166/200 [2:45:09<18:20, 32.37s/it]
                                                                                          

Best trial: 160. Best value: 0.965887:  83%|████████▎ | 166/200 [2:45:38<18:20, 32.37s/it]
Best trial: 160. Best value: 0.965887:  83%|████████▎ | 166/200 [2:45:38<18:20, 32.37s/it]
Best trial: 160. Best value: 0.965887:  84%|████████▎ | 167/200 [2:45:38<17:18, 31.47s/it]
                                                                                          

Best trial: 160. Best value: 0.965887:  84%|████████▎ | 167/200 [2:45:50<17:18, 31.47s/it]
Best trial: 160. Best value: 0.965887:  84%|████████▎ | 167/200 [2:45:50<17:18, 31.47s/it]
Best trial: 160. Best value: 0.965887:  84%|████████▍ | 168/200 [2:45:50<13:39, 25.61s/it]
                                                                                          

Best trial: 160. Best value: 0.965887:  84%|████████▍ | 168/200 [2:47:14<13:39, 25.61s/it]
Best trial: 160. Best value: 0.965887:  84%|████████▍ | 168/200 [2:47:14<13:39, 25.61s/it]
Best trial: 160. Best value: 0.965887:  84%|████████▍ | 169/200 [2:47:14<22:15, 43.09s/it]
                                                                                          

Best trial: 160. Best value: 0.965887:  84%|████████▍ | 169/200 [2:47:32<22:15, 43.09s/it]
Best trial: 160. Best value: 0.965887:  84%|████████▍ | 169/200 [2:47:32<22:15, 43.09s/it]
Best trial: 160. Best value: 0.965887:  85%|████████▌ | 170/200 [2:47:32<17:42, 35.42s/it]
                                                                                          

Best trial: 160. Best value: 0.965887:  85%|████████▌ | 170/200 [2:47:49<17:42, 35.42s/it]
Best trial: 160. Best value: 0.965887:  85%|████████▌ | 170/200 [2:47:49<17:42, 35.42s/it]
Best trial: 160. Best value: 0.965887:  86%|████████▌ | 171/200 [2:47:49<14:34, 30.16s/it]
                                                                                          

Best trial: 160. Best value: 0.965887:  86%|████████▌ | 171/200 [2:47:57<14:34, 30.16s/it]
Best trial: 160. Best value: 0.965887:  86%|████████▌ | 171/200 [2:47:57<14:34, 30.16s/it]
Best trial: 160. Best value: 0.965887:  86%|████████▌ | 172/200 [2:47:57<10:58, 23.51s/it]
                                                                                          

Best trial: 160. Best value: 0.965887:  86%|████████▌ | 172/200 [2:48:17<10:58, 23.51s/it]
Best trial: 160. Best value: 0.965887:  86%|████████▌ | 172/200 [2:48:17<10:58, 23.51s/it]
Best trial: 160. Best value: 0.965887:  86%|████████▋ | 173/200 [2:48:17<10:01, 22.27s/it]
                                                                                          

Best trial: 160. Best value: 0.965887:  86%|████████▋ | 173/200 [2:48:34<10:01, 22.27s/it]
Best trial: 160. Best value: 0.965887:  86%|████████▋ | 173/200 [2:48:34<10:01, 22.27s/it]
Best trial: 160. Best value: 0.965887:  87%|████████▋ | 174/200 [2:48:34<09:03, 20.90s/it]
                                                                                          

Best trial: 160. Best value: 0.965887:  87%|████████▋ | 174/200 [2:49:36<09:03, 20.90s/it]
Best trial: 160. Best value: 0.965887:  87%|████████▋ | 174/200 [2:49:36<09:03, 20.90s/it]
Best trial: 160. Best value: 0.965887:  88%|████████▊ | 175/200 [2:49:36<13:48, 33.13s/it]
                                                                                          

Best trial: 160. Best value: 0.965887:  88%|████████▊ | 175/200 [2:49:54<13:48, 33.13s/it]
Best trial: 160. Best value: 0.965887:  88%|████████▊ | 175/200 [2:49:54<13:48, 33.13s/it]
Best trial: 160. Best value: 0.965887:  88%|████████▊ | 176/200 [2:49:54<11:25, 28.55s/it]
                                                                                          

Best trial: 160. Best value: 0.965887:  88%|████████▊ | 176/200 [2:51:58<11:25, 28.55s/it]
Best trial: 160. Best value: 0.965887:  88%|████████▊ | 176/200 [2:51:58<11:25, 28.55s/it]
Best trial: 160. Best value: 0.965887:  88%|████████▊ | 177/200 [2:51:58<21:54, 57.15s/it]
                                                                                          

Best trial: 160. Best value: 0.965887:  88%|████████▊ | 177/200 [2:55:02<21:54, 57.15s/it]
Best trial: 160. Best value: 0.965887:  88%|████████▊ | 177/200 [2:55:02<21:54, 57.15s/it]
Best trial: 160. Best value: 0.965887:  89%|████████▉ | 178/200 [2:55:02<34:54, 95.21s/it]
                                                                                          

Best trial: 160. Best value: 0.965887:  89%|████████▉ | 178/200 [2:55:26<34:54, 95.21s/it]
Best trial: 160. Best value: 0.965887:  89%|████████▉ | 178/200 [2:55:26<34:54, 95.21s/it]
Best trial: 160. Best value: 0.965887:  90%|████████▉ | 179/200 [2:55:26<25:53, 73.99s/it]
                                                                                          

Best trial: 160. Best value: 0.965887:  90%|████████▉ | 179/200 [2:55:44<25:53, 73.99s/it]
Best trial: 160. Best value: 0.965887:  90%|████████▉ | 179/200 [2:55:44<25:53, 73.99s/it]
Best trial: 160. Best value: 0.965887:  90%|█████████ | 180/200 [2:55:44<19:02, 57.14s/it]
                                                                                          

Best trial: 160. Best value: 0.965887:  90%|█████████ | 180/200 [2:57:49<19:02, 57.14s/it]
Best trial: 160. Best value: 0.965887:  90%|█████████ | 180/200 [2:57:49<19:02, 57.14s/it]
Best trial: 160. Best value: 0.965887:  90%|█████████ | 181/200 [2:57:49<24:32, 77.49s/it]
                                                                                          

Best trial: 160. Best value: 0.965887:  90%|█████████ | 181/200 [3:00:29<24:32, 77.49s/it]
Best trial: 160. Best value: 0.965887:  90%|█████████ | 181/200 [3:00:29<24:32, 77.49s/it]
Best trial: 160. Best value: 0.965887:  91%|█████████ | 182/200 [3:00:29<30:40, 102.23s/it]
                                                                                           

Best trial: 160. Best value: 0.965887:  91%|█████████ | 182/200 [3:03:33<30:40, 102.23s/it]
Best trial: 160. Best value: 0.965887:  91%|█████████ | 182/200 [3:03:33<30:40, 102.23s/it]
Best trial: 160. Best value: 0.965887:  92%|█████████▏| 183/200 [3:03:33<35:52, 126.60s/it]
                                                                                           

Best trial: 160. Best value: 0.965887:  92%|█████████▏| 183/200 [3:05:06<35:52, 126.60s/it]
Best trial: 160. Best value: 0.965887:  92%|█████████▏| 183/200 [3:05:06<35:52, 126.60s/it]
Best trial: 160. Best value: 0.965887:  92%|█████████▏| 184/200 [3:05:06<31:07, 116.70s/it]
                                                                                           

Best trial: 160. Best value: 0.965887:  92%|█████████▏| 184/200 [3:07:27<31:07, 116.70s/it]
Best trial: 160. Best value: 0.965887:  92%|█████████▏| 184/200 [3:07:27<31:07, 116.70s/it]
Best trial: 160. Best value: 0.965887:  92%|█████████▎| 185/200 [3:07:27<31:00, 124.04s/it]
                                                                                           

Best trial: 160. Best value: 0.965887:  92%|█████████▎| 185/200 [3:09:16<31:00, 124.04s/it]
Best trial: 160. Best value: 0.965887:  92%|█████████▎| 185/200 [3:09:16<31:00, 124.04s/it]
Best trial: 160. Best value: 0.965887:  93%|█████████▎| 186/200 [3:09:16<27:50, 119.31s/it]
                                                                                           

Best trial: 160. Best value: 0.965887:  93%|█████████▎| 186/200 [3:10:49<27:50, 119.31s/it]
Best trial: 160. Best value: 0.965887:  93%|█████████▎| 186/200 [3:10:49<27:50, 119.31s/it]
Best trial: 160. Best value: 0.965887:  94%|█████████▎| 187/200 [3:10:49<24:10, 111.60s/it]
                                                                                           

Best trial: 160. Best value: 0.965887:  94%|█████████▎| 187/200 [3:12:23<24:10, 111.60s/it]
Best trial: 160. Best value: 0.965887:  94%|█████████▎| 187/200 [3:12:23<24:10, 111.60s/it]
Best trial: 160. Best value: 0.965887:  94%|█████████▍| 188/200 [3:12:23<21:14, 106.19s/it]
                                                                                           

Best trial: 160. Best value: 0.965887:  94%|█████████▍| 188/200 [3:14:53<21:14, 106.19s/it]
Best trial: 160. Best value: 0.965887:  94%|█████████▍| 188/200 [3:14:53<21:14, 106.19s/it]
Best trial: 160. Best value: 0.965887:  94%|█████████▍| 189/200 [3:14:53<21:54, 119.46s/it]
                                                                                           

Best trial: 160. Best value: 0.965887:  94%|█████████▍| 189/200 [3:15:03<21:54, 119.46s/it]
Best trial: 160. Best value: 0.965887:  94%|█████████▍| 189/200 [3:15:03<21:54, 119.46s/it]
Best trial: 160. Best value: 0.965887:  95%|█████████▌| 190/200 [3:15:03<14:25, 86.55s/it] 
                                                                                          

Best trial: 160. Best value: 0.965887:  95%|█████████▌| 190/200 [3:18:06<14:25, 86.55s/it]
Best trial: 160. Best value: 0.965887:  95%|█████████▌| 190/200 [3:18:07<14:25, 86.55s/it]
Best trial: 160. Best value: 0.965887:  96%|█████████▌| 191/200 [3:18:07<17:20, 115.63s/it]
                                                                                           

Best trial: 160. Best value: 0.965887:  96%|█████████▌| 191/200 [3:19:33<17:20, 115.63s/it]
Best trial: 160. Best value: 0.965887:  96%|█████████▌| 191/200 [3:19:33<17:20, 115.63s/it]
Best trial: 160. Best value: 0.965887:  96%|█████████▌| 192/200 [3:19:33<14:14, 106.82s/it]
                                                                                           

Best trial: 160. Best value: 0.965887:  96%|█████████▌| 192/200 [3:21:06<14:14, 106.82s/it]
Best trial: 160. Best value: 0.965887:  96%|█████████▌| 192/200 [3:21:06<14:14, 106.82s/it]
Best trial: 160. Best value: 0.965887:  96%|█████████▋| 193/200 [3:21:06<11:59, 102.85s/it]
                                                                                           

Best trial: 160. Best value: 0.965887:  96%|█████████▋| 193/200 [3:23:00<11:59, 102.85s/it]
Best trial: 160. Best value: 0.965887:  96%|█████████▋| 193/200 [3:23:00<11:59, 102.85s/it]
Best trial: 160. Best value: 0.965887:  97%|█████████▋| 194/200 [3:23:00<10:36, 106.11s/it]
                                                                                           

Best trial: 160. Best value: 0.965887:  97%|█████████▋| 194/200 [3:25:45<10:36, 106.11s/it]
Best trial: 160. Best value: 0.965887:  97%|█████████▋| 194/200 [3:25:45<10:36, 106.11s/it]
Best trial: 160. Best value: 0.965887:  98%|█████████▊| 195/200 [3:25:45<10:19, 123.84s/it]
                                                                                           

Best trial: 160. Best value: 0.965887:  98%|█████████▊| 195/200 [3:28:05<10:19, 123.84s/it]
Best trial: 160. Best value: 0.965887:  98%|█████████▊| 195/200 [3:28:05<10:19, 123.84s/it]
Best trial: 160. Best value: 0.965887:  98%|█████████▊| 196/200 [3:28:05<08:34, 128.57s/it]
                                                                                           

Best trial: 160. Best value: 0.965887:  98%|█████████▊| 196/200 [3:30:24<08:34, 128.57s/it]
Best trial: 160. Best value: 0.965887:  98%|█████████▊| 196/200 [3:30:24<08:34, 128.57s/it]
Best trial: 160. Best value: 0.965887:  98%|█████████▊| 197/200 [3:30:24<06:35, 131.85s/it]
                                                                                           

Best trial: 160. Best value: 0.965887:  98%|█████████▊| 197/200 [3:32:00<06:35, 131.85s/it]
Best trial: 160. Best value: 0.965887:  98%|█████████▊| 197/200 [3:32:00<06:35, 131.85s/it]
Best trial: 160. Best value: 0.965887:  99%|█████████▉| 198/200 [3:32:00<04:01, 120.91s/it]
                                                                                           

Best trial: 160. Best value: 0.965887:  99%|█████████▉| 198/200 [3:34:05<04:01, 120.91s/it]
Best trial: 160. Best value: 0.965887:  99%|█████████▉| 198/200 [3:34:05<04:01, 120.91s/it]
Best trial: 160. Best value: 0.965887: 100%|█████████▉| 199/200 [3:34:05<02:02, 122.18s/it]
                                                                                           

Best trial: 160. Best value: 0.965887: 100%|█████████▉| 199/200 [3:35:23<02:02, 122.18s/it]
Best trial: 160. Best value: 0.965887: 100%|█████████▉| 199/200 [3:35:23<02:02, 122.18s/it]
Best trial: 160. Best value: 0.965887: 100%|██████████| 200/200 [3:35:23<00:00, 108.93s/it]
Best trial: 160. Best value: 0.965887: 100%|██████████| 200/200 [3:35:23<00:00, 64.62s/it] 
