Starting Optuna optimization on REAL shark data
Started at: Tue 18 Nov 2025 05:35:20 PM EST
Running on: gpu-5-11
================================================================================
DEVICE INFORMATION
================================================================================
Using device: cuda
GPU Name: NVIDIA H100 80GB HBM3
GPU Count: 1
CUDA Version: 12.1
Current GPU: 0
GPU Memory: 79.20 GB
================================================================================

LOADING AND PREPROCESSING REAL SHARK DATA
Dataset shape: (651, 3476)
Number of classes: 57
Classes: ['Arabian smooth-hound', 'Atlantic Sharpnose shark', 'Blackchin guitarfish', 'Blacknose shark', 'Blackspotted smooth-hound', 'Blacktip reef shark', 'Blacktip shark', 'Blue shark', 'Bonnethead shark', 'Bowmouth guitarfish', 'Brownbanded bamboo shark', 'Bull shark', 'Caribbean reef shark', 'Common thresher shark', 'Copper shark', 'Dusky shark', 'Finetooth shark', 'Great hammerhead shark', 'Great white shark', 'Grey reef shark', 'Gulper shark', 'Gummy shark', 'Halavi guitarfish', 'Hooktooth shark', 'Japanese topeshark', 'Java shark', 'Lemon shark', 'Longtail stingray', 'Milk shark', 'Narrownose smooth-hound', 'Night shark', 'Nurse shark', 'Oceanic whitetip shark', 'Pacific bonnethead shark', 'Pacific guitarfish', 'Pacific smalltail shark', 'Pelagic thresher shark', 'Porbeagle shark', 'Roughskin dogfish', 'Sandbar shark', 'Sandtiger shark', 'Scalloped bonnethead shark', 'Scalloped hammerhead shark', 'Shortfin mako', 'Silky shark', 'Silvertip shark', 'Small tail shark', 'Smooth hammerhead shark', 'Spadenose stingray', 'Spinner shark', 'Spot-tail shark', 'Spotted Eagleray', 'Thornback ray', 'Tiger shark', 'Tope shark', 'Whitecheeck shark', 'Zebra shark']
Training pool size: 520
Test set size: 131

================================================================================
STARTING OPTUNA HYPERPARAMETER OPTIMIZATION - REAL DATA
================================================================================
Target: Maximize Macro F1 Score
Number of trials: 200
Database: optuna_tcn_real_study.db
================================================================================

Study created/loaded: tcn_shark_real_data
Storage: sqlite:///optuna_tcn_real_study.db
Optimization direction: maximize

[I 2025-11-18 17:37:00,536] Trial 0 finished with value: 0.39886571403599264 and parameters: {'num_layers': 6, 'base_filters': 128, 'filter_growth': 'linear', 'kernel_size': 3, 'dropout': 0.18797561901364201, 'reverse_dilation': True, 'batch_size': 32, 'learning_rate': 0.0009218522896014898, 'weight_decay': 0.0024731749116052954, 'optimizer': 'Adam', 'use_augmentation': True, 'use_scheduler': False}. Best is trial 0 with value: 0.39886571403599264.

Trial 0 finished with F1 Score: 0.3989
[I 2025-11-18 17:37:08,710] Trial 1 finished with value: 0.033235867446393765 and parameters: {'num_layers': 7, 'base_filters': 32, 'filter_growth': 'constant', 'kernel_size': 3, 'dropout': 0.2991927725660244, 'reverse_dilation': True, 'batch_size': 16, 'learning_rate': 4.577811294938125e-05, 'weight_decay': 0.00034919108984025367, 'optimizer': 'Adam', 'use_augmentation': False, 'use_scheduler': True, 'scheduler_patience': 11, 'scheduler_factor': 0.15168009425697954}. Best is trial 0 with value: 0.39886571403599264.

Trial 1 finished with F1 Score: 0.0332
[I 2025-11-18 17:38:15,364] Trial 2 finished with value: 0.46667172982962457 and parameters: {'num_layers': 6, 'base_filters': 128, 'filter_growth': 'constant', 'kernel_size': 13, 'dropout': 0.011234280127798868, 'reverse_dilation': False, 'batch_size': 8, 'learning_rate': 0.00015046333471424887, 'weight_decay': 4.1150023835965974e-05, 'optimizer': 'SGD', 'use_augmentation': True, 'use_scheduler': False}. Best is trial 2 with value: 0.46667172982962457.

Trial 2 finished with F1 Score: 0.4667
[I 2025-11-18 17:38:35,996] Trial 3 finished with value: 0.0016095284081764044 and parameters: {'num_layers': 6, 'base_filters': 128, 'filter_growth': 'exponential', 'kernel_size': 3, 'dropout': 0.4968345646181034, 'reverse_dilation': True, 'batch_size': 64, 'learning_rate': 0.00034331029068343597, 'weight_decay': 0.00061762133327572, 'optimizer': 'SGD', 'use_augmentation': False, 'use_scheduler': True, 'scheduler_patience': 9, 'scheduler_factor': 0.6692298454919512}. Best is trial 2 with value: 0.46667172982962457.

Trial 3 finished with F1 Score: 0.0016
[I 2025-11-18 17:39:05,558] Trial 4 finished with value: 0.21025107548653255 and parameters: {'num_layers': 4, 'base_filters': 64, 'filter_growth': 'linear', 'kernel_size': 3, 'dropout': 0.28893363779560327, 'reverse_dilation': False, 'batch_size': 16, 'learning_rate': 0.0008585779853569094, 'weight_decay': 0.001457821300708797, 'optimizer': 'Adam', 'use_augmentation': False, 'use_scheduler': True, 'scheduler_patience': 13, 'scheduler_factor': 0.1246889744068676}. Best is trial 2 with value: 0.46667172982962457.

Trial 4 finished with F1 Score: 0.2103
[I 2025-11-18 17:39:58,905] Trial 5 finished with value: 0.5550125313283207 and parameters: {'num_layers': 5, 'base_filters': 32, 'filter_growth': 'exponential', 'kernel_size': 5, 'dropout': 0.16759516102720906, 'reverse_dilation': True, 'batch_size': 8, 'learning_rate': 0.004182025198963729, 'weight_decay': 1.344217896782821e-05, 'optimizer': 'SGD', 'use_augmentation': False, 'use_scheduler': True, 'scheduler_patience': 5, 'scheduler_factor': 0.1708106758068662}. Best is trial 5 with value: 0.5550125313283207.

Trial 5 finished with F1 Score: 0.5550
[I 2025-11-18 17:40:12,037] Trial 6 finished with value: 0.6439761018708388 and parameters: {'num_layers': 7, 'base_filters': 64, 'filter_growth': 'constant', 'kernel_size': 3, 'dropout': 0.4668583265930598, 'reverse_dilation': True, 'batch_size': 32, 'learning_rate': 0.009497862360582693, 'weight_decay': 0.0012350060135202289, 'optimizer': 'AdamW', 'use_augmentation': False, 'use_scheduler': False}. Best is trial 6 with value: 0.6439761018708388.

Trial 6 finished with F1 Score: 0.6440
[I 2025-11-18 17:41:39,548] Trial 7 finished with value: 0.837649679754943 and parameters: {'num_layers': 7, 'base_filters': 64, 'filter_growth': 'linear', 'kernel_size': 7, 'dropout': 0.003718291412715624, 'reverse_dilation': False, 'batch_size': 32, 'learning_rate': 0.0003100918845230211, 'weight_decay': 1.2446155137589872e-06, 'optimizer': 'AdamW', 'use_augmentation': False, 'use_scheduler': False}. Best is trial 7 with value: 0.837649679754943.

Trial 7 finished with F1 Score: 0.8376
[I 2025-11-18 17:48:55,330] Trial 8 finished with value: 0.9239766081871345 and parameters: {'num_layers': 7, 'base_filters': 128, 'filter_growth': 'linear', 'kernel_size': 13, 'dropout': 0.3205784772339879, 'reverse_dilation': False, 'batch_size': 8, 'learning_rate': 2.327324037211483e-05, 'weight_decay': 1.9811687205484613e-06, 'optimizer': 'AdamW', 'use_augmentation': True, 'use_scheduler': False}. Best is trial 8 with value: 0.9239766081871345.

Trial 8 finished with F1 Score: 0.9240
[I 2025-11-18 17:49:32,925] Trial 9 finished with value: 0.7744868707717005 and parameters: {'num_layers': 5, 'base_filters': 128, 'filter_growth': 'constant', 'kernel_size': 13, 'dropout': 0.3580203245392071, 'reverse_dilation': True, 'batch_size': 16, 'learning_rate': 6.865553447614367e-05, 'weight_decay': 1.399899626070639e-06, 'optimizer': 'AdamW', 'use_augmentation': True, 'use_scheduler': False}. Best is trial 8 with value: 0.9239766081871345.

Trial 9 finished with F1 Score: 0.7745
[I 2025-11-18 17:49:48,182] Trial 10 pruned. 

Trial 10 finished with F1 Score: 0.0553
[I 2025-11-18 17:51:43,677] Trial 11 finished with value: 0.7475424672793094 and parameters: {'num_layers': 7, 'base_filters': 64, 'filter_growth': 'linear', 'kernel_size': 9, 'dropout': 0.003742653532013529, 'reverse_dilation': False, 'batch_size': 32, 'learning_rate': 1.0367690510133075e-05, 'weight_decay': 2.056884777368539e-06, 'optimizer': 'AdamW', 'use_augmentation': True, 'use_scheduler': False}. Best is trial 8 with value: 0.9239766081871345.

Trial 11 finished with F1 Score: 0.7475
[I 2025-11-18 17:52:06,607] Trial 12 pruned. 

Trial 12 finished with F1 Score: 0.1292
[I 2025-11-18 17:53:41,117] Trial 13 finished with value: 0.7813840155945418 and parameters: {'num_layers': 6, 'base_filters': 64, 'filter_growth': 'linear', 'kernel_size': 7, 'dropout': 0.0885064446291549, 'reverse_dilation': False, 'batch_size': 8, 'learning_rate': 0.0003143064564820513, 'weight_decay': 0.009458722760523728, 'optimizer': 'AdamW', 'use_augmentation': True, 'use_scheduler': False}. Best is trial 8 with value: 0.9239766081871345.

Trial 13 finished with F1 Score: 0.7814
[I 2025-11-18 17:53:46,206] Trial 14 pruned. 

Trial 14 finished with F1 Score: 0.0501
[I 2025-11-18 17:58:02,006] Trial 15 finished with value: 0.8711500974658869 and parameters: {'num_layers': 7, 'base_filters': 128, 'filter_growth': 'linear', 'kernel_size': 7, 'dropout': 0.0840371867515823, 'reverse_dilation': False, 'batch_size': 8, 'learning_rate': 0.0001301934177640649, 'weight_decay': 1.0971475256283938e-06, 'optimizer': 'AdamW', 'use_augmentation': True, 'use_scheduler': False}. Best is trial 8 with value: 0.9239766081871345.

Trial 15 finished with F1 Score: 0.8712
[I 2025-11-18 18:00:56,793] Trial 16 finished with value: 0.866617933723197 and parameters: {'num_layers': 6, 'base_filters': 128, 'filter_growth': 'exponential', 'kernel_size': 11, 'dropout': 0.11199071058337692, 'reverse_dilation': False, 'batch_size': 8, 'learning_rate': 2.5616840564243464e-05, 'weight_decay': 2.3195074600340873e-05, 'optimizer': 'AdamW', 'use_augmentation': True, 'use_scheduler': False}. Best is trial 8 with value: 0.9239766081871345.

Trial 16 finished with F1 Score: 0.8666
[I 2025-11-18 18:03:59,741] Trial 17 finished with value: 0.8076643629275209 and parameters: {'num_layers': 5, 'base_filters': 128, 'filter_growth': 'linear', 'kernel_size': 15, 'dropout': 0.3545999380155732, 'reverse_dilation': False, 'batch_size': 8, 'learning_rate': 0.00013094721010905333, 'weight_decay': 4.471209823502856e-06, 'optimizer': 'AdamW', 'use_augmentation': True, 'use_scheduler': False}. Best is trial 8 with value: 0.9239766081871345.

Trial 17 finished with F1 Score: 0.8077
[I 2025-11-18 18:04:17,844] Trial 18 pruned. 

Trial 18 finished with F1 Score: 0.0217
[I 2025-11-18 18:08:18,081] Trial 19 finished with value: 0.8601497430444799 and parameters: {'num_layers': 7, 'base_filters': 128, 'filter_growth': 'exponential', 'kernel_size': 11, 'dropout': 0.267819698163895, 'reverse_dilation': False, 'batch_size': 8, 'learning_rate': 2.267363721351696e-05, 'weight_decay': 0.00017636573096476655, 'optimizer': 'Adam', 'use_augmentation': True, 'use_scheduler': False}. Best is trial 8 with value: 0.9239766081871345.

Trial 19 finished with F1 Score: 0.8601
[I 2025-11-18 18:08:45,623] Trial 20 pruned. 

Trial 20 finished with F1 Score: 0.0349
[I 2025-11-18 18:11:40,396] Trial 21 finished with value: 0.866617933723197 and parameters: {'num_layers': 6, 'base_filters': 128, 'filter_growth': 'exponential', 'kernel_size': 11, 'dropout': 0.0960917499074215, 'reverse_dilation': False, 'batch_size': 8, 'learning_rate': 2.9541019868958923e-05, 'weight_decay': 2.6661276842942513e-05, 'optimizer': 'AdamW', 'use_augmentation': True, 'use_scheduler': False}. Best is trial 8 with value: 0.9239766081871345.

Trial 21 finished with F1 Score: 0.8666
[I 2025-11-18 18:14:06,423] Trial 22 finished with value: 0.8816764132553606 and parameters: {'num_layers': 6, 'base_filters': 128, 'filter_growth': 'exponential', 'kernel_size': 13, 'dropout': 0.058375130895139245, 'reverse_dilation': False, 'batch_size': 8, 'learning_rate': 5.568957123048014e-05, 'weight_decay': 1.018208595315177e-06, 'optimizer': 'AdamW', 'use_augmentation': True, 'use_scheduler': False}. Best is trial 8 with value: 0.9239766081871345.

Trial 22 finished with F1 Score: 0.8817
[I 2025-11-18 18:17:36,324] Trial 23 finished with value: 0.8859927596769702 and parameters: {'num_layers': 7, 'base_filters': 128, 'filter_growth': 'exponential', 'kernel_size': 13, 'dropout': 0.05735741879693281, 'reverse_dilation': False, 'batch_size': 8, 'learning_rate': 5.482736791117063e-05, 'weight_decay': 1.3180298412931215e-06, 'optimizer': 'AdamW', 'use_augmentation': True, 'use_scheduler': False}. Best is trial 8 with value: 0.9239766081871345.

Trial 23 finished with F1 Score: 0.8860
[I 2025-11-18 18:20:38,770] Trial 24 finished with value: 0.8781600465810993 and parameters: {'num_layers': 6, 'base_filters': 128, 'filter_growth': 'exponential', 'kernel_size': 13, 'dropout': 0.04067854757733179, 'reverse_dilation': False, 'batch_size': 8, 'learning_rate': 6.379360692734588e-05, 'weight_decay': 2.6379011171700134e-06, 'optimizer': 'AdamW', 'use_augmentation': True, 'use_scheduler': False}. Best is trial 8 with value: 0.9239766081871345.

Trial 24 finished with F1 Score: 0.8782
[I 2025-11-18 18:21:23,794] Trial 25 pruned. 

Trial 25 finished with F1 Score: 0.2804
[I 2025-11-18 18:22:23,261] Trial 26 pruned. 

Trial 26 finished with F1 Score: 0.4749
[I 2025-11-18 18:25:19,483] Trial 27 finished with value: 0.8684489000278475 and parameters: {'num_layers': 7, 'base_filters': 128, 'filter_growth': 'exponential', 'kernel_size': 13, 'dropout': 0.3259717834675716, 'reverse_dilation': False, 'batch_size': 8, 'learning_rate': 5.3479573839112533e-05, 'weight_decay': 2.6063948903976125e-06, 'optimizer': 'AdamW', 'use_augmentation': True, 'use_scheduler': False}. Best is trial 8 with value: 0.9239766081871345.

Trial 27 finished with F1 Score: 0.8684
[I 2025-11-18 18:26:06,765] Trial 28 pruned. 

Trial 28 finished with F1 Score: 0.0403
[I 2025-11-18 18:27:14,954] Trial 29 finished with value: 0.7373294346978556 and parameters: {'num_layers': 6, 'base_filters': 128, 'filter_growth': 'exponential', 'kernel_size': 11, 'dropout': 0.23437234714749788, 'reverse_dilation': True, 'batch_size': 16, 'learning_rate': 0.0006856757380560195, 'weight_decay': 7.811448189388624e-06, 'optimizer': 'Adam', 'use_augmentation': True, 'use_scheduler': False}. Best is trial 8 with value: 0.9239766081871345.

Trial 29 finished with F1 Score: 0.7373
[I 2025-11-18 18:29:30,514] Trial 30 finished with value: 0.8768031189083821 and parameters: {'num_layers': 7, 'base_filters': 32, 'filter_growth': 'exponential', 'kernel_size': 13, 'dropout': 0.05526952445828803, 'reverse_dilation': False, 'batch_size': 8, 'learning_rate': 1.7671408118258844e-05, 'weight_decay': 2.0509439723142013e-06, 'optimizer': 'Adam', 'use_augmentation': True, 'use_scheduler': False}. Best is trial 8 with value: 0.9239766081871345.

Trial 30 finished with F1 Score: 0.8768
[I 2025-11-18 18:31:55,902] Trial 31 finished with value: 0.8869319764056606 and parameters: {'num_layers': 6, 'base_filters': 128, 'filter_growth': 'exponential', 'kernel_size': 13, 'dropout': 0.05596858466661171, 'reverse_dilation': False, 'batch_size': 8, 'learning_rate': 3.7108990086273835e-05, 'weight_decay': 3.0388962326944668e-06, 'optimizer': 'AdamW', 'use_augmentation': True, 'use_scheduler': False}. Best is trial 8 with value: 0.9239766081871345.

Trial 31 finished with F1 Score: 0.8869
[I 2025-11-18 18:36:03,755] Trial 32 finished with value: 0.8953140426824637 and parameters: {'num_layers': 6, 'base_filters': 128, 'filter_growth': 'exponential', 'kernel_size': 15, 'dropout': 0.13857943961574315, 'reverse_dilation': False, 'batch_size': 8, 'learning_rate': 3.106837369578293e-05, 'weight_decay': 3.5947051005063728e-06, 'optimizer': 'AdamW', 'use_augmentation': True, 'use_scheduler': False}. Best is trial 8 with value: 0.9239766081871345.

Trial 32 finished with F1 Score: 0.8953
[I 2025-11-18 18:36:21,558] Trial 33 pruned. 

Trial 33 finished with F1 Score: 0.1411
[I 2025-11-18 18:38:51,690] Trial 34 finished with value: 0.9448343079922027 and parameters: {'num_layers': 6, 'base_filters': 128, 'filter_growth': 'exponential', 'kernel_size': 15, 'dropout': 0.13227365243954345, 'reverse_dilation': True, 'batch_size': 8, 'learning_rate': 3.415731020361462e-05, 'weight_decay': 3.634082696380006e-06, 'optimizer': 'AdamW', 'use_augmentation': True, 'use_scheduler': True, 'scheduler_patience': 7, 'scheduler_factor': 0.36520834230625215}. Best is trial 34 with value: 0.9448343079922027.

Trial 34 finished with F1 Score: 0.9448
[I 2025-11-18 18:39:24,820] Trial 35 pruned. 

Trial 35 finished with F1 Score: 0.0186
[I 2025-11-18 18:39:55,098] Trial 36 pruned. 

Trial 36 finished with F1 Score: 0.7143
[I 2025-11-18 18:40:14,591] Trial 37 pruned. 

Trial 37 finished with F1 Score: 0.0589
[I 2025-11-18 18:42:06,788] Trial 38 finished with value: 0.8707247917774235 and parameters: {'num_layers': 6, 'base_filters': 128, 'filter_growth': 'exponential', 'kernel_size': 15, 'dropout': 0.13686017661488853, 'reverse_dilation': True, 'batch_size': 64, 'learning_rate': 0.0001890987584981175, 'weight_decay': 0.0003598275749386563, 'optimizer': 'AdamW', 'use_augmentation': False, 'use_scheduler': True, 'scheduler_patience': 3, 'scheduler_factor': 0.26393206282947057}. Best is trial 34 with value: 0.9448343079922027.

Trial 38 finished with F1 Score: 0.8707
[I 2025-11-18 18:42:14,133] Trial 39 pruned. 

Trial 39 finished with F1 Score: 0.0342
[I 2025-11-18 18:42:49,740] Trial 40 pruned. 

Trial 40 finished with F1 Score: 0.3354
[I 2025-11-18 18:45:34,479] Trial 41 finished with value: 0.8655527708159289 and parameters: {'num_layers': 7, 'base_filters': 128, 'filter_growth': 'exponential', 'kernel_size': 13, 'dropout': 0.0344274103742932, 'reverse_dilation': False, 'batch_size': 8, 'learning_rate': 4.468141350295853e-05, 'weight_decay': 2.013415331036087e-06, 'optimizer': 'AdamW', 'use_augmentation': True, 'use_scheduler': False}. Best is trial 34 with value: 0.9448343079922027.

Trial 41 finished with F1 Score: 0.8656
[I 2025-11-18 18:48:23,096] Trial 42 finished with value: 0.9299840510366826 and parameters: {'num_layers': 7, 'base_filters': 128, 'filter_growth': 'exponential', 'kernel_size': 13, 'dropout': 0.06126158896267687, 'reverse_dilation': True, 'batch_size': 8, 'learning_rate': 3.0417795861170332e-05, 'weight_decay': 1.7190650633494583e-06, 'optimizer': 'AdamW', 'use_augmentation': True, 'use_scheduler': False}. Best is trial 34 with value: 0.9448343079922027.

Trial 42 finished with F1 Score: 0.9300
[I 2025-11-18 18:50:30,882] Trial 43 finished with value: 0.88201379517169 and parameters: {'num_layers': 6, 'base_filters': 128, 'filter_growth': 'exponential', 'kernel_size': 13, 'dropout': 0.06959346493913121, 'reverse_dilation': True, 'batch_size': 8, 'learning_rate': 1.121466757549851e-05, 'weight_decay': 3.7827556719194456e-06, 'optimizer': 'AdamW', 'use_augmentation': True, 'use_scheduler': True, 'scheduler_patience': 5, 'scheduler_factor': 0.5615056157327395}. Best is trial 34 with value: 0.9448343079922027.

Trial 43 finished with F1 Score: 0.8820
[I 2025-11-18 18:51:22,525] Trial 44 pruned. 

Trial 44 finished with F1 Score: 0.3805
[I 2025-11-18 18:53:19,011] Trial 45 finished with value: 0.8849826586668692 and parameters: {'num_layers': 7, 'base_filters': 128, 'filter_growth': 'exponential', 'kernel_size': 5, 'dropout': 0.01923543865481523, 'reverse_dilation': True, 'batch_size': 8, 'learning_rate': 1.0100483174023427e-05, 'weight_decay': 6.558475644056944e-06, 'optimizer': 'AdamW', 'use_augmentation': True, 'use_scheduler': False}. Best is trial 34 with value: 0.9448343079922027.

Trial 45 finished with F1 Score: 0.8850
[I 2025-11-18 18:53:27,601] Trial 46 pruned. 

Trial 46 finished with F1 Score: 0.3940
[I 2025-11-18 18:53:45,695] Trial 47 pruned. 

Trial 47 finished with F1 Score: 0.3719
[I 2025-11-18 18:53:51,441] Trial 48 pruned. 

Trial 48 finished with F1 Score: 0.0279
[I 2025-11-18 18:54:11,436] Trial 49 pruned. 

Trial 49 finished with F1 Score: 0.3336
[I 2025-11-18 18:56:45,657] Trial 50 finished with value: 0.8592871066555278 and parameters: {'num_layers': 7, 'base_filters': 128, 'filter_growth': 'exponential', 'kernel_size': 11, 'dropout': 0.11241032257631084, 'reverse_dilation': False, 'batch_size': 8, 'learning_rate': 4.1476725932011525e-05, 'weight_decay': 8.570467940975665e-05, 'optimizer': 'AdamW', 'use_augmentation': False, 'use_scheduler': False}. Best is trial 34 with value: 0.9448343079922027.

Trial 50 finished with F1 Score: 0.8593
[I 2025-11-18 19:01:29,218] Trial 51 finished with value: 0.9065922381711855 and parameters: {'num_layers': 7, 'base_filters': 128, 'filter_growth': 'exponential', 'kernel_size': 13, 'dropout': 0.012858073006469434, 'reverse_dilation': False, 'batch_size': 8, 'learning_rate': 5.3203538359026736e-05, 'weight_decay': 1.5788395018410347e-06, 'optimizer': 'AdamW', 'use_augmentation': True, 'use_scheduler': False}. Best is trial 34 with value: 0.9448343079922027.

Trial 51 finished with F1 Score: 0.9066
[I 2025-11-18 19:06:13,550] Trial 52 finished with value: 0.9065922381711855 and parameters: {'num_layers': 7, 'base_filters': 128, 'filter_growth': 'exponential', 'kernel_size': 13, 'dropout': 0.013913774007163676, 'reverse_dilation': False, 'batch_size': 8, 'learning_rate': 7.602123489571713e-05, 'weight_decay': 2.8175080774293e-06, 'optimizer': 'AdamW', 'use_augmentation': True, 'use_scheduler': False}. Best is trial 34 with value: 0.9448343079922027.

Trial 52 finished with F1 Score: 0.9066
[I 2025-11-18 19:10:57,252] Trial 53 finished with value: 0.9011341485025697 and parameters: {'num_layers': 7, 'base_filters': 128, 'filter_growth': 'exponential', 'kernel_size': 13, 'dropout': 0.0166951498560515, 'reverse_dilation': False, 'batch_size': 8, 'learning_rate': 7.367744089563668e-05, 'weight_decay': 1.7709533996839688e-06, 'optimizer': 'AdamW', 'use_augmentation': True, 'use_scheduler': False}. Best is trial 34 with value: 0.9448343079922027.

Trial 53 finished with F1 Score: 0.9011
[I 2025-11-18 19:13:30,508] Trial 54 pruned. 

Trial 54 finished with F1 Score: 0.7963
[I 2025-11-18 19:17:02,408] Trial 55 finished with value: 0.8676058833953572 and parameters: {'num_layers': 7, 'base_filters': 128, 'filter_growth': 'linear', 'kernel_size': 11, 'dropout': 0.01634529494331033, 'reverse_dilation': False, 'batch_size': 64, 'learning_rate': 7.676420165454597e-05, 'weight_decay': 1.6578172550246667e-06, 'optimizer': 'AdamW', 'use_augmentation': True, 'use_scheduler': False}. Best is trial 34 with value: 0.9448343079922027.

Trial 55 finished with F1 Score: 0.8676
[I 2025-11-18 19:17:44,355] Trial 56 pruned. 

Trial 56 finished with F1 Score: 0.2077
[I 2025-11-18 19:19:14,991] Trial 57 pruned. 

Trial 57 finished with F1 Score: 0.5686
[I 2025-11-18 19:20:06,997] Trial 58 pruned. 

Trial 58 finished with F1 Score: 0.5475
[I 2025-11-18 19:22:20,026] Trial 59 finished with value: 0.9426546163388269 and parameters: {'num_layers': 7, 'base_filters': 128, 'filter_growth': 'exponential', 'kernel_size': 13, 'dropout': 2.8543577547474053e-05, 'reverse_dilation': True, 'batch_size': 8, 'learning_rate': 4.730535873232635e-05, 'weight_decay': 0.0017536787692450364, 'optimizer': 'AdamW', 'use_augmentation': True, 'use_scheduler': False}. Best is trial 34 with value: 0.9448343079922027.

Trial 59 finished with F1 Score: 0.9427
[I 2025-11-18 19:23:36,059] Trial 60 finished with value: 0.9627325890483786 and parameters: {'num_layers': 7, 'base_filters': 32, 'filter_growth': 'linear', 'kernel_size': 11, 'dropout': 0.0023468410693863063, 'reverse_dilation': True, 'batch_size': 8, 'learning_rate': 5.0892116527321965e-05, 'weight_decay': 0.0038311493721093757, 'optimizer': 'AdamW', 'use_augmentation': True, 'use_scheduler': False}. Best is trial 60 with value: 0.9627325890483786.

Trial 60 finished with F1 Score: 0.9627
[I 2025-11-18 19:23:53,537] Trial 61 pruned. 

Trial 61 finished with F1 Score: 0.5929
[I 2025-11-18 19:24:11,276] Trial 62 pruned. 

Trial 62 finished with F1 Score: 0.3770
[I 2025-11-18 19:24:27,251] Trial 63 pruned. 

Trial 63 finished with F1 Score: 0.5259
[I 2025-11-18 19:25:41,792] Trial 64 finished with value: 0.9600389863547758 and parameters: {'num_layers': 7, 'base_filters': 32, 'filter_growth': 'linear', 'kernel_size': 13, 'dropout': 0.029499764020980812, 'reverse_dilation': True, 'batch_size': 8, 'learning_rate': 6.234034124746342e-05, 'weight_decay': 0.002099865455173402, 'optimizer': 'AdamW', 'use_augmentation': True, 'use_scheduler': False}. Best is trial 60 with value: 0.9627325890483786.

Trial 64 finished with F1 Score: 0.9600
[I 2025-11-18 19:26:47,224] Trial 65 finished with value: 0.9448343079922027 and parameters: {'num_layers': 7, 'base_filters': 32, 'filter_growth': 'linear', 'kernel_size': 13, 'dropout': 0.02760098477014028, 'reverse_dilation': True, 'batch_size': 8, 'learning_rate': 5.635848416674399e-05, 'weight_decay': 0.000713906888323473, 'optimizer': 'AdamW', 'use_augmentation': True, 'use_scheduler': False}. Best is trial 60 with value: 0.9627325890483786.

Trial 65 finished with F1 Score: 0.9448
[I 2025-11-18 19:27:05,016] Trial 66 pruned. 

Trial 66 finished with F1 Score: 0.3346
[I 2025-11-18 19:27:16,448] Trial 67 pruned. 

Trial 67 finished with F1 Score: 0.3056
[I 2025-11-18 19:27:31,984] Trial 68 pruned. 

Trial 68 finished with F1 Score: 0.0920
[I 2025-11-18 19:27:49,784] Trial 69 pruned. 

Trial 69 finished with F1 Score: 0.0562
[I 2025-11-18 19:28:09,097] Trial 70 pruned. 

Trial 70 finished with F1 Score: 0.0805
[I 2025-11-18 19:28:26,855] Trial 71 pruned. 

Trial 71 finished with F1 Score: 0.5759
[I 2025-11-18 19:29:27,489] Trial 72 finished with value: 0.9600389863547758 and parameters: {'num_layers': 7, 'base_filters': 32, 'filter_growth': 'linear', 'kernel_size': 13, 'dropout': 0.027784537213722135, 'reverse_dilation': True, 'batch_size': 8, 'learning_rate': 6.089153510973659e-05, 'weight_decay': 0.0055766813800441385, 'optimizer': 'AdamW', 'use_augmentation': True, 'use_scheduler': False}. Best is trial 60 with value: 0.9627325890483786.

Trial 72 finished with F1 Score: 0.9600
[I 2025-11-18 19:29:45,088] Trial 73 pruned. 

Trial 73 finished with F1 Score: 0.5349
[I 2025-11-18 19:30:02,818] Trial 74 pruned. 

Trial 74 finished with F1 Score: 0.4098
[I 2025-11-18 19:30:16,584] Trial 75 pruned. 

Trial 75 finished with F1 Score: 0.5650
[I 2025-11-18 19:30:34,216] Trial 76 pruned. 

Trial 76 finished with F1 Score: 0.4417
[I 2025-11-18 19:30:44,699] Trial 77 pruned. 

Trial 77 finished with F1 Score: 0.1583
[I 2025-11-18 19:31:02,363] Trial 78 pruned. 

Trial 78 finished with F1 Score: 0.0598
[I 2025-11-18 19:31:10,375] Trial 79 pruned. 

Trial 79 finished with F1 Score: 0.0121
[I 2025-11-18 19:31:26,991] Trial 80 pruned. 

Trial 80 finished with F1 Score: 0.0015
[I 2025-11-18 19:32:22,665] Trial 81 finished with value: 0.9524644945697578 and parameters: {'num_layers': 7, 'base_filters': 32, 'filter_growth': 'linear', 'kernel_size': 13, 'dropout': 0.025029132980645664, 'reverse_dilation': True, 'batch_size': 8, 'learning_rate': 5.8358222201421175e-05, 'weight_decay': 0.002704536550671815, 'optimizer': 'AdamW', 'use_augmentation': True, 'use_scheduler': False}. Best is trial 60 with value: 0.9627325890483786.

Trial 81 finished with F1 Score: 0.9525
[I 2025-11-18 19:32:40,299] Trial 82 pruned. 

Trial 82 finished with F1 Score: 0.6305
[I 2025-11-18 19:32:57,970] Trial 83 pruned. 

Trial 83 finished with F1 Score: 0.1558
[I 2025-11-18 19:33:15,718] Trial 84 pruned. 

Trial 84 finished with F1 Score: 0.6074
[I 2025-11-18 19:33:42,376] Trial 85 pruned. 

Trial 85 finished with F1 Score: 0.7274
[I 2025-11-18 19:34:00,103] Trial 86 pruned. 

Trial 86 finished with F1 Score: 0.0226
[I 2025-11-18 19:34:13,588] Trial 87 pruned. 

Trial 87 finished with F1 Score: 0.1746
[I 2025-11-18 19:34:18,308] Trial 88 pruned. 

Trial 88 finished with F1 Score: 0.0196
[I 2025-11-18 19:34:39,080] Trial 89 pruned. 

Trial 89 finished with F1 Score: 0.2495
[I 2025-11-18 19:35:44,746] Trial 90 finished with value: 0.9613680666312244 and parameters: {'num_layers': 7, 'base_filters': 32, 'filter_growth': 'linear', 'kernel_size': 13, 'dropout': 0.03708769969112469, 'reverse_dilation': True, 'batch_size': 8, 'learning_rate': 6.902487174779676e-05, 'weight_decay': 0.004660591554836856, 'optimizer': 'AdamW', 'use_augmentation': True, 'use_scheduler': False}. Best is trial 60 with value: 0.9627325890483786.

Trial 90 finished with F1 Score: 0.9614
[I 2025-11-18 19:37:09,178] Trial 91 finished with value: 0.9627958785853523 and parameters: {'num_layers': 7, 'base_filters': 32, 'filter_growth': 'linear', 'kernel_size': 13, 'dropout': 0.040822678610373905, 'reverse_dilation': True, 'batch_size': 8, 'learning_rate': 6.851836070141268e-05, 'weight_decay': 0.005201619280566437, 'optimizer': 'AdamW', 'use_augmentation': True, 'use_scheduler': False}. Best is trial 91 with value: 0.9627958785853523.

Trial 91 finished with F1 Score: 0.9628
[I 2025-11-18 19:38:09,869] Trial 92 finished with value: 0.9389863547758284 and parameters: {'num_layers': 7, 'base_filters': 32, 'filter_growth': 'linear', 'kernel_size': 13, 'dropout': 0.03914544631453583, 'reverse_dilation': True, 'batch_size': 8, 'learning_rate': 6.681803336048951e-05, 'weight_decay': 0.004556516433477993, 'optimizer': 'AdamW', 'use_augmentation': True, 'use_scheduler': False}. Best is trial 91 with value: 0.9627958785853523.

Trial 92 finished with F1 Score: 0.9390
[I 2025-11-18 19:39:11,198] Trial 93 finished with value: 0.9565302144249513 and parameters: {'num_layers': 7, 'base_filters': 32, 'filter_growth': 'linear', 'kernel_size': 13, 'dropout': 0.0358632116386919, 'reverse_dilation': True, 'batch_size': 8, 'learning_rate': 0.00010579056853228489, 'weight_decay': 0.004567383974868338, 'optimizer': 'AdamW', 'use_augmentation': True, 'use_scheduler': False}. Best is trial 91 with value: 0.9627958785853523.

Trial 93 finished with F1 Score: 0.9565
[I 2025-11-18 19:40:10,787] Trial 94 finished with value: 0.9458368142578668 and parameters: {'num_layers': 7, 'base_filters': 32, 'filter_growth': 'linear', 'kernel_size': 13, 'dropout': 0.001640429065155876, 'reverse_dilation': True, 'batch_size': 8, 'learning_rate': 9.600354983361593e-05, 'weight_decay': 0.006368943151592782, 'optimizer': 'AdamW', 'use_augmentation': True, 'use_scheduler': False}. Best is trial 91 with value: 0.9627958785853523.

Trial 94 finished with F1 Score: 0.9458
[I 2025-11-18 19:41:14,512] Trial 95 finished with value: 0.9600389863547758 and parameters: {'num_layers': 7, 'base_filters': 32, 'filter_growth': 'linear', 'kernel_size': 13, 'dropout': 0.023644145207529416, 'reverse_dilation': True, 'batch_size': 8, 'learning_rate': 0.00010440143804717008, 'weight_decay': 0.006070397739658763, 'optimizer': 'AdamW', 'use_augmentation': True, 'use_scheduler': False}. Best is trial 91 with value: 0.9627958785853523.

Trial 95 finished with F1 Score: 0.9600
[I 2025-11-18 19:41:32,263] Trial 96 pruned. 

Trial 96 finished with F1 Score: 0.5371
[I 2025-11-18 19:41:51,746] Trial 97 pruned. 

Trial 97 finished with F1 Score: 0.7792
[I 2025-11-18 19:42:05,135] Trial 98 pruned. 

Trial 98 finished with F1 Score: 0.3705
[I 2025-11-18 19:42:24,136] Trial 99 pruned. 

Trial 99 finished with F1 Score: 0.5588
[I 2025-11-18 19:42:38,257] Trial 100 pruned. 

Trial 100 finished with F1 Score: 0.5611
[I 2025-11-18 19:44:03,273] Trial 101 finished with value: 0.9637072479177743 and parameters: {'num_layers': 7, 'base_filters': 32, 'filter_growth': 'linear', 'kernel_size': 13, 'dropout': 0.025917936807489973, 'reverse_dilation': True, 'batch_size': 8, 'learning_rate': 8.474403387125218e-05, 'weight_decay': 0.00599869807346155, 'optimizer': 'AdamW', 'use_augmentation': True, 'use_scheduler': False}. Best is trial 101 with value: 0.9637072479177743.

Trial 101 finished with F1 Score: 0.9637
[I 2025-11-18 19:45:09,733] Trial 102 finished with value: 0.9656211235158604 and parameters: {'num_layers': 7, 'base_filters': 32, 'filter_growth': 'linear', 'kernel_size': 13, 'dropout': 0.023493586151459942, 'reverse_dilation': True, 'batch_size': 8, 'learning_rate': 8.342728464216577e-05, 'weight_decay': 0.005725369186559496, 'optimizer': 'AdamW', 'use_augmentation': True, 'use_scheduler': False}. Best is trial 102 with value: 0.9656211235158604.

Trial 102 finished with F1 Score: 0.9656
[I 2025-11-18 19:46:15,846] Trial 103 finished with value: 0.9401825270246322 and parameters: {'num_layers': 7, 'base_filters': 32, 'filter_growth': 'linear', 'kernel_size': 13, 'dropout': 0.011546915930725096, 'reverse_dilation': True, 'batch_size': 8, 'learning_rate': 8.493081945051564e-05, 'weight_decay': 0.007962219288578258, 'optimizer': 'AdamW', 'use_augmentation': True, 'use_scheduler': False}. Best is trial 102 with value: 0.9656211235158604.

Trial 103 finished with F1 Score: 0.9402
[I 2025-11-18 19:47:35,654] Trial 104 finished with value: 0.9247841826789196 and parameters: {'num_layers': 7, 'base_filters': 32, 'filter_growth': 'linear', 'kernel_size': 13, 'dropout': 0.024834668563518573, 'reverse_dilation': True, 'batch_size': 8, 'learning_rate': 0.00016417318264619332, 'weight_decay': 0.005493205030085018, 'optimizer': 'AdamW', 'use_augmentation': True, 'use_scheduler': False}. Best is trial 102 with value: 0.9656211235158604.

Trial 104 finished with F1 Score: 0.9248
[I 2025-11-18 19:48:08,548] Trial 105 pruned. 

Trial 105 finished with F1 Score: 0.8274
[I 2025-11-18 19:48:26,239] Trial 106 pruned. 

Trial 106 finished with F1 Score: 0.6361
[I 2025-11-18 19:49:12,668] Trial 107 finished with value: 0.8816688185109239 and parameters: {'num_layers': 7, 'base_filters': 32, 'filter_growth': 'linear', 'kernel_size': 13, 'dropout': 0.00014874739611777169, 'reverse_dilation': True, 'batch_size': 8, 'learning_rate': 0.0001370750856179509, 'weight_decay': 0.006296601854356563, 'optimizer': 'AdamW', 'use_augmentation': True, 'use_scheduler': False}. Best is trial 102 with value: 0.9656211235158604.

Trial 107 finished with F1 Score: 0.8817
[I 2025-11-18 19:49:30,367] Trial 108 pruned. 

Trial 108 finished with F1 Score: 0.0685
[I 2025-11-18 19:49:42,697] Trial 109 pruned. 

Trial 109 finished with F1 Score: 0.5669
[I 2025-11-18 19:50:00,590] Trial 110 pruned. 

Trial 110 finished with F1 Score: 0.5828
[I 2025-11-18 19:50:27,710] Trial 111 pruned. 

Trial 111 finished with F1 Score: 0.7510
[I 2025-11-18 19:51:21,718] Trial 112 finished with value: 0.9198475987949672 and parameters: {'num_layers': 7, 'base_filters': 32, 'filter_growth': 'linear', 'kernel_size': 13, 'dropout': 0.008818772677907292, 'reverse_dilation': True, 'batch_size': 8, 'learning_rate': 0.00011856550259938628, 'weight_decay': 0.005737811584763487, 'optimizer': 'AdamW', 'use_augmentation': True, 'use_scheduler': True, 'scheduler_patience': 13, 'scheduler_factor': 0.4526996622401716}. Best is trial 102 with value: 0.9656211235158604.

Trial 112 finished with F1 Score: 0.9198
[I 2025-11-18 19:51:39,214] Trial 113 pruned. 

Trial 113 finished with F1 Score: 0.5675
[I 2025-11-18 19:51:58,567] Trial 114 pruned. 

Trial 114 finished with F1 Score: 0.5434
[I 2025-11-18 19:52:16,275] Trial 115 pruned. 

Trial 115 finished with F1 Score: 0.6043
[I 2025-11-18 19:52:29,971] Trial 116 pruned. 

Trial 116 finished with F1 Score: 0.6321
[I 2025-11-18 19:52:47,372] Trial 117 pruned. 

Trial 117 finished with F1 Score: 0.3944
[I 2025-11-18 19:52:54,903] Trial 118 pruned. 

Trial 118 finished with F1 Score: 0.2062
[I 2025-11-18 19:54:24,465] Trial 119 finished with value: 0.95629224576593 and parameters: {'num_layers': 7, 'base_filters': 32, 'filter_growth': 'linear', 'kernel_size': 15, 'dropout': 0.022065858688215624, 'reverse_dilation': True, 'batch_size': 8, 'learning_rate': 6.234925016205558e-05, 'weight_decay': 0.0047036298435674, 'optimizer': 'AdamW', 'use_augmentation': True, 'use_scheduler': False}. Best is trial 102 with value: 0.9656211235158604.

Trial 119 finished with F1 Score: 0.9563
[I 2025-11-18 19:54:37,291] Trial 120 pruned. 

Trial 120 finished with F1 Score: 0.6119
[I 2025-11-18 19:54:58,479] Trial 121 pruned. 

Trial 121 finished with F1 Score: 0.6061
[I 2025-11-18 19:55:56,275] Trial 122 finished with value: 0.9247208931419458 and parameters: {'num_layers': 7, 'base_filters': 32, 'filter_growth': 'linear', 'kernel_size': 15, 'dropout': 0.01940832259358133, 'reverse_dilation': True, 'batch_size': 8, 'learning_rate': 6.199017175746712e-05, 'weight_decay': 0.006050825125669734, 'optimizer': 'AdamW', 'use_augmentation': True, 'use_scheduler': False}. Best is trial 102 with value: 0.9656211235158604.

Trial 122 finished with F1 Score: 0.9247
[I 2025-11-18 19:56:15,609] Trial 123 pruned. 

Trial 123 finished with F1 Score: 0.6212
[I 2025-11-18 19:56:34,962] Trial 124 pruned. 

Trial 124 finished with F1 Score: 0.6293
[I 2025-11-18 19:56:46,126] Trial 125 pruned. 

Trial 125 finished with F1 Score: 0.4007
[I 2025-11-18 19:57:03,927] Trial 126 pruned. 

Trial 126 finished with F1 Score: 0.5793
[I 2025-11-18 19:57:23,311] Trial 127 pruned. 

Trial 127 finished with F1 Score: 0.6307
[I 2025-11-18 19:59:37,428] Trial 128 finished with value: 0.9409002303739147 and parameters: {'num_layers': 7, 'base_filters': 64, 'filter_growth': 'linear', 'kernel_size': 13, 'dropout': 0.045776543116399324, 'reverse_dilation': True, 'batch_size': 8, 'learning_rate': 7.93008582654225e-05, 'weight_decay': 0.002123538461311188, 'optimizer': 'AdamW', 'use_augmentation': True, 'use_scheduler': False}. Best is trial 102 with value: 0.9656211235158604.

Trial 128 finished with F1 Score: 0.9409
[I 2025-11-18 19:59:55,138] Trial 129 pruned. 

Trial 129 finished with F1 Score: 0.0148
[I 2025-11-18 20:00:12,811] Trial 130 pruned. 

Trial 130 finished with F1 Score: 0.4841
[I 2025-11-18 20:01:13,354] Trial 131 finished with value: 0.9571150097465887 and parameters: {'num_layers': 7, 'base_filters': 32, 'filter_growth': 'linear', 'kernel_size': 13, 'dropout': 0.02554406919251721, 'reverse_dilation': True, 'batch_size': 8, 'learning_rate': 6.177939866150751e-05, 'weight_decay': 0.0037879667414164172, 'optimizer': 'AdamW', 'use_augmentation': True, 'use_scheduler': False}. Best is trial 102 with value: 0.9656211235158604.

Trial 131 finished with F1 Score: 0.9571
[I 2025-11-18 20:02:20,338] Trial 132 finished with value: 0.9399888610414926 and parameters: {'num_layers': 7, 'base_filters': 32, 'filter_growth': 'linear', 'kernel_size': 13, 'dropout': 0.028330111585736, 'reverse_dilation': True, 'batch_size': 8, 'learning_rate': 7.106575491236474e-05, 'weight_decay': 0.0036503701662728306, 'optimizer': 'AdamW', 'use_augmentation': True, 'use_scheduler': False}. Best is trial 102 with value: 0.9656211235158604.

Trial 132 finished with F1 Score: 0.9400
[I 2025-11-18 20:02:49,786] Trial 133 pruned. 

Trial 133 finished with F1 Score: 0.8139
[I 2025-11-18 20:03:09,156] Trial 134 pruned. 

Trial 134 finished with F1 Score: 0.6140
[I 2025-11-18 20:04:32,835] Trial 135 finished with value: 0.9613680666312244 and parameters: {'num_layers': 7, 'base_filters': 32, 'filter_growth': 'linear', 'kernel_size': 13, 'dropout': 0.04134027432989137, 'reverse_dilation': True, 'batch_size': 8, 'learning_rate': 9.018930536897613e-05, 'weight_decay': 0.002456440093671778, 'optimizer': 'AdamW', 'use_augmentation': True, 'use_scheduler': False}. Best is trial 102 with value: 0.9656211235158604.

Trial 135 finished with F1 Score: 0.9614
[I 2025-11-18 20:04:52,205] Trial 136 pruned. 

Trial 136 finished with F1 Score: 0.6487
[I 2025-11-18 20:05:04,518] Trial 137 pruned. 

Trial 137 finished with F1 Score: 0.5751
[I 2025-11-18 20:06:28,353] Trial 138 finished with value: 0.9540239487607909 and parameters: {'num_layers': 7, 'base_filters': 32, 'filter_growth': 'linear', 'kernel_size': 13, 'dropout': 0.032418727548035174, 'reverse_dilation': True, 'batch_size': 8, 'learning_rate': 9.192306737592712e-05, 'weight_decay': 0.007974033867247645, 'optimizer': 'AdamW', 'use_augmentation': True, 'use_scheduler': False}. Best is trial 102 with value: 0.9656211235158604.

Trial 138 finished with F1 Score: 0.9540
[I 2025-11-18 20:06:52,136] Trial 139 pruned. 

Trial 139 finished with F1 Score: 0.7255
[I 2025-11-18 20:07:05,822] Trial 140 pruned. 

Trial 140 finished with F1 Score: 0.6309
[I 2025-11-18 20:07:55,243] Trial 141 finished with value: 0.9296296296296297 and parameters: {'num_layers': 7, 'base_filters': 32, 'filter_growth': 'linear', 'kernel_size': 13, 'dropout': 0.02113052854160601, 'reverse_dilation': True, 'batch_size': 8, 'learning_rate': 9.33803708788491e-05, 'weight_decay': 0.006707640367436466, 'optimizer': 'AdamW', 'use_augmentation': True, 'use_scheduler': False}. Best is trial 102 with value: 0.9656211235158604.

Trial 141 finished with F1 Score: 0.9296
[I 2025-11-18 20:08:14,581] Trial 142 pruned. 

Trial 142 finished with F1 Score: 0.6439
[I 2025-11-18 20:09:16,564] Trial 143 finished with value: 0.9193957115009745 and parameters: {'num_layers': 7, 'base_filters': 32, 'filter_growth': 'linear', 'kernel_size': 13, 'dropout': 0.0008017879325228403, 'reverse_dilation': True, 'batch_size': 8, 'learning_rate': 6.0381819443895575e-05, 'weight_decay': 0.007550888643107314, 'optimizer': 'AdamW', 'use_augmentation': True, 'use_scheduler': False}. Best is trial 102 with value: 0.9656211235158604.

Trial 143 finished with F1 Score: 0.9194
[I 2025-11-18 20:09:24,504] Trial 144 pruned. 

Trial 144 finished with F1 Score: 0.1253
[I 2025-11-18 20:09:42,171] Trial 145 pruned. 

Trial 145 finished with F1 Score: 0.6154
[I 2025-11-18 20:09:50,089] Trial 146 pruned. 

Trial 146 finished with F1 Score: 0.3809
[I 2025-11-18 20:10:05,976] Trial 147 pruned. 

Trial 147 finished with F1 Score: 0.6048
[I 2025-11-18 20:10:23,671] Trial 148 pruned. 

Trial 148 finished with F1 Score: 0.6483
[I 2025-11-18 20:10:36,378] Trial 149 pruned. 

Trial 149 finished with F1 Score: 0.0248
[I 2025-11-18 20:10:55,704] Trial 150 pruned. 

Trial 150 finished with F1 Score: 0.6449
[I 2025-11-18 20:11:15,007] Trial 151 pruned. 

Trial 151 finished with F1 Score: 0.5286
[I 2025-11-18 20:13:04,059] Trial 152 finished with value: 0.9350877192982455 and parameters: {'num_layers': 7, 'base_filters': 64, 'filter_growth': 'linear', 'kernel_size': 7, 'dropout': 0.015569608283102172, 'reverse_dilation': True, 'batch_size': 8, 'learning_rate': 4.2200214163698964e-05, 'weight_decay': 0.005033997287822046, 'optimizer': 'AdamW', 'use_augmentation': True, 'use_scheduler': False}. Best is trial 102 with value: 0.9656211235158604.

Trial 152 finished with F1 Score: 0.9351
[I 2025-11-18 20:13:23,433] Trial 153 pruned. 

Trial 153 finished with F1 Score: 0.6575
[I 2025-11-18 20:13:37,777] Trial 154 pruned. 

Trial 154 finished with F1 Score: 0.2767
[I 2025-11-18 20:13:55,421] Trial 155 pruned. 

Trial 155 finished with F1 Score: 0.6543
[I 2025-11-18 20:15:18,835] Trial 156 finished with value: 0.9613680666312244 and parameters: {'num_layers': 7, 'base_filters': 32, 'filter_growth': 'linear', 'kernel_size': 13, 'dropout': 0.006794650840406737, 'reverse_dilation': True, 'batch_size': 8, 'learning_rate': 8.013677366467186e-05, 'weight_decay': 0.001502870440151405, 'optimizer': 'AdamW', 'use_augmentation': True, 'use_scheduler': False}. Best is trial 102 with value: 0.9656211235158604.

Trial 156 finished with F1 Score: 0.9614
[I 2025-11-18 20:15:39,799] Trial 157 pruned. 

Trial 157 finished with F1 Score: 0.7248
[I 2025-11-18 20:15:57,329] Trial 158 pruned. 

Trial 158 finished with F1 Score: 0.1310
[I 2025-11-18 20:16:14,693] Trial 159 pruned. 

Trial 159 finished with F1 Score: 0.0017
[I 2025-11-18 20:17:38,391] Trial 160 finished with value: 0.9658869395711501 and parameters: {'num_layers': 7, 'base_filters': 32, 'filter_growth': 'linear', 'kernel_size': 13, 'dropout': 0.02208528755253426, 'reverse_dilation': True, 'batch_size': 8, 'learning_rate': 9.29558217542935e-05, 'weight_decay': 0.0044478395955166086, 'optimizer': 'AdamW', 'use_augmentation': True, 'use_scheduler': False}. Best is trial 160 with value: 0.9658869395711501.

Trial 160 finished with F1 Score: 0.9659
[I 2025-11-18 20:18:38,615] Trial 161 finished with value: 0.9348851927799295 and parameters: {'num_layers': 7, 'base_filters': 32, 'filter_growth': 'linear', 'kernel_size': 13, 'dropout': 0.02119643280360256, 'reverse_dilation': True, 'batch_size': 8, 'learning_rate': 9.330190374363127e-05, 'weight_decay': 0.005500387707387866, 'optimizer': 'AdamW', 'use_augmentation': True, 'use_scheduler': False}. Best is trial 160 with value: 0.9658869395711501.

Trial 161 finished with F1 Score: 0.9349
[I 2025-11-18 20:18:56,288] Trial 162 pruned. 

Trial 162 finished with F1 Score: 0.6140
[I 2025-11-18 20:20:00,683] Trial 163 finished with value: 0.942495126705653 and parameters: {'num_layers': 7, 'base_filters': 32, 'filter_growth': 'linear', 'kernel_size': 13, 'dropout': 0.010142243778304886, 'reverse_dilation': True, 'batch_size': 8, 'learning_rate': 0.00010707524861287871, 'weight_decay': 0.004396834463989353, 'optimizer': 'AdamW', 'use_augmentation': True, 'use_scheduler': False}. Best is trial 160 with value: 0.9658869395711501.

Trial 163 finished with F1 Score: 0.9425
[I 2025-11-18 20:20:20,044] Trial 164 pruned. 

Trial 164 finished with F1 Score: 0.6502
[I 2025-11-18 20:20:37,686] Trial 165 pruned. 

Trial 165 finished with F1 Score: 0.6352
[I 2025-11-18 20:21:07,033] Trial 166 pruned. 

Trial 166 finished with F1 Score: 0.8152
[I 2025-11-18 20:21:18,979] Trial 167 pruned. 

Trial 167 finished with F1 Score: 0.3843
[I 2025-11-18 20:22:42,854] Trial 168 finished with value: 0.9413255360623781 and parameters: {'num_layers': 7, 'base_filters': 32, 'filter_growth': 'linear', 'kernel_size': 13, 'dropout': 0.028048392387041994, 'reverse_dilation': True, 'batch_size': 8, 'learning_rate': 8.04912790715692e-05, 'weight_decay': 0.0024042757185371725, 'optimizer': 'AdamW', 'use_augmentation': True, 'use_scheduler': False}. Best is trial 160 with value: 0.9658869395711501.

Trial 168 finished with F1 Score: 0.9413
[I 2025-11-18 20:23:00,372] Trial 169 pruned. 

Trial 169 finished with F1 Score: 0.5194
[I 2025-11-18 20:23:18,249] Trial 170 pruned. 

Trial 170 finished with F1 Score: 0.6329
[I 2025-11-18 20:23:26,264] Trial 171 pruned. 

Trial 171 finished with F1 Score: 0.2338
[I 2025-11-18 20:23:45,627] Trial 172 pruned. 

Trial 172 finished with F1 Score: 0.3110
[I 2025-11-18 20:24:03,330] Trial 173 pruned. 

Trial 173 finished with F1 Score: 0.2810
[I 2025-11-18 20:25:04,982] Trial 174 finished with value: 0.9337231968810916 and parameters: {'num_layers': 7, 'base_filters': 32, 'filter_growth': 'linear', 'kernel_size': 13, 'dropout': 0.040508190171448, 'reverse_dilation': True, 'batch_size': 8, 'learning_rate': 7.691118144513452e-05, 'weight_decay': 0.0019300732326539844, 'optimizer': 'AdamW', 'use_augmentation': True, 'use_scheduler': False}. Best is trial 160 with value: 0.9658869395711501.

Trial 174 finished with F1 Score: 0.9337
[I 2025-11-18 20:25:22,855] Trial 175 pruned. 

Trial 175 finished with F1 Score: 0.6150
[I 2025-11-18 20:27:26,751] Trial 176 finished with value: 0.9410331384015594 and parameters: {'num_layers': 7, 'base_filters': 64, 'filter_growth': 'linear', 'kernel_size': 15, 'dropout': 0.02857673016971255, 'reverse_dilation': True, 'batch_size': 16, 'learning_rate': 9.891221550626731e-05, 'weight_decay': 0.0036157672480669058, 'optimizer': 'AdamW', 'use_augmentation': True, 'use_scheduler': True, 'scheduler_patience': 12, 'scheduler_factor': 0.444983001122215}. Best is trial 160 with value: 0.9658869395711501.

Trial 176 finished with F1 Score: 0.9410
[I 2025-11-18 20:30:30,776] Trial 177 finished with value: 0.9618212197159567 and parameters: {'num_layers': 7, 'base_filters': 32, 'filter_growth': 'exponential', 'kernel_size': 13, 'dropout': 0.00901849223671607, 'reverse_dilation': True, 'batch_size': 8, 'learning_rate': 8.41256334350386e-05, 'weight_decay': 0.002926257274154874, 'optimizer': 'Adam', 'use_augmentation': True, 'use_scheduler': False}. Best is trial 160 with value: 0.9658869395711501.

Trial 177 finished with F1 Score: 0.9618
[I 2025-11-18 20:30:55,243] Trial 178 pruned. 

Trial 178 finished with F1 Score: 0.7710
[I 2025-11-18 20:31:13,055] Trial 179 pruned. 

Trial 179 finished with F1 Score: 0.6257
[I 2025-11-18 20:33:18,049] Trial 180 finished with value: 0.9343003974582922 and parameters: {'num_layers': 7, 'base_filters': 32, 'filter_growth': 'exponential', 'kernel_size': 13, 'dropout': 0.016160615978032363, 'reverse_dilation': True, 'batch_size': 32, 'learning_rate': 9.316292717677835e-05, 'weight_decay': 0.0046725430558706696, 'optimizer': 'Adam', 'use_augmentation': True, 'use_scheduler': False}. Best is trial 160 with value: 0.9658869395711501.

Trial 180 finished with F1 Score: 0.9343
[I 2025-11-18 20:35:58,006] Trial 181 finished with value: 0.956947925368978 and parameters: {'num_layers': 7, 'base_filters': 32, 'filter_growth': 'exponential', 'kernel_size': 13, 'dropout': 0.034795966690185455, 'reverse_dilation': True, 'batch_size': 8, 'learning_rate': 6.876570715858216e-05, 'weight_decay': 0.0025987141688996345, 'optimizer': 'Adam', 'use_augmentation': True, 'use_scheduler': False}. Best is trial 160 with value: 0.9658869395711501.

Trial 181 finished with F1 Score: 0.9569
[I 2025-11-18 20:39:01,465] Trial 182 finished with value: 0.9623781676413256 and parameters: {'num_layers': 7, 'base_filters': 32, 'filter_growth': 'exponential', 'kernel_size': 13, 'dropout': 0.03726261208827265, 'reverse_dilation': True, 'batch_size': 8, 'learning_rate': 6.967124023739433e-05, 'weight_decay': 0.002434366066341198, 'optimizer': 'Adam', 'use_augmentation': True, 'use_scheduler': False}. Best is trial 160 with value: 0.9658869395711501.

Trial 182 finished with F1 Score: 0.9624
[I 2025-11-18 20:40:35,048] Trial 183 finished with value: 0.8916179337231969 and parameters: {'num_layers': 7, 'base_filters': 32, 'filter_growth': 'exponential', 'kernel_size': 13, 'dropout': 0.0459914433301635, 'reverse_dilation': True, 'batch_size': 8, 'learning_rate': 6.271178211619255e-05, 'weight_decay': 0.0024544693572685124, 'optimizer': 'Adam', 'use_augmentation': True, 'use_scheduler': False}. Best is trial 160 with value: 0.9658869395711501.

Trial 183 finished with F1 Score: 0.8916
[I 2025-11-18 20:42:56,236] Trial 184 finished with value: 0.9512670565302144 and parameters: {'num_layers': 7, 'base_filters': 32, 'filter_growth': 'exponential', 'kernel_size': 13, 'dropout': 0.03533358649825906, 'reverse_dilation': True, 'batch_size': 8, 'learning_rate': 6.92486640514943e-05, 'weight_decay': 0.001582936835946566, 'optimizer': 'Adam', 'use_augmentation': True, 'use_scheduler': False}. Best is trial 160 with value: 0.9658869395711501.

Trial 184 finished with F1 Score: 0.9513
[I 2025-11-18 20:44:44,505] Trial 185 finished with value: 0.9343003974582922 and parameters: {'num_layers': 7, 'base_filters': 32, 'filter_growth': 'exponential', 'kernel_size': 13, 'dropout': 0.03205762972221457, 'reverse_dilation': True, 'batch_size': 8, 'learning_rate': 5.1827830127090925e-05, 'weight_decay': 0.0029151436514003233, 'optimizer': 'Adam', 'use_augmentation': True, 'use_scheduler': False}. Best is trial 160 with value: 0.9658869395711501.

Trial 185 finished with F1 Score: 0.9343
[I 2025-11-18 20:46:18,130] Trial 186 finished with value: 0.9358952937900307 and parameters: {'num_layers': 7, 'base_filters': 32, 'filter_growth': 'exponential', 'kernel_size': 13, 'dropout': 0.04225846319809665, 'reverse_dilation': True, 'batch_size': 8, 'learning_rate': 7.355652466754784e-05, 'weight_decay': 0.0033590923656506744, 'optimizer': 'Adam', 'use_augmentation': True, 'use_scheduler': False}. Best is trial 160 with value: 0.9658869395711501.

Trial 186 finished with F1 Score: 0.9359
[I 2025-11-18 20:47:51,691] Trial 187 finished with value: 0.8922027290448343 and parameters: {'num_layers': 7, 'base_filters': 32, 'filter_growth': 'exponential', 'kernel_size': 13, 'dropout': 0.05203127059193208, 'reverse_dilation': True, 'batch_size': 8, 'learning_rate': 5.923913076801142e-05, 'weight_decay': 0.002009906507219134, 'optimizer': 'Adam', 'use_augmentation': True, 'use_scheduler': False}. Best is trial 160 with value: 0.9658869395711501.

Trial 187 finished with F1 Score: 0.8922
[I 2025-11-18 20:50:22,102] Trial 188 finished with value: 0.9394040657198551 and parameters: {'num_layers': 7, 'base_filters': 32, 'filter_growth': 'exponential', 'kernel_size': 13, 'dropout': 0.06856397567711797, 'reverse_dilation': True, 'batch_size': 8, 'learning_rate': 8.621743759370027e-05, 'weight_decay': 0.0013516340363389362, 'optimizer': 'Adam', 'use_augmentation': True, 'use_scheduler': False}. Best is trial 160 with value: 0.9658869395711501.

Trial 188 finished with F1 Score: 0.9394
[I 2025-11-18 20:50:31,857] Trial 189 pruned. 

Trial 189 finished with F1 Score: 0.2129
[I 2025-11-18 20:53:35,350] Trial 190 finished with value: 0.9594541910331384 and parameters: {'num_layers': 7, 'base_filters': 32, 'filter_growth': 'exponential', 'kernel_size': 13, 'dropout': 0.01713209547658645, 'reverse_dilation': True, 'batch_size': 8, 'learning_rate': 6.388281242333516e-05, 'weight_decay': 0.003927439260640724, 'optimizer': 'Adam', 'use_augmentation': True, 'use_scheduler': False}. Best is trial 160 with value: 0.9658869395711501.

Trial 190 finished with F1 Score: 0.9595
[I 2025-11-18 20:55:01,606] Trial 191 finished with value: 0.9530492898913953 and parameters: {'num_layers': 7, 'base_filters': 32, 'filter_growth': 'exponential', 'kernel_size': 13, 'dropout': 0.019261834639506065, 'reverse_dilation': True, 'batch_size': 8, 'learning_rate': 6.420323574647469e-05, 'weight_decay': 0.0039123703497263365, 'optimizer': 'Adam', 'use_augmentation': True, 'use_scheduler': False}. Best is trial 160 with value: 0.9658869395711501.

Trial 191 finished with F1 Score: 0.9530
[I 2025-11-18 20:56:35,203] Trial 192 finished with value: 0.9372243740664793 and parameters: {'num_layers': 7, 'base_filters': 32, 'filter_growth': 'exponential', 'kernel_size': 13, 'dropout': 0.016254346300950594, 'reverse_dilation': True, 'batch_size': 8, 'learning_rate': 8.375719522125011e-05, 'weight_decay': 0.003963570011842575, 'optimizer': 'Adam', 'use_augmentation': True, 'use_scheduler': False}. Best is trial 160 with value: 0.9658869395711501.

Trial 192 finished with F1 Score: 0.9372
[I 2025-11-18 20:58:28,920] Trial 193 finished with value: 0.9631502999924052 and parameters: {'num_layers': 7, 'base_filters': 32, 'filter_growth': 'exponential', 'kernel_size': 13, 'dropout': 0.007948141598221124, 'reverse_dilation': True, 'batch_size': 8, 'learning_rate': 6.664436081428724e-05, 'weight_decay': 0.004816897391207906, 'optimizer': 'Adam', 'use_augmentation': True, 'use_scheduler': False}. Best is trial 160 with value: 0.9658869395711501.

Trial 193 finished with F1 Score: 0.9632
[I 2025-11-18 21:01:14,118] Trial 194 finished with value: 0.9637072479177743 and parameters: {'num_layers': 7, 'base_filters': 32, 'filter_growth': 'exponential', 'kernel_size': 13, 'dropout': 0.0005949337440479298, 'reverse_dilation': True, 'batch_size': 8, 'learning_rate': 5.098268701303711e-05, 'weight_decay': 0.0045217550133677675, 'optimizer': 'Adam', 'use_augmentation': True, 'use_scheduler': False}. Best is trial 160 with value: 0.9658869395711501.

Trial 194 finished with F1 Score: 0.9637
[I 2025-11-18 21:03:33,723] Trial 195 finished with value: 0.9549353180932129 and parameters: {'num_layers': 7, 'base_filters': 32, 'filter_growth': 'exponential', 'kernel_size': 13, 'dropout': 0.007725751930128327, 'reverse_dilation': True, 'batch_size': 8, 'learning_rate': 4.2820202667764495e-05, 'weight_decay': 0.0049626064294745744, 'optimizer': 'Adam', 'use_augmentation': True, 'use_scheduler': False}. Best is trial 160 with value: 0.9658869395711501.

Trial 195 finished with F1 Score: 0.9549
[I 2025-11-18 21:05:53,214] Trial 196 finished with value: 0.9598719019771652 and parameters: {'num_layers': 7, 'base_filters': 32, 'filter_growth': 'exponential', 'kernel_size': 13, 'dropout': 0.00638874676895992, 'reverse_dilation': True, 'batch_size': 8, 'learning_rate': 5.220097860855027e-05, 'weight_decay': 0.0035102619422515188, 'optimizer': 'Adam', 'use_augmentation': True, 'use_scheduler': False}. Best is trial 160 with value: 0.9658869395711501.

Trial 196 finished with F1 Score: 0.9599
[I 2025-11-18 21:07:28,609] Trial 197 finished with value: 0.9228272701956913 and parameters: {'num_layers': 7, 'base_filters': 32, 'filter_growth': 'exponential', 'kernel_size': 13, 'dropout': 0.0010666294195223437, 'reverse_dilation': True, 'batch_size': 8, 'learning_rate': 5.0229856894824875e-05, 'weight_decay': 0.0033038227252415436, 'optimizer': 'Adam', 'use_augmentation': True, 'use_scheduler': False}. Best is trial 160 with value: 0.9658869395711501.

Trial 197 finished with F1 Score: 0.9228
[I 2025-11-18 21:09:33,741] Trial 198 finished with value: 0.9576922103237893 and parameters: {'num_layers': 7, 'base_filters': 32, 'filter_growth': 'exponential', 'kernel_size': 13, 'dropout': 0.007611265409496327, 'reverse_dilation': True, 'batch_size': 8, 'learning_rate': 5.028213280601516e-05, 'weight_decay': 0.0028283976077162066, 'optimizer': 'Adam', 'use_augmentation': False, 'use_scheduler': False}. Best is trial 160 with value: 0.9658869395711501.

Trial 198 finished with F1 Score: 0.9577
[I 2025-11-18 21:10:51,765] Trial 199 finished with value: 0.9261132629553682 and parameters: {'num_layers': 7, 'base_filters': 32, 'filter_growth': 'exponential', 'kernel_size': 13, 'dropout': 0.008251644912452775, 'reverse_dilation': True, 'batch_size': 8, 'learning_rate': 4.8546611809685425e-05, 'weight_decay': 0.002611830570150361, 'optimizer': 'Adam', 'use_augmentation': False, 'use_scheduler': False}. Best is trial 160 with value: 0.9658869395711501.

Trial 199 finished with F1 Score: 0.9261

================================================================================
OPTIMIZATION COMPLETE - REAL DATA
================================================================================

Number of finished trials: 200

--------------------------------------------------------------------------------
BEST TRIAL
--------------------------------------------------------------------------------
  Trial number: 160
  Macro F1 Score: 0.9659

  Best Hyperparameters:
    num_layers: 7
    base_filters: 32
    filter_growth: linear
    kernel_size: 13
    dropout: 0.02208528755253426
    reverse_dilation: True
    batch_size: 8
    learning_rate: 9.29558217542935e-05
    weight_decay: 0.0044478395955166086
    optimizer: AdamW
    use_augmentation: True
    use_scheduler: False

  Statistics:
    Complete trials: 91
    Pruned trials: 109

--------------------------------------------------------------------------------
TOP 10 TRIALS
--------------------------------------------------------------------------------
1. Trial 160: F1 = 0.9659
2. Trial 102: F1 = 0.9656
3. Trial 101: F1 = 0.9637
4. Trial 194: F1 = 0.9637
5. Trial 193: F1 = 0.9632
6. Trial 91: F1 = 0.9628
7. Trial 60: F1 = 0.9627
8. Trial 182: F1 = 0.9624
9. Trial 177: F1 = 0.9618
10. Trial 90: F1 = 0.9614

--------------------------------------------------------------------------------
HYPERPARAMETER IMPORTANCE
--------------------------------------------------------------------------------
  kernel_size: 0.4154
  optimizer: 0.3133
  learning_rate: 0.0674
  filter_growth: 0.0668
  num_layers: 0.0405
  dropout: 0.0296
  use_augmentation: 0.0191
  base_filters: 0.0157
  use_scheduler: 0.0094
  weight_decay: 0.0089
  reverse_dilation: 0.0085
  batch_size: 0.0053

================================================================================
RESULTS SAVED TO DATABASE
================================================================================
Database location: optuna_tcn_real_study.db
Study name: tcn_shark_real_data

To visualize results, use Optuna Dashboard:
  pip install optuna-dashboard
  optuna-dashboard sqlite:///optuna_tcn_real_study.db
================================================================================

Best hyperparameters also saved to: best_hyperparameters_real.json
Finished at: Tue 18 Nov 2025 09:10:53 PM EST
