Job started at: Mon 17 Nov 2025 06:43:43 PM EST
Running on node: gpu-5-22
Python location: /home/bzzeng/shark/.venv/bin/python
CUDA available: True
================================================================================
DEVICE INFORMATION
================================================================================
Using device: cuda
GPU Name: NVIDIA L40S
GPU Count: 1
CUDA Version: 12.1
Current GPU: 0
GPU Memory: 44.42 GB
================================================================================

LOADING AND PREPROCESSING DATA
Dataset shape: (891, 3476)
Number of classes: 57
Training pool size: 712
Test set size: 179

================================================================================
STARTING OPTUNA HYPERPARAMETER OPTIMIZATION
================================================================================
Target: Maximize Macro F1 Score
Number of trials: 200
Database: optuna_tcn_study.db
================================================================================

Study created/loaded: tcn_shark_classification
Storage: sqlite:///optuna_tcn_study.db
Optimization direction: maximize

[I 2025-11-17 18:44:35,648] Trial 0 finished with value: 0.28630842841369153 and parameters: {'num_layers': 4, 'base_filters': 32, 'filter_growth': 'constant', 'kernel_size': 7, 'dropout': 0.040705370779918426, 'reverse_dilation': False, 'batch_size': 8, 'learning_rate': 0.0003346543894512671, 'weight_decay': 1.1934877091628979e-06, 'optimizer': 'AdamW', 'use_augmentation': False, 'use_scheduler': True, 'scheduler_patience': 11, 'scheduler_factor': 0.13978846850334278}. Best is trial 0 with value: 0.28630842841369153.

Trial 0 finished with F1 Score: 0.2863
[I 2025-11-17 18:44:57,048] Trial 1 finished with value: 0.00583288117200217 and parameters: {'num_layers': 4, 'base_filters': 32, 'filter_growth': 'exponential', 'kernel_size': 9, 'dropout': 0.4776987432443814, 'reverse_dilation': True, 'batch_size': 16, 'learning_rate': 3.079030324673957e-05, 'weight_decay': 0.0001465621366410536, 'optimizer': 'SGD', 'use_augmentation': True, 'use_scheduler': True, 'scheduler_patience': 12, 'scheduler_factor': 0.4837311505893691}. Best is trial 0 with value: 0.28630842841369153.

Trial 1 finished with F1 Score: 0.0058
[I 2025-11-17 18:45:37,585] Trial 2 finished with value: 0.7982734614313561 and parameters: {'num_layers': 3, 'base_filters': 128, 'filter_growth': 'constant', 'kernel_size': 13, 'dropout': 0.1384777639055625, 'reverse_dilation': True, 'batch_size': 16, 'learning_rate': 0.0006191923478717325, 'weight_decay': 1.8569709138973066e-05, 'optimizer': 'Adam', 'use_augmentation': False, 'use_scheduler': True, 'scheduler_patience': 15, 'scheduler_factor': 0.18869553911460757}. Best is trial 2 with value: 0.7982734614313561.

Trial 2 finished with F1 Score: 0.7983
[I 2025-11-17 18:45:56,880] Trial 3 finished with value: 0.05780106832738411 and parameters: {'num_layers': 3, 'base_filters': 64, 'filter_growth': 'constant', 'kernel_size': 9, 'dropout': 0.29797770227697545, 'reverse_dilation': False, 'batch_size': 64, 'learning_rate': 0.00027546484928994117, 'weight_decay': 5.154098536042098e-06, 'optimizer': 'SGD', 'use_augmentation': False, 'use_scheduler': True, 'scheduler_patience': 12, 'scheduler_factor': 0.5494718793624579}. Best is trial 2 with value: 0.7982734614313561.

Trial 3 finished with F1 Score: 0.0578
[I 2025-11-17 18:48:03,440] Trial 4 finished with value: 0.9688109161793373 and parameters: {'num_layers': 7, 'base_filters': 32, 'filter_growth': 'linear', 'kernel_size': 11, 'dropout': 0.14648070918982264, 'reverse_dilation': True, 'batch_size': 8, 'learning_rate': 4.8170664567625175e-05, 'weight_decay': 7.269006563433483e-06, 'optimizer': 'Adam', 'use_augmentation': True, 'use_scheduler': False}. Best is trial 4 with value: 0.9688109161793373.

Trial 4 finished with F1 Score: 0.9688
[I 2025-11-17 18:51:35,580] Trial 5 finished with value: 0.9116604642920432 and parameters: {'num_layers': 5, 'base_filters': 32, 'filter_growth': 'exponential', 'kernel_size': 13, 'dropout': 0.0964458196064511, 'reverse_dilation': False, 'batch_size': 32, 'learning_rate': 0.005338680111076478, 'weight_decay': 0.00046548149506866023, 'optimizer': 'SGD', 'use_augmentation': True, 'use_scheduler': False}. Best is trial 4 with value: 0.9688109161793373.

Trial 5 finished with F1 Score: 0.9117
[I 2025-11-17 19:01:39,048] Trial 6 finished with value: 0.8367446393762183 and parameters: {'num_layers': 6, 'base_filters': 128, 'filter_growth': 'linear', 'kernel_size': 9, 'dropout': 0.4269790039763277, 'reverse_dilation': True, 'batch_size': 16, 'learning_rate': 0.0031961849270958917, 'weight_decay': 1.7222869999502653e-06, 'optimizer': 'Adam', 'use_augmentation': True, 'use_scheduler': False}. Best is trial 4 with value: 0.9688109161793373.

Trial 6 finished with F1 Score: 0.8367
[I 2025-11-17 19:06:11,789] Trial 7 finished with value: 0.47221209589630636 and parameters: {'num_layers': 5, 'base_filters': 128, 'filter_growth': 'linear', 'kernel_size': 5, 'dropout': 0.46696821914775116, 'reverse_dilation': False, 'batch_size': 64, 'learning_rate': 0.0006091946865308775, 'weight_decay': 0.0008052883580265886, 'optimizer': 'Adam', 'use_augmentation': True, 'use_scheduler': True, 'scheduler_patience': 5, 'scheduler_factor': 0.6440935987993456}. Best is trial 4 with value: 0.9688109161793373.

Trial 7 finished with F1 Score: 0.4722
[I 2025-11-17 19:06:18,317] Trial 8 finished with value: 0.0596845516236098 and parameters: {'num_layers': 4, 'base_filters': 32, 'filter_growth': 'constant', 'kernel_size': 5, 'dropout': 0.45847910463013797, 'reverse_dilation': True, 'batch_size': 32, 'learning_rate': 0.0031859721758559713, 'weight_decay': 2.2709531083797303e-05, 'optimizer': 'SGD', 'use_augmentation': False, 'use_scheduler': False}. Best is trial 4 with value: 0.9688109161793373.

Trial 8 finished with F1 Score: 0.0597
[I 2025-11-17 19:07:38,754] Trial 9 finished with value: 0.956849193691299 and parameters: {'num_layers': 6, 'base_filters': 128, 'filter_growth': 'constant', 'kernel_size': 11, 'dropout': 0.12697691580213255, 'reverse_dilation': False, 'batch_size': 8, 'learning_rate': 0.0001307142089636043, 'weight_decay': 6.417200172211686e-06, 'optimizer': 'AdamW', 'use_augmentation': False, 'use_scheduler': True, 'scheduler_patience': 9, 'scheduler_factor': 0.17271721873911586}. Best is trial 4 with value: 0.9688109161793373.

Trial 9 finished with F1 Score: 0.9568
[I 2025-11-17 19:10:00,772] Trial 10 pruned. 

Trial 10 finished with F1 Score: 0.4689
[I 2025-11-17 19:19:55,082] Trial 11 finished with value: 1.0 and parameters: {'num_layers': 7, 'base_filters': 128, 'filter_growth': 'linear', 'kernel_size': 13, 'dropout': 0.1991194578395904, 'reverse_dilation': False, 'batch_size': 8, 'learning_rate': 5.30273463951994e-05, 'weight_decay': 1.5396967697445294e-05, 'optimizer': 'AdamW', 'use_augmentation': False, 'use_scheduler': False}. Best is trial 11 with value: 1.0.

Trial 11 finished with F1 Score: 1.0000
[I 2025-11-17 19:39:58,038] Trial 12 finished with value: 0.9736842105263158 and parameters: {'num_layers': 7, 'base_filters': 128, 'filter_growth': 'linear', 'kernel_size': 15, 'dropout': 0.23352421454971112, 'reverse_dilation': True, 'batch_size': 8, 'learning_rate': 6.223069691057942e-05, 'weight_decay': 2.9557918342781555e-05, 'optimizer': 'AdamW', 'use_augmentation': False, 'use_scheduler': False}. Best is trial 11 with value: 1.0.

Trial 12 finished with F1 Score: 0.9737
[I 2025-11-17 19:51:32,547] Trial 13 finished with value: 1.0 and parameters: {'num_layers': 7, 'base_filters': 128, 'filter_growth': 'linear', 'kernel_size': 15, 'dropout': 0.26147219520570436, 'reverse_dilation': False, 'batch_size': 8, 'learning_rate': 6.415011510014917e-05, 'weight_decay': 6.879931586027079e-05, 'optimizer': 'AdamW', 'use_augmentation': False, 'use_scheduler': False}. Best is trial 11 with value: 1.0.

Trial 13 finished with F1 Score: 1.0000
[I 2025-11-17 19:54:18,019] Trial 14 pruned. 

Trial 14 finished with F1 Score: 0.3102
[I 2025-11-17 20:15:12,316] Trial 15 finished with value: 0.9883040935672515 and parameters: {'num_layers': 7, 'base_filters': 128, 'filter_growth': 'linear', 'kernel_size': 15, 'dropout': 0.3714770792992847, 'reverse_dilation': False, 'batch_size': 8, 'learning_rate': 0.00011188811290714138, 'weight_decay': 0.0004187638174870037, 'optimizer': 'AdamW', 'use_augmentation': False, 'use_scheduler': False}. Best is trial 11 with value: 1.0.

Trial 15 finished with F1 Score: 0.9883
[I 2025-11-17 20:22:18,236] Trial 16 finished with value: 0.9730639730639731 and parameters: {'num_layers': 6, 'base_filters': 64, 'filter_growth': 'exponential', 'kernel_size': 11, 'dropout': 0.19813051113962266, 'reverse_dilation': False, 'batch_size': 8, 'learning_rate': 2.5094756595354043e-05, 'weight_decay': 4.519983377347267e-05, 'optimizer': 'AdamW', 'use_augmentation': False, 'use_scheduler': False}. Best is trial 11 with value: 1.0.

Trial 16 finished with F1 Score: 0.9731
[I 2025-11-17 20:23:26,807] Trial 17 pruned. 

Trial 17 finished with F1 Score: 0.1110
[I 2025-11-17 20:32:47,879] Trial 18 finished with value: 0.9691653375863903 and parameters: {'num_layers': 7, 'base_filters': 128, 'filter_growth': 'linear', 'kernel_size': 13, 'dropout': 0.0009451369229923623, 'reverse_dilation': False, 'batch_size': 64, 'learning_rate': 2.2861084981434e-05, 'weight_decay': 0.00016997367367587197, 'optimizer': 'AdamW', 'use_augmentation': False, 'use_scheduler': False}. Best is trial 11 with value: 1.0.

Trial 18 finished with F1 Score: 0.9692
[I 2025-11-17 20:41:45,453] Trial 19 finished with value: 0.9922027290448343 and parameters: {'num_layers': 6, 'base_filters': 128, 'filter_growth': 'linear', 'kernel_size': 15, 'dropout': 0.18532409542494946, 'reverse_dilation': False, 'batch_size': 8, 'learning_rate': 6.42038736000613e-05, 'weight_decay': 5.7825463379445135e-05, 'optimizer': 'AdamW', 'use_augmentation': False, 'use_scheduler': False}. Best is trial 11 with value: 1.0.

Trial 19 finished with F1 Score: 0.9922
[I 2025-11-17 20:47:21,617] Trial 20 finished with value: 0.9465178096757044 and parameters: {'num_layers': 7, 'base_filters': 64, 'filter_growth': 'exponential', 'kernel_size': 11, 'dropout': 0.36190305033145825, 'reverse_dilation': False, 'batch_size': 8, 'learning_rate': 0.00022456187568267825, 'weight_decay': 2.7079270418360364e-06, 'optimizer': 'AdamW', 'use_augmentation': False, 'use_scheduler': False}. Best is trial 11 with value: 1.0.

Trial 20 finished with F1 Score: 0.9465
[I 2025-11-17 20:55:46,964] Trial 21 finished with value: 0.9922027290448343 and parameters: {'num_layers': 6, 'base_filters': 128, 'filter_growth': 'linear', 'kernel_size': 15, 'dropout': 0.18700669580703408, 'reverse_dilation': False, 'batch_size': 8, 'learning_rate': 6.981853931231333e-05, 'weight_decay': 6.054883951746608e-05, 'optimizer': 'AdamW', 'use_augmentation': False, 'use_scheduler': False}. Best is trial 11 with value: 1.0.

Trial 21 finished with F1 Score: 0.9922
[I 2025-11-17 21:04:12,735] Trial 22 finished with value: 0.9922027290448343 and parameters: {'num_layers': 6, 'base_filters': 128, 'filter_growth': 'linear', 'kernel_size': 15, 'dropout': 0.19348924145258134, 'reverse_dilation': False, 'batch_size': 8, 'learning_rate': 4.256930425885586e-05, 'weight_decay': 1.3671890910753374e-05, 'optimizer': 'AdamW', 'use_augmentation': False, 'use_scheduler': False}. Best is trial 11 with value: 1.0.

Trial 22 finished with F1 Score: 0.9922
[I 2025-11-17 21:18:48,102] Trial 23 finished with value: 1.0 and parameters: {'num_layers': 7, 'base_filters': 128, 'filter_growth': 'linear', 'kernel_size': 13, 'dropout': 0.27023057661735217, 'reverse_dilation': False, 'batch_size': 8, 'learning_rate': 1.8091698186646166e-05, 'weight_decay': 5.5405808216190014e-05, 'optimizer': 'AdamW', 'use_augmentation': False, 'use_scheduler': False}. Best is trial 11 with value: 1.0.

Trial 23 finished with F1 Score: 1.0000
[I 2025-11-17 21:35:09,036] Trial 24 finished with value: 1.0 and parameters: {'num_layers': 7, 'base_filters': 128, 'filter_growth': 'linear', 'kernel_size': 13, 'dropout': 0.2561029840455312, 'reverse_dilation': False, 'batch_size': 8, 'learning_rate': 1.4838173807114498e-05, 'weight_decay': 0.0002912491010454841, 'optimizer': 'AdamW', 'use_augmentation': False, 'use_scheduler': False}. Best is trial 11 with value: 1.0.

Trial 24 finished with F1 Score: 1.0000
[I 2025-11-17 21:49:43,645] Trial 25 finished with value: 1.0 and parameters: {'num_layers': 7, 'base_filters': 128, 'filter_growth': 'linear', 'kernel_size': 13, 'dropout': 0.3430831911010622, 'reverse_dilation': False, 'batch_size': 8, 'learning_rate': 1.9165767424675823e-05, 'weight_decay': 1.27604317000492e-05, 'optimizer': 'AdamW', 'use_augmentation': False, 'use_scheduler': False}. Best is trial 11 with value: 1.0.

Trial 25 finished with F1 Score: 1.0000
[I 2025-11-17 22:06:05,853] Trial 26 finished with value: 0.9883040935672515 and parameters: {'num_layers': 7, 'base_filters': 128, 'filter_growth': 'linear', 'kernel_size': 11, 'dropout': 0.2584341370863284, 'reverse_dilation': False, 'batch_size': 16, 'learning_rate': 3.418971870121649e-05, 'weight_decay': 4.007391360581165e-05, 'optimizer': 'AdamW', 'use_augmentation': False, 'use_scheduler': False}. Best is trial 11 with value: 1.0.

Trial 26 finished with F1 Score: 0.9883
[I 2025-11-17 22:08:46,696] Trial 27 pruned. 

Trial 27 finished with F1 Score: 0.5986
[I 2025-11-17 22:10:52,329] Trial 28 pruned. 

Trial 28 finished with F1 Score: 0.3811
[I 2025-11-17 22:11:11,789] Trial 29 pruned. 

Trial 29 finished with F1 Score: 0.0394
[I 2025-11-17 22:11:18,901] Trial 30 pruned. 

Trial 30 finished with F1 Score: 0.1202
[I 2025-11-17 22:26:06,714] Trial 31 finished with value: 1.0 and parameters: {'num_layers': 7, 'base_filters': 128, 'filter_growth': 'linear', 'kernel_size': 13, 'dropout': 0.26111292609496994, 'reverse_dilation': False, 'batch_size': 8, 'learning_rate': 1.8173806780610855e-05, 'weight_decay': 0.0003482811158803348, 'optimizer': 'AdamW', 'use_augmentation': False, 'use_scheduler': False}. Best is trial 11 with value: 1.0.

Trial 31 finished with F1 Score: 1.0000
[I 2025-11-17 22:30:11,889] Trial 32 pruned. 

Trial 32 finished with F1 Score: 0.7323
[I 2025-11-17 22:43:36,399] Trial 33 finished with value: 1.0 and parameters: {'num_layers': 7, 'base_filters': 128, 'filter_growth': 'linear', 'kernel_size': 13, 'dropout': 0.2676410579260293, 'reverse_dilation': False, 'batch_size': 8, 'learning_rate': 3.342432951653532e-05, 'weight_decay': 0.0002782766356324152, 'optimizer': 'AdamW', 'use_augmentation': False, 'use_scheduler': False}. Best is trial 11 with value: 1.0.

Trial 33 finished with F1 Score: 1.0000
[I 2025-11-17 22:46:54,801] Trial 34 pruned. 

Trial 34 finished with F1 Score: 0.5826
[I 2025-11-17 22:49:44,142] Trial 35 pruned. 

Trial 35 finished with F1 Score: 0.0132
[I 2025-11-17 22:49:49,811] Trial 36 pruned. 

Trial 36 finished with F1 Score: 0.0387
[I 2025-11-17 22:52:32,406] Trial 37 pruned. 

Trial 37 finished with F1 Score: 0.2569
[I 2025-11-17 22:54:50,319] Trial 38 pruned. 

Trial 38 finished with F1 Score: 0.0010
[I 2025-11-17 22:55:25,870] Trial 39 pruned. 

Trial 39 finished with F1 Score: 0.1993
[I 2025-11-17 22:55:41,330] Trial 40 pruned. 

Trial 40 finished with F1 Score: 0.0800
[I 2025-11-17 22:59:46,900] Trial 41 pruned. 

Trial 41 finished with F1 Score: 0.7200
[I 2025-11-17 23:14:34,185] Trial 42 finished with value: 1.0 and parameters: {'num_layers': 7, 'base_filters': 128, 'filter_growth': 'linear', 'kernel_size': 13, 'dropout': 0.257434960595879, 'reverse_dilation': False, 'batch_size': 8, 'learning_rate': 2.271385478167012e-05, 'weight_decay': 3.826804889320378e-06, 'optimizer': 'AdamW', 'use_augmentation': False, 'use_scheduler': False}. Best is trial 11 with value: 1.0.

Trial 42 finished with F1 Score: 1.0000
[I 2025-11-17 23:18:38,036] Trial 43 pruned. 

Trial 43 finished with F1 Score: 0.5435
[I 2025-11-17 23:30:16,736] Trial 44 finished with value: 0.9922027290448343 and parameters: {'num_layers': 7, 'base_filters': 128, 'filter_growth': 'linear', 'kernel_size': 11, 'dropout': 0.33546723981590304, 'reverse_dilation': False, 'batch_size': 8, 'learning_rate': 3.310102510837701e-05, 'weight_decay': 1.4256913112221477e-05, 'optimizer': 'AdamW', 'use_augmentation': False, 'use_scheduler': False}. Best is trial 11 with value: 1.0.

Trial 44 finished with F1 Score: 0.9922
[I 2025-11-17 23:34:05,110] Trial 45 pruned. 

Trial 45 finished with F1 Score: 0.3186
[I 2025-11-17 23:36:56,557] Trial 46 pruned. 

Trial 46 finished with F1 Score: 0.4120
[I 2025-11-17 23:37:11,094] Trial 47 pruned. 

Trial 47 finished with F1 Score: 0.0118
[I 2025-11-17 23:40:45,089] Trial 48 pruned. 

Trial 48 finished with F1 Score: 0.7442
[I 2025-11-17 23:41:04,197] Trial 49 pruned. 

Trial 49 finished with F1 Score: 0.0524
[I 2025-11-17 23:42:03,483] Trial 50 pruned. 

Trial 50 finished with F1 Score: 0.0293
[I 2025-11-17 23:56:38,357] Trial 51 finished with value: 1.0 and parameters: {'num_layers': 7, 'base_filters': 128, 'filter_growth': 'linear', 'kernel_size': 13, 'dropout': 0.26225296841306817, 'reverse_dilation': False, 'batch_size': 8, 'learning_rate': 1.7442018394743763e-05, 'weight_decay': 0.00032386106129875014, 'optimizer': 'AdamW', 'use_augmentation': False, 'use_scheduler': False}. Best is trial 11 with value: 1.0.

Trial 51 finished with F1 Score: 1.0000
[I 2025-11-18 00:10:28,422] Trial 52 finished with value: 1.0 and parameters: {'num_layers': 7, 'base_filters': 128, 'filter_growth': 'linear', 'kernel_size': 13, 'dropout': 0.21338421512601008, 'reverse_dilation': False, 'batch_size': 8, 'learning_rate': 1.8429928324222143e-05, 'weight_decay': 0.00129407211384372, 'optimizer': 'AdamW', 'use_augmentation': False, 'use_scheduler': False}. Best is trial 11 with value: 1.0.

Trial 52 finished with F1 Score: 1.0000
[I 2025-11-18 00:14:33,716] Trial 53 pruned. 

Trial 53 finished with F1 Score: 0.5805
[I 2025-11-18 00:26:35,360] Trial 54 finished with value: 1.0 and parameters: {'num_layers': 7, 'base_filters': 128, 'filter_growth': 'linear', 'kernel_size': 15, 'dropout': 0.2703414768852156, 'reverse_dilation': False, 'batch_size': 8, 'learning_rate': 3.6672971396408384e-05, 'weight_decay': 0.00042130484785160777, 'optimizer': 'AdamW', 'use_augmentation': False, 'use_scheduler': False}. Best is trial 11 with value: 1.0.

Trial 54 finished with F1 Score: 1.0000
[I 2025-11-18 00:28:56,136] Trial 55 pruned. 

Trial 55 finished with F1 Score: 0.7284
[I 2025-11-18 00:48:05,655] Trial 56 finished with value: 1.0 and parameters: {'num_layers': 7, 'base_filters': 128, 'filter_growth': 'linear', 'kernel_size': 13, 'dropout': 0.4366641313847915, 'reverse_dilation': False, 'batch_size': 8, 'learning_rate': 5.3645746037570187e-05, 'weight_decay': 5.1303676889834466e-05, 'optimizer': 'Adam', 'use_augmentation': False, 'use_scheduler': False}. Best is trial 11 with value: 1.0.

Trial 56 finished with F1 Score: 1.0000
[I 2025-11-18 00:52:45,200] Trial 57 pruned. 

Trial 57 finished with F1 Score: 0.7789
[I 2025-11-18 00:54:09,774] Trial 58 pruned. 

Trial 58 finished with F1 Score: 0.4733
[I 2025-11-18 00:57:27,217] Trial 59 pruned. 

Trial 59 finished with F1 Score: 0.1228
[I 2025-11-18 00:57:40,736] Trial 60 pruned. 

Trial 60 finished with F1 Score: 0.0013
[I 2025-11-18 01:11:07,062] Trial 61 finished with value: 1.0 and parameters: {'num_layers': 7, 'base_filters': 128, 'filter_growth': 'linear', 'kernel_size': 13, 'dropout': 0.2843522592418494, 'reverse_dilation': False, 'batch_size': 8, 'learning_rate': 2.6049921968341557e-05, 'weight_decay': 0.00023136144157814674, 'optimizer': 'AdamW', 'use_augmentation': False, 'use_scheduler': False}. Best is trial 11 with value: 1.0.

Trial 61 finished with F1 Score: 1.0000
[I 2025-11-18 01:22:05,873] Trial 62 finished with value: 0.9922027290448343 and parameters: {'num_layers': 7, 'base_filters': 128, 'filter_growth': 'linear', 'kernel_size': 11, 'dropout': 0.27261937644748313, 'reverse_dilation': False, 'batch_size': 8, 'learning_rate': 3.816776571903159e-05, 'weight_decay': 0.00032708012359751904, 'optimizer': 'AdamW', 'use_augmentation': False, 'use_scheduler': False}. Best is trial 11 with value: 1.0.

Trial 62 finished with F1 Score: 0.9922
[I 2025-11-18 01:33:12,338] Trial 63 finished with value: 0.9961013645224172 and parameters: {'num_layers': 7, 'base_filters': 128, 'filter_growth': 'linear', 'kernel_size': 13, 'dropout': 0.2510144925153861, 'reverse_dilation': False, 'batch_size': 8, 'learning_rate': 2.2196854472782385e-05, 'weight_decay': 6.422613678341225e-05, 'optimizer': 'AdamW', 'use_augmentation': False, 'use_scheduler': False}. Best is trial 11 with value: 1.0.

Trial 63 finished with F1 Score: 0.9961
[I 2025-11-18 01:45:39,244] Trial 64 finished with value: 1.0 and parameters: {'num_layers': 7, 'base_filters': 128, 'filter_growth': 'linear', 'kernel_size': 15, 'dropout': 0.20647457455783974, 'reverse_dilation': False, 'batch_size': 8, 'learning_rate': 5.249470144817416e-05, 'weight_decay': 0.0010506298208626862, 'optimizer': 'AdamW', 'use_augmentation': False, 'use_scheduler': False}. Best is trial 11 with value: 1.0.

Trial 64 finished with F1 Score: 1.0000
[I 2025-11-18 01:49:44,469] Trial 65 pruned. 

Trial 65 finished with F1 Score: 0.7332
[I 2025-11-18 01:49:56,181] Trial 66 pruned. 

Trial 66 finished with F1 Score: 0.0592
[I 2025-11-18 01:56:38,704] Trial 67 pruned. 

Trial 67 finished with F1 Score: 0.9442
[I 2025-11-18 02:00:45,369] Trial 68 pruned. 

Trial 68 finished with F1 Score: 0.7905
[I 2025-11-18 02:08:05,372] Trial 69 pruned. 

Trial 69 finished with F1 Score: 0.9637
[I 2025-11-18 02:09:35,740] Trial 70 pruned. 

Trial 70 finished with F1 Score: 0.4840
[I 2025-11-18 02:23:26,069] Trial 71 finished with value: 1.0 and parameters: {'num_layers': 7, 'base_filters': 128, 'filter_growth': 'linear', 'kernel_size': 13, 'dropout': 0.2597195339888883, 'reverse_dilation': False, 'batch_size': 8, 'learning_rate': 2.333059315180563e-05, 'weight_decay': 2.560680006150079e-06, 'optimizer': 'AdamW', 'use_augmentation': False, 'use_scheduler': False}. Best is trial 11 with value: 1.0.

Trial 71 finished with F1 Score: 1.0000
[I 2025-11-18 02:34:08,604] Trial 72 finished with value: 1.0 and parameters: {'num_layers': 7, 'base_filters': 128, 'filter_growth': 'linear', 'kernel_size': 13, 'dropout': 0.2000790702423461, 'reverse_dilation': False, 'batch_size': 8, 'learning_rate': 3.5440766912578927e-05, 'weight_decay': 3.1592113786949488e-06, 'optimizer': 'AdamW', 'use_augmentation': False, 'use_scheduler': False}. Best is trial 11 with value: 1.0.

Trial 72 finished with F1 Score: 1.0000
[I 2025-11-18 02:47:23,059] Trial 73 finished with value: 1.0 and parameters: {'num_layers': 7, 'base_filters': 128, 'filter_growth': 'linear', 'kernel_size': 13, 'dropout': 0.2477936919909844, 'reverse_dilation': False, 'batch_size': 8, 'learning_rate': 2.008939465638169e-05, 'weight_decay': 6.673739257667799e-06, 'optimizer': 'AdamW', 'use_augmentation': False, 'use_scheduler': False}. Best is trial 11 with value: 1.0.

Trial 73 finished with F1 Score: 1.0000
[I 2025-11-18 02:51:49,565] Trial 74 pruned. 

Trial 74 finished with F1 Score: 0.7632
[I 2025-11-18 02:55:29,410] Trial 75 pruned. 

Trial 75 finished with F1 Score: 0.7711
[I 2025-11-18 02:56:15,682] Trial 76 pruned. 

Trial 76 finished with F1 Score: 0.0085
[I 2025-11-18 02:56:54,381] Trial 77 pruned. 

Trial 77 finished with F1 Score: 0.0886
[I 2025-11-18 02:57:20,950] Trial 78 pruned. 

Trial 78 finished with F1 Score: 0.1983
[I 2025-11-18 03:00:14,553] Trial 79 pruned. 

Trial 79 finished with F1 Score: 0.7771
[I 2025-11-18 03:10:43,064] Trial 80 finished with value: 0.9922027290448343 and parameters: {'num_layers': 7, 'base_filters': 128, 'filter_growth': 'linear', 'kernel_size': 11, 'dropout': 0.23024341763978812, 'reverse_dilation': False, 'batch_size': 8, 'learning_rate': 3.0611750350647334e-05, 'weight_decay': 4.458411863221023e-06, 'optimizer': 'AdamW', 'use_augmentation': False, 'use_scheduler': False}. Best is trial 11 with value: 1.0.

Trial 80 finished with F1 Score: 0.9922
[I 2025-11-18 03:14:48,944] Trial 81 pruned. 

Trial 81 finished with F1 Score: 0.8037
[I 2025-11-18 03:18:54,739] Trial 82 pruned. 

Trial 82 finished with F1 Score: 0.7424
[I 2025-11-18 03:32:09,608] Trial 83 finished with value: 1.0 and parameters: {'num_layers': 7, 'base_filters': 128, 'filter_growth': 'linear', 'kernel_size': 13, 'dropout': 0.2545081161815878, 'reverse_dilation': False, 'batch_size': 8, 'learning_rate': 2.1702261718522793e-05, 'weight_decay': 0.0008773957183807549, 'optimizer': 'AdamW', 'use_augmentation': False, 'use_scheduler': False}. Best is trial 11 with value: 1.0.

Trial 83 finished with F1 Score: 1.0000
[I 2025-11-18 03:36:15,088] Trial 84 pruned. 

Trial 84 finished with F1 Score: 0.7805
[I 2025-11-18 03:40:20,963] Trial 85 pruned. 

Trial 85 finished with F1 Score: 0.7388
[I 2025-11-18 03:47:15,675] Trial 86 pruned. 

Trial 86 finished with F1 Score: 0.7820
[I 2025-11-18 03:48:14,936] Trial 87 pruned. 

Trial 87 finished with F1 Score: 0.1864
[I 2025-11-18 03:58:56,594] Trial 88 finished with value: 1.0 and parameters: {'num_layers': 7, 'base_filters': 128, 'filter_growth': 'linear', 'kernel_size': 13, 'dropout': 0.2890919385818893, 'reverse_dilation': False, 'batch_size': 8, 'learning_rate': 3.334700452787006e-05, 'weight_decay': 0.00020080786380788026, 'optimizer': 'AdamW', 'use_augmentation': False, 'use_scheduler': False}. Best is trial 11 with value: 1.0.

Trial 88 finished with F1 Score: 1.0000
[I 2025-11-18 04:00:09,370] Trial 89 pruned. 

Trial 89 finished with F1 Score: 0.0010
[I 2025-11-18 04:00:35,659] Trial 90 pruned. 

Trial 90 finished with F1 Score: 0.2911
[I 2025-11-18 04:15:12,514] Trial 91 finished with value: 1.0 and parameters: {'num_layers': 7, 'base_filters': 128, 'filter_growth': 'linear', 'kernel_size': 13, 'dropout': 0.23774817332511178, 'reverse_dilation': False, 'batch_size': 8, 'learning_rate': 1.985956545743183e-05, 'weight_decay': 0.004067205141899652, 'optimizer': 'AdamW', 'use_augmentation': False, 'use_scheduler': False}. Best is trial 11 with value: 1.0.

Trial 91 finished with F1 Score: 1.0000
[I 2025-11-18 04:25:55,984] Trial 92 finished with value: 1.0 and parameters: {'num_layers': 7, 'base_filters': 128, 'filter_growth': 'linear', 'kernel_size': 13, 'dropout': 0.21254345028532498, 'reverse_dilation': False, 'batch_size': 8, 'learning_rate': 2.2986813789852935e-05, 'weight_decay': 0.0016754216632062075, 'optimizer': 'AdamW', 'use_augmentation': False, 'use_scheduler': False}. Best is trial 11 with value: 1.0.

Trial 92 finished with F1 Score: 1.0000
[I 2025-11-18 04:39:58,178] Trial 93 finished with value: 1.0 and parameters: {'num_layers': 7, 'base_filters': 128, 'filter_growth': 'linear', 'kernel_size': 13, 'dropout': 0.20233189100740723, 'reverse_dilation': False, 'batch_size': 8, 'learning_rate': 1.8152903675914157e-05, 'weight_decay': 0.009005522239936036, 'optimizer': 'AdamW', 'use_augmentation': False, 'use_scheduler': False}. Best is trial 11 with value: 1.0.

Trial 93 finished with F1 Score: 1.0000
[I 2025-11-18 04:53:57,104] Trial 94 finished with value: 1.0 and parameters: {'num_layers': 7, 'base_filters': 128, 'filter_growth': 'linear', 'kernel_size': 13, 'dropout': 0.17989607632495264, 'reverse_dilation': False, 'batch_size': 8, 'learning_rate': 7.537172344343495e-05, 'weight_decay': 0.0010038138817610703, 'optimizer': 'AdamW', 'use_augmentation': False, 'use_scheduler': False}. Best is trial 11 with value: 1.0.

Trial 94 finished with F1 Score: 1.0000
[I 2025-11-18 04:58:23,919] Trial 95 pruned. 

Trial 95 finished with F1 Score: 0.8727
[I 2025-11-18 04:58:51,065] Trial 96 pruned. 

Trial 96 finished with F1 Score: 0.1743
[I 2025-11-18 05:02:30,957] Trial 97 pruned. 

Trial 97 finished with F1 Score: 0.5698
[I 2025-11-18 05:12:26,706] Trial 98 finished with value: 1.0 and parameters: {'num_layers': 7, 'base_filters': 128, 'filter_growth': 'linear', 'kernel_size': 13, 'dropout': 0.22438996463315947, 'reverse_dilation': False, 'batch_size': 8, 'learning_rate': 3.741794196244374e-05, 'weight_decay': 0.0005819088499026392, 'optimizer': 'AdamW', 'use_augmentation': False, 'use_scheduler': True, 'scheduler_patience': 5, 'scheduler_factor': 0.555044426357229}. Best is trial 11 with value: 1.0.

Trial 98 finished with F1 Score: 1.0000
[I 2025-11-18 05:16:34,672] Trial 99 pruned. 

Trial 99 finished with F1 Score: 0.3502
[I 2025-11-18 05:18:02,558] Trial 100 pruned. 

Trial 100 finished with F1 Score: 0.6162
[I 2025-11-18 05:28:48,488] Trial 101 finished with value: 0.9922027290448343 and parameters: {'num_layers': 7, 'base_filters': 128, 'filter_growth': 'linear', 'kernel_size': 15, 'dropout': 0.2657812064995385, 'reverse_dilation': False, 'batch_size': 8, 'learning_rate': 4.0022315443097537e-05, 'weight_decay': 0.0004083186770382948, 'optimizer': 'AdamW', 'use_augmentation': False, 'use_scheduler': False}. Best is trial 11 with value: 1.0.

Trial 101 finished with F1 Score: 0.9922
[I 2025-11-18 05:43:11,721] Trial 102 finished with value: 1.0 and parameters: {'num_layers': 7, 'base_filters': 128, 'filter_growth': 'linear', 'kernel_size': 15, 'dropout': 0.15784655961405553, 'reverse_dilation': False, 'batch_size': 8, 'learning_rate': 1.846828725421577e-05, 'weight_decay': 0.0011955906463414563, 'optimizer': 'AdamW', 'use_augmentation': False, 'use_scheduler': False}. Best is trial 11 with value: 1.0.

Trial 102 finished with F1 Score: 1.0000
[I 2025-11-18 05:54:47,024] Trial 103 finished with value: 1.0 and parameters: {'num_layers': 7, 'base_filters': 128, 'filter_growth': 'linear', 'kernel_size': 15, 'dropout': 0.2508327250686219, 'reverse_dilation': False, 'batch_size': 8, 'learning_rate': 5.892979615400591e-05, 'weight_decay': 0.0002618917638061608, 'optimizer': 'AdamW', 'use_augmentation': False, 'use_scheduler': False}. Best is trial 11 with value: 1.0.

Trial 103 finished with F1 Score: 1.0000
[I 2025-11-18 06:05:28,701] Trial 104 finished with value: 1.0 and parameters: {'num_layers': 7, 'base_filters': 128, 'filter_growth': 'linear', 'kernel_size': 13, 'dropout': 0.2670558797222166, 'reverse_dilation': False, 'batch_size': 8, 'learning_rate': 3.382594031121686e-05, 'weight_decay': 0.0006599534481733105, 'optimizer': 'AdamW', 'use_augmentation': False, 'use_scheduler': False}. Best is trial 11 with value: 1.0.

Trial 104 finished with F1 Score: 1.0000
[I 2025-11-18 06:08:04,457] Trial 105 pruned. 

Trial 105 finished with F1 Score: 0.8316
[I 2025-11-18 06:19:29,074] Trial 106 finished with value: 0.9922027290448343 and parameters: {'num_layers': 7, 'base_filters': 128, 'filter_growth': 'linear', 'kernel_size': 15, 'dropout': 0.2806591237946822, 'reverse_dilation': False, 'batch_size': 8, 'learning_rate': 2.309339548595029e-05, 'weight_decay': 7.093337258241634e-05, 'optimizer': 'AdamW', 'use_augmentation': False, 'use_scheduler': False}. Best is trial 11 with value: 1.0.

Trial 106 finished with F1 Score: 0.9922
[I 2025-11-18 06:23:34,470] Trial 107 pruned. 

Trial 107 finished with F1 Score: 0.7817
[I 2025-11-18 06:24:47,685] Trial 108 pruned. 

Trial 108 finished with F1 Score: 0.0020
[I 2025-11-18 06:35:08,926] Trial 109 finished with value: 0.9925571504518873 and parameters: {'num_layers': 7, 'base_filters': 128, 'filter_growth': 'linear', 'kernel_size': 15, 'dropout': 0.31761571139970146, 'reverse_dilation': False, 'batch_size': 8, 'learning_rate': 4.598099548361999e-05, 'weight_decay': 0.0008112361194390173, 'optimizer': 'AdamW', 'use_augmentation': True, 'use_scheduler': False}. Best is trial 11 with value: 1.0.

Trial 109 finished with F1 Score: 0.9926
[I 2025-11-18 06:35:36,837] Trial 110 pruned. 

Trial 110 finished with F1 Score: 0.5696
[I 2025-11-18 06:39:41,982] Trial 111 pruned. 

Trial 111 finished with F1 Score: 0.8592
[I 2025-11-18 06:50:22,539] Trial 112 finished with value: 1.0 and parameters: {'num_layers': 7, 'base_filters': 128, 'filter_growth': 'linear', 'kernel_size': 13, 'dropout': 0.2952290022054552, 'reverse_dilation': False, 'batch_size': 8, 'learning_rate': 6.237837997519757e-05, 'weight_decay': 5.542610525778092e-05, 'optimizer': 'Adam', 'use_augmentation': False, 'use_scheduler': False}. Best is trial 11 with value: 1.0.

Trial 112 finished with F1 Score: 1.0000
[I 2025-11-18 06:54:27,965] Trial 113 pruned. 

Trial 113 finished with F1 Score: 0.7270
[I 2025-11-18 06:58:32,995] Trial 114 pruned. 

Trial 114 finished with F1 Score: 0.8542
[I 2025-11-18 06:59:05,389] Trial 115 pruned. 

Trial 115 finished with F1 Score: 0.1036
[I 2025-11-18 07:03:31,650] Trial 116 pruned. 

Trial 116 finished with F1 Score: 0.8645
[I 2025-11-18 07:07:13,105] Trial 117 pruned. 

Trial 117 finished with F1 Score: 0.8081
[I 2025-11-18 07:11:05,915] Trial 118 pruned. 

Trial 118 finished with F1 Score: 0.7525
[I 2025-11-18 07:13:47,757] Trial 119 pruned. 

Trial 119 finished with F1 Score: 0.2009
[I 2025-11-18 07:18:14,631] Trial 120 pruned. 

Trial 120 finished with F1 Score: 0.6865
[I 2025-11-18 07:28:10,552] Trial 121 finished with value: 1.0 and parameters: {'num_layers': 7, 'base_filters': 128, 'filter_growth': 'linear', 'kernel_size': 13, 'dropout': 0.26466641589605633, 'reverse_dilation': False, 'batch_size': 8, 'learning_rate': 2.5421957878493744e-05, 'weight_decay': 0.0002753480512740546, 'optimizer': 'AdamW', 'use_augmentation': False, 'use_scheduler': False}. Best is trial 11 with value: 1.0.

Trial 121 finished with F1 Score: 1.0000
[I 2025-11-18 07:32:16,191] Trial 122 pruned. 

Trial 122 finished with F1 Score: 0.8604
[I 2025-11-18 07:36:21,952] Trial 123 pruned. 

Trial 123 finished with F1 Score: 0.8091
[I 2025-11-18 07:46:18,561] Trial 124 finished with value: 1.0 and parameters: {'num_layers': 7, 'base_filters': 128, 'filter_growth': 'linear', 'kernel_size': 13, 'dropout': 0.23579843650349155, 'reverse_dilation': False, 'batch_size': 8, 'learning_rate': 2.5893000361505735e-05, 'weight_decay': 0.00023715465272709495, 'optimizer': 'AdamW', 'use_augmentation': False, 'use_scheduler': False}. Best is trial 11 with value: 1.0.

Trial 124 finished with F1 Score: 1.0000
[I 2025-11-18 07:48:54,364] Trial 125 pruned. 

Trial 125 finished with F1 Score: 0.8321
[I 2025-11-18 07:59:59,769] Trial 126 finished with value: 1.0 and parameters: {'num_layers': 7, 'base_filters': 128, 'filter_growth': 'linear', 'kernel_size': 13, 'dropout': 0.28468928936461163, 'reverse_dilation': False, 'batch_size': 8, 'learning_rate': 3.052444949458169e-05, 'weight_decay': 0.0004028592315165664, 'optimizer': 'AdamW', 'use_augmentation': False, 'use_scheduler': False}. Best is trial 11 with value: 1.0.

Trial 126 finished with F1 Score: 1.0000
[I 2025-11-18 08:00:22,665] Trial 127 pruned. 

Trial 127 finished with F1 Score: 0.0713
[I 2025-11-18 08:01:15,017] Trial 128 pruned. 

Trial 128 finished with F1 Score: 0.2483
[I 2025-11-18 08:05:16,561] Trial 129 pruned. 

Trial 129 finished with F1 Score: 0.0010
[I 2025-11-18 08:05:44,718] Trial 130 pruned. 

Trial 130 finished with F1 Score: 0.1114
[I 2025-11-18 08:18:12,296] Trial 131 finished with value: 1.0 and parameters: {'num_layers': 7, 'base_filters': 128, 'filter_growth': 'linear', 'kernel_size': 15, 'dropout': 0.19586859781685967, 'reverse_dilation': False, 'batch_size': 8, 'learning_rate': 5.147232658673612e-05, 'weight_decay': 0.0007219139761997709, 'optimizer': 'AdamW', 'use_augmentation': False, 'use_scheduler': False}. Best is trial 11 with value: 1.0.

Trial 131 finished with F1 Score: 1.0000
[I 2025-11-18 08:31:05,014] Trial 132 finished with value: 0.9961013645224172 and parameters: {'num_layers': 7, 'base_filters': 128, 'filter_growth': 'linear', 'kernel_size': 15, 'dropout': 0.2125010622865788, 'reverse_dilation': False, 'batch_size': 8, 'learning_rate': 3.78668159087531e-05, 'weight_decay': 0.0010486882178401228, 'optimizer': 'AdamW', 'use_augmentation': False, 'use_scheduler': False}. Best is trial 11 with value: 1.0.

Trial 132 finished with F1 Score: 0.9961
[I 2025-11-18 08:43:31,984] Trial 133 finished with value: 1.0 and parameters: {'num_layers': 7, 'base_filters': 128, 'filter_growth': 'linear', 'kernel_size': 15, 'dropout': 0.17901025516778224, 'reverse_dilation': False, 'batch_size': 8, 'learning_rate': 5.7416176962885745e-05, 'weight_decay': 0.0005758078448653031, 'optimizer': 'AdamW', 'use_augmentation': False, 'use_scheduler': False}. Best is trial 11 with value: 1.0.

Trial 133 finished with F1 Score: 1.0000
[I 2025-11-18 08:58:28,982] Trial 134 finished with value: 1.0 and parameters: {'num_layers': 7, 'base_filters': 128, 'filter_growth': 'linear', 'kernel_size': 15, 'dropout': 0.2042343304168396, 'reverse_dilation': False, 'batch_size': 8, 'learning_rate': 8.20234148267398e-05, 'weight_decay': 2.190329669512373e-06, 'optimizer': 'AdamW', 'use_augmentation': False, 'use_scheduler': False}. Best is trial 11 with value: 1.0.

Trial 134 finished with F1 Score: 1.0000
[I 2025-11-18 09:13:02,664] Trial 135 finished with value: 1.0 and parameters: {'num_layers': 7, 'base_filters': 128, 'filter_growth': 'linear', 'kernel_size': 13, 'dropout': 0.2681335156097076, 'reverse_dilation': False, 'batch_size': 8, 'learning_rate': 4.469416439667207e-05, 'weight_decay': 0.002030616945233178, 'optimizer': 'AdamW', 'use_augmentation': False, 'use_scheduler': False}. Best is trial 11 with value: 1.0.

Trial 135 finished with F1 Score: 1.0000
[I 2025-11-18 09:13:28,076] Trial 136 pruned. 

Trial 136 finished with F1 Score: 0.2014
[I 2025-11-18 09:17:37,625] Trial 137 pruned. 

Trial 137 finished with F1 Score: 0.6362
[I 2025-11-18 09:21:31,810] Trial 138 pruned. 

Trial 138 finished with F1 Score: 0.5174
[I 2025-11-18 09:25:57,121] Trial 139 pruned. 

Trial 139 finished with F1 Score: 0.4566
[I 2025-11-18 09:35:51,588] Trial 140 finished with value: 1.0 and parameters: {'num_layers': 7, 'base_filters': 128, 'filter_growth': 'linear', 'kernel_size': 13, 'dropout': 0.295105455898241, 'reverse_dilation': False, 'batch_size': 8, 'learning_rate': 5.125984469856085e-05, 'weight_decay': 0.0004572195295687347, 'optimizer': 'AdamW', 'use_augmentation': False, 'use_scheduler': False}. Best is trial 11 with value: 1.0.

Trial 140 finished with F1 Score: 1.0000
[I 2025-11-18 09:46:57,575] Trial 141 finished with value: 1.0 and parameters: {'num_layers': 7, 'base_filters': 128, 'filter_growth': 'linear', 'kernel_size': 13, 'dropout': 0.25966664088939095, 'reverse_dilation': False, 'batch_size': 8, 'learning_rate': 2.4098605576005844e-05, 'weight_decay': 2.2660448509199323e-06, 'optimizer': 'AdamW', 'use_augmentation': False, 'use_scheduler': False}. Best is trial 11 with value: 1.0.

Trial 141 finished with F1 Score: 1.0000
[I 2025-11-18 09:52:36,664] Trial 142 pruned. 

Trial 142 finished with F1 Score: 0.9360
[I 2025-11-18 09:56:42,386] Trial 143 pruned. 

Trial 143 finished with F1 Score: 0.8037
[I 2025-11-18 10:07:24,719] Trial 144 finished with value: 1.0 and parameters: {'num_layers': 7, 'base_filters': 128, 'filter_growth': 'linear', 'kernel_size': 13, 'dropout': 0.2620660985676734, 'reverse_dilation': False, 'batch_size': 8, 'learning_rate': 2.9013053063461226e-05, 'weight_decay': 3.844470534051777e-06, 'optimizer': 'AdamW', 'use_augmentation': False, 'use_scheduler': False}. Best is trial 11 with value: 1.0.

Trial 144 finished with F1 Score: 1.0000
[I 2025-11-18 10:11:30,313] Trial 145 pruned. 

Trial 145 finished with F1 Score: 0.9032
[I 2025-11-18 10:18:29,725] Trial 146 pruned. 

Trial 146 finished with F1 Score: 0.9166
[I 2025-11-18 10:21:42,410] Trial 147 pruned. 

Trial 147 finished with F1 Score: 0.8549
[I 2025-11-18 10:24:18,353] Trial 148 pruned. 

Trial 148 finished with F1 Score: 0.8321
[I 2025-11-18 10:28:23,882] Trial 149 pruned. 

Trial 149 finished with F1 Score: 0.8290
[I 2025-11-18 10:29:19,582] Trial 150 pruned. 

Trial 150 finished with F1 Score: 0.0460
[I 2025-11-18 10:39:50,241] Trial 151 finished with value: 1.0 and parameters: {'num_layers': 7, 'base_filters': 128, 'filter_growth': 'linear', 'kernel_size': 13, 'dropout': 0.1967915837857089, 'reverse_dilation': False, 'batch_size': 8, 'learning_rate': 3.6593946991146206e-05, 'weight_decay': 4.583157229865603e-06, 'optimizer': 'AdamW', 'use_augmentation': False, 'use_scheduler': False}. Best is trial 11 with value: 1.0.

Trial 151 finished with F1 Score: 1.0000
[I 2025-11-18 10:50:57,199] Trial 152 finished with value: 1.0 and parameters: {'num_layers': 7, 'base_filters': 128, 'filter_growth': 'linear', 'kernel_size': 13, 'dropout': 0.182621189798475, 'reverse_dilation': False, 'batch_size': 8, 'learning_rate': 2.0342090281990362e-05, 'weight_decay': 2.4697669018593164e-06, 'optimizer': 'AdamW', 'use_augmentation': False, 'use_scheduler': False}. Best is trial 11 with value: 1.0.

Trial 152 finished with F1 Score: 1.0000
[I 2025-11-18 11:02:03,054] Trial 153 finished with value: 0.9961013645224172 and parameters: {'num_layers': 7, 'base_filters': 128, 'filter_growth': 'linear', 'kernel_size': 13, 'dropout': 0.2827944705533531, 'reverse_dilation': False, 'batch_size': 8, 'learning_rate': 2.7119753405875758e-05, 'weight_decay': 2.861087582746319e-06, 'optimizer': 'AdamW', 'use_augmentation': False, 'use_scheduler': False}. Best is trial 11 with value: 1.0.

Trial 153 finished with F1 Score: 0.9961
[I 2025-11-18 11:11:34,842] Trial 154 finished with value: 1.0 and parameters: {'num_layers': 7, 'base_filters': 128, 'filter_growth': 'linear', 'kernel_size': 13, 'dropout': 0.19102030926524188, 'reverse_dilation': False, 'batch_size': 8, 'learning_rate': 6.522370940952384e-05, 'weight_decay': 1.5560914510524943e-06, 'optimizer': 'AdamW', 'use_augmentation': False, 'use_scheduler': False}. Best is trial 11 with value: 1.0.

Trial 154 finished with F1 Score: 1.0000
[I 2025-11-18 11:12:48,691] Trial 155 pruned. 

Trial 155 finished with F1 Score: 0.8237
[I 2025-11-18 11:16:54,863] Trial 156 pruned. 

Trial 156 finished with F1 Score: 0.7678
[I 2025-11-18 11:17:23,045] Trial 157 pruned. 

Trial 157 finished with F1 Score: 0.2631
[I 2025-11-18 11:21:03,201] Trial 158 pruned. 

Trial 158 finished with F1 Score: 0.8594
[I 2025-11-18 11:21:24,782] Trial 159 pruned. 

Trial 159 finished with F1 Score: 0.8295
[I 2025-11-18 11:32:24,504] Trial 160 finished with value: 0.9922027290448343 and parameters: {'num_layers': 7, 'base_filters': 128, 'filter_growth': 'linear', 'kernel_size': 15, 'dropout': 0.2041789331766294, 'reverse_dilation': False, 'batch_size': 8, 'learning_rate': 2.384401467378615e-05, 'weight_decay': 7.480834712568806e-05, 'optimizer': 'AdamW', 'use_augmentation': False, 'use_scheduler': False}. Best is trial 11 with value: 1.0.

Trial 160 finished with F1 Score: 0.9922
[I 2025-11-18 11:36:30,007] Trial 161 pruned. 

Trial 161 finished with F1 Score: 0.8799
[I 2025-11-18 11:40:35,488] Trial 162 pruned. 

Trial 162 finished with F1 Score: 0.8152
[I 2025-11-18 11:53:49,682] Trial 163 finished with value: 1.0 and parameters: {'num_layers': 7, 'base_filters': 128, 'filter_growth': 'linear', 'kernel_size': 13, 'dropout': 0.2445474833253293, 'reverse_dilation': False, 'batch_size': 8, 'learning_rate': 2.7981255555182134e-05, 'weight_decay': 6.830590474480976e-06, 'optimizer': 'AdamW', 'use_augmentation': False, 'use_scheduler': False}. Best is trial 11 with value: 1.0.

Trial 163 finished with F1 Score: 1.0000
[I 2025-11-18 11:57:55,223] Trial 164 pruned. 

Trial 164 finished with F1 Score: 0.8091
[I 2025-11-18 12:08:37,506] Trial 165 finished with value: 1.0 and parameters: {'num_layers': 7, 'base_filters': 128, 'filter_growth': 'linear', 'kernel_size': 13, 'dropout': 0.23327053982788365, 'reverse_dilation': False, 'batch_size': 8, 'learning_rate': 4.2799526464941115e-05, 'weight_decay': 4.0834785890017314e-06, 'optimizer': 'AdamW', 'use_augmentation': False, 'use_scheduler': False}. Best is trial 11 with value: 1.0.

Trial 165 finished with F1 Score: 1.0000
[I 2025-11-18 12:12:46,944] Trial 166 pruned. 

Trial 166 finished with F1 Score: 0.2167
[I 2025-11-18 12:16:52,878] Trial 167 pruned. 

Trial 167 finished with F1 Score: 0.8799
[I 2025-11-18 12:19:10,616] Trial 168 pruned. 

Trial 168 finished with F1 Score: 0.0478
[I 2025-11-18 12:23:16,917] Trial 169 pruned. 

Trial 169 finished with F1 Score: 0.7454
[I 2025-11-18 12:25:01,913] Trial 170 pruned. 

Trial 170 finished with F1 Score: 0.3539
[I 2025-11-18 12:29:07,571] Trial 171 pruned. 

Trial 171 finished with F1 Score: 0.8799
[I 2025-11-18 12:34:00,085] Trial 172 pruned. 

Trial 172 finished with F1 Score: 0.9195
[I 2025-11-18 12:38:05,481] Trial 173 pruned. 

Trial 173 finished with F1 Score: 0.8873
[I 2025-11-18 12:42:11,451] Trial 174 pruned. 

Trial 174 finished with F1 Score: 0.8165
[I 2025-11-18 12:46:17,929] Trial 175 pruned. 

Trial 175 finished with F1 Score: 0.8324
[I 2025-11-18 12:49:00,226] Trial 176 pruned. 

Trial 176 finished with F1 Score: 0.7388
[I 2025-11-18 12:58:34,512] Trial 177 finished with value: 1.0 and parameters: {'num_layers': 7, 'base_filters': 128, 'filter_growth': 'linear', 'kernel_size': 13, 'dropout': 0.22650134901667682, 'reverse_dilation': False, 'batch_size': 8, 'learning_rate': 2.948457341884451e-05, 'weight_decay': 0.00018489142331678857, 'optimizer': 'AdamW', 'use_augmentation': False, 'use_scheduler': False}. Best is trial 11 with value: 1.0.

Trial 177 finished with F1 Score: 1.0000
[I 2025-11-18 13:08:28,973] Trial 178 finished with value: 1.0 and parameters: {'num_layers': 7, 'base_filters': 128, 'filter_growth': 'linear', 'kernel_size': 13, 'dropout': 0.26908354359192144, 'reverse_dilation': False, 'batch_size': 8, 'learning_rate': 5.061076379454026e-05, 'weight_decay': 0.0002511192220070212, 'optimizer': 'AdamW', 'use_augmentation': False, 'use_scheduler': False}. Best is trial 11 with value: 1.0.

Trial 178 finished with F1 Score: 1.0000
[I 2025-11-18 13:12:50,631] Trial 179 pruned. 

Trial 179 finished with F1 Score: 0.0807
[I 2025-11-18 13:13:55,755] Trial 180 pruned. 

Trial 180 finished with F1 Score: 0.2983
[I 2025-11-18 13:26:55,983] Trial 181 finished with value: 1.0 and parameters: {'num_layers': 7, 'base_filters': 128, 'filter_growth': 'linear', 'kernel_size': 13, 'dropout': 0.2923724378433518, 'reverse_dilation': False, 'batch_size': 8, 'learning_rate': 3.298854805397033e-05, 'weight_decay': 0.00020928963961643063, 'optimizer': 'AdamW', 'use_augmentation': False, 'use_scheduler': False}. Best is trial 11 with value: 1.0.

Trial 181 finished with F1 Score: 1.0000
[I 2025-11-18 13:31:00,889] Trial 182 pruned. 

Trial 182 finished with F1 Score: 0.8604
[I 2025-11-18 13:35:06,313] Trial 183 pruned. 

Trial 183 finished with F1 Score: 0.8289
[I 2025-11-18 13:48:40,839] Trial 184 finished with value: 1.0 and parameters: {'num_layers': 7, 'base_filters': 128, 'filter_growth': 'linear', 'kernel_size': 13, 'dropout': 0.28637314369312594, 'reverse_dilation': False, 'batch_size': 8, 'learning_rate': 3.573008428907892e-05, 'weight_decay': 0.00045183212191421244, 'optimizer': 'AdamW', 'use_augmentation': False, 'use_scheduler': False}. Best is trial 11 with value: 1.0.

Trial 184 finished with F1 Score: 1.0000
[I 2025-11-18 13:53:44,074] Trial 185 pruned. 

Trial 185 finished with F1 Score: 0.9297
[I 2025-11-18 13:57:48,565] Trial 186 pruned. 

Trial 186 finished with F1 Score: 0.6327
[I 2025-11-18 13:58:16,805] Trial 187 pruned. 

Trial 187 finished with F1 Score: 0.3437
[I 2025-11-18 14:02:11,370] Trial 188 pruned. 

Trial 188 finished with F1 Score: 0.6674
[I 2025-11-18 14:02:34,755] Trial 189 pruned. 

Trial 189 finished with F1 Score: 0.3447
[I 2025-11-18 14:07:01,268] Trial 190 pruned. 

Trial 190 finished with F1 Score: 0.9070
[I 2025-11-18 14:11:07,062] Trial 191 pruned. 

Trial 191 finished with F1 Score: 0.8048
[I 2025-11-18 14:15:13,396] Trial 192 pruned. 

Trial 192 finished with F1 Score: 0.9032
[I 2025-11-18 14:24:46,213] Trial 193 finished with value: 1.0 and parameters: {'num_layers': 7, 'base_filters': 128, 'filter_growth': 'linear', 'kernel_size': 13, 'dropout': 0.22719656623493303, 'reverse_dilation': False, 'batch_size': 8, 'learning_rate': 3.1158968534714305e-05, 'weight_decay': 0.002447539394495196, 'optimizer': 'AdamW', 'use_augmentation': False, 'use_scheduler': False}. Best is trial 11 with value: 1.0.

Trial 193 finished with F1 Score: 1.0000
[I 2025-11-18 14:28:51,780] Trial 194 pruned. 

Trial 194 finished with F1 Score: 0.8136
[I 2025-11-18 14:32:57,484] Trial 195 pruned. 

Trial 195 finished with F1 Score: 0.8282
[I 2025-11-18 14:37:03,417] Trial 196 pruned. 

Trial 196 finished with F1 Score: 0.9110
[I 2025-11-18 14:41:09,598] Trial 197 pruned. 

Trial 197 finished with F1 Score: 0.7330
[I 2025-11-18 14:45:15,143] Trial 198 pruned. 

Trial 198 finished with F1 Score: 0.8077
[I 2025-11-18 14:49:20,233] Trial 199 pruned. 

Trial 199 finished with F1 Score: 0.9110

================================================================================
OPTIMIZATION COMPLETE
================================================================================

Number of finished trials: 200

--------------------------------------------------------------------------------
BEST TRIAL
--------------------------------------------------------------------------------
  Trial number: 11
  Macro F1 Score: 1.0000

  Best Hyperparameters:
    num_layers: 7
    base_filters: 128
    filter_growth: linear
    kernel_size: 13
    dropout: 0.1991194578395904
    reverse_dilation: False
    batch_size: 8
    learning_rate: 5.30273463951994e-05
    weight_decay: 1.5396967697445294e-05
    optimizer: AdamW
    use_augmentation: False
    use_scheduler: False

  Statistics:
    Complete trials: 77
    Pruned trials: 123

--------------------------------------------------------------------------------
TOP 10 TRIALS
--------------------------------------------------------------------------------
1. Trial 11: F1 = 1.0000
2. Trial 13: F1 = 1.0000
3. Trial 23: F1 = 1.0000
4. Trial 24: F1 = 1.0000
5. Trial 25: F1 = 1.0000
6. Trial 31: F1 = 1.0000
7. Trial 33: F1 = 1.0000
8. Trial 42: F1 = 1.0000
9. Trial 51: F1 = 1.0000
10. Trial 52: F1 = 1.0000

--------------------------------------------------------------------------------
HYPERPARAMETER IMPORTANCE
--------------------------------------------------------------------------------
  kernel_size: 0.3824
  num_layers: 0.3625
  optimizer: 0.1057
  base_filters: 0.0522
  batch_size: 0.0283
  dropout: 0.0210
  learning_rate: 0.0177
  use_augmentation: 0.0113
  reverse_dilation: 0.0068
  use_scheduler: 0.0063
  filter_growth: 0.0032
  weight_decay: 0.0027

================================================================================
RESULTS SAVED TO DATABASE
================================================================================
Database location: optuna_tcn_study.db
Study name: tcn_shark_classification

To visualize results, use Optuna Dashboard:
  pip install optuna-dashboard
  optuna-dashboard sqlite:///optuna_tcn_study.db
================================================================================

Best hyperparameters also saved to: best_hyperparameters.json
Job finished at: Tue 18 Nov 2025 02:49:21 PM EST
